Bond s-vectors:
[  9.98529915e-01   5.42034069e-02  -2.72721638e-07]
[ -9.98529915e-01  -5.42034069e-02   2.72721638e-07]
[ 0.  0.  0.]
[ -3.41810175e-01   9.39768909e-01  -4.50017750e-04]
[  3.41810175e-01  -9.39768909e-01   4.50017750e-04]
[ 0.  0.  0.]
[-0.35526773 -0.46090983  0.81323242]
[ 0.35526773  0.46090983 -0.81323242]
[ 0.  0.  0.]
[-0.35522836 -0.46164323 -0.81283352]
[ 0.35522836  0.46164323  0.81283352]
[ 0.  0.  0.]
[  3.53184719e-01  -9.35553609e-01  -8.42003585e-06]
[ -3.53184719e-01   9.35553609e-01   8.42003585e-06]
[ 0.  0.  0.]
Angle s-vectors:
[ -4.58198613e-01  -1.66654713e-01   6.67182687e-05]
[  4.37948695e-01   5.39696746e-01  -2.42441648e-04]
[  2.02499182e-02  -3.73042033e-01   1.75723380e-04]
[ 0. -0.  0.]
[-0.45274974  0.06333766 -0.16189027]
[ 0.46240255 -0.24115929  0.49030577]
[-0.00965282  0.17782163 -0.3284155 ]
[ 0.  0. -0.]
[-0.45275758  0.06348366  0.16181115]
[ 0.46242629 -0.24160147 -0.49006565]
[-0.00966872  0.1781178   0.32825449]
[ 0.  0.  0.]
[  5.16889431e-01   1.95133070e-01   1.31543050e-06]
[ -4.96639510e-01  -5.68175144e-01  -4.58283291e-06]
[ -2.02499204e-02   3.73042074e-01   3.26740241e-06]
[ 0.  0.  0.]
Torsion s-vectors:
[-0.0249796   0.46017306  0.24989638]
[ 0.03230224 -0.59507343 -0.94587639]
[-0.00730978  0.13466106  0.18646222]
[ -1.28515362e-05   2.39313368e-04   5.09517788e-01]
[-0.  0.  0.]
[ 0.02496749 -0.45994745  0.25031259]
[-0.03225516  0.59419671 -0.94641435]
[ 0.00730052 -0.13448858  0.18658397]
[ -1.28515362e-05   2.39313368e-04   5.09517788e-01]
[-0.  0.  0.]
[ -4.32562830e-07   5.05266540e-06  -5.79547880e-01]
[  3.38024661e-06  -5.93296158e-05   5.84515596e-01]
[ -1.57992200e-05   2.93590319e-04   5.04550073e-01]
[  1.28515362e-05  -2.39313368e-04  -5.09517788e-01]
[-0.  0.  0.]
