Initial Geometric Internal Coordinate Values:
['1' '2'] R1 = 1.8130525861320914
['2' '3'] R2 = 1.8130525861320914
['1' '2' '3'] A1 = 103.58217001794341
Final Geometric Internal Coordinate Values:
['1' '2'] R1 = 1.8130525861320914
['2' '3'] R2 = 1.8130525861320914
['1' '2' '3'] A1 = 103.58217001794341
Final - Initial Geometric Internal Coordinate Values:
R1 = 0.0
R2 = 0.0
A1 = 0.0
proj singular values:
[1.53208488 1.494938   0.88182498]
             frequency #:        1       2       3
--------------------------------------------------
               frequency:      0.0     0.0     0.0
--------------------------------------------------
          H1   O2   STRE:     31.5    50.0    18.5
          O2   H3   STRE:     31.5    50.0    18.5
     H1   O2   H3   BEND:     37.1    -0.0    62.9

Normal Coordinate Values:
Normal Coordinate #1   : -0.93281
Normal Coordinate #2   :  0.00000
Normal Coordinate #3   : -2.99541
Length of regex list 1
regex! CCSDT_DZ\s*=\s+(\-\d+\.\d+)
Multiple energy regex module
Idk what this var is, but only works for single points
If something looks wrong with the final frequencies, check these energies!
(Job number 1 == Reference energy) :D
this is the energy regex re.compile('CCSDT_DZ\\s*=\\s+(\\-\\d+\\.\\d+)')
Reference energy: -76.24116665
-76.24105475
-76.24124172
-76.24102546
-76.2412136
-76.24099662
-76.24122411
-76.24113795
-76.24113795
-76.24109983
-76.24114026
-76.24112897
-76.24116853
Relative energies plus-displacements on the diagonal and plus/plus-displacements on the off-diagonal elements
[[-1.12e-04 -1.41e-04 -1.70e-04]
 [ 0.00e+00 -2.87e-05 -6.68e-05]
 [ 0.00e+00  0.00e+00 -3.77e-05]]
Relative energies minus-displacements on the diagonal and minus/minus-displacements on the off-diagonal elements
[[ 7.51e-05  4.69e-05  5.75e-05]
 [ 0.00e+00 -2.87e-05 -2.64e-05]
 [ 0.00e+00  0.00e+00  1.88e-06]]
-76.24116853
hella reap objs
[<concordantmodes.reap.Reap object at 0x7f4844347bb0>]
what regex are we using? lmao
re.compile('CCSDT_DZ\\s*=\\s+(\\-\\d+\\.\\d+)')
This is iteration 0
p and m
[[-76.24 -76.24 -76.24]
 [  0.   -76.24 -76.24]
 [  0.     0.   -76.24]]
[[-76.24 -76.24 -76.24]
 [  0.   -76.24 -76.24]
 [  0.     0.   -76.24]]
Computed Force Constants:
[[3.68e-01 5.00e-05 2.00e-01]
 [5.00e-05 5.74e-01 5.00e-05]
 [2.00e-01 5.00e-05 3.58e-01]]
Initial fc list! [array([[3.68e-01, 5.00e-05, 2.00e-01],
       [5.00e-05, 5.74e-01, 5.00e-05],
       [2.00e-01, 5.00e-05, 3.58e-01]])]
TED proj.T
[[-0.56 -0.56  0.61]
 [ 0.71 -0.71  0.  ]
 [-0.43 -0.43 -0.79]]
[[ 5.16e-04  2.98e-19  9.65e-05]
 [ 2.98e-19  5.87e-04 -1.08e-19]
 [ 9.65e-05 -1.36e-19  4.11e-04]]
gonna use these force constants!
[[3.68e-01 5.00e-05 2.00e-01]
 [5.00e-05 5.74e-01 5.00e-05]
 [2.00e-01 5.00e-05 3.58e-01]]
This be the TED
<concordantmodes.ted.TED object at 0x7f48442fb070>
Initial Frequencies:
[[ 5.16e-04  2.98e-19  9.65e-05]
 [ 2.98e-19  5.87e-04 -1.08e-19]
 [ 9.65e-05 -1.36e-19  4.11e-04]]
[[3.68e-01 5.00e-05 2.00e-01]
 [5.00e-05 5.74e-01 5.00e-05]
 [2.00e-01 5.00e-05 3.58e-01]]
1e-14
1e-14
<concordantmodes.zmat.Zmat object at 0x7f4844347f70>
<concordantmodes.ted.TED object at 0x7f48442fb070>
init
/home/vulcan/nlk36701/github/concordantmodes/gf_method.py:77: ComplexWarning: Casting complex values to real discards the imaginary part
  self.freq = self.freq.astype(float)
frequency #  1:    1684.26
frequency #  2:    3907.68
frequency #  3:    4027.52
////////////////////////////////////////////
//    Total Energy Distribution (TED)     //
////////////////////////////////////////////
             frequency #:        1       2       3
--------------------------------------------------
               frequency:   1684.3  3907.7  4027.5
--------------------------------------------------
               Mode #  1      41.7    58.3     0.0
               Mode #  2       0.0     0.0   100.0
               Mode #  3      58.3    41.7     0.0

These are the forces used! [[3.68e-01 5.00e-05 2.00e-01]
 [5.00e-05 5.74e-01 5.00e-05]
 [2.00e-01 5.00e-05 3.58e-01]]
TED Frequencies:
[[1. 0. 0.]
 [0. 1. 0.]
 [0. 0. 1.]]
[[5.89e-05 0.00e+00 0.00e+00]
 [0.00e+00 3.17e-04 0.00e+00]
 [0.00e+00 0.00e+00 3.37e-04]]
1e-14
1e-14
<concordantmodes.zmat.Zmat object at 0x7f4844347f70>
<concordantmodes.ted.TED object at 0x7f48442fb070>
False
frequency #  1:    1684.26
frequency #  2:    3907.68
frequency #  3:    4027.52
////////////////////////////////////////////
//    Total Energy Distribution (TED)     //
////////////////////////////////////////////
             frequency #:        1       2       3
--------------------------------------------------
               frequency:   1684.3  3907.7  4027.5
--------------------------------------------------
               Mode #  1     100.0     0.0     0.0
               Mode #  2       0.0   100.0     0.0
               Mode #  3       0.0     0.0   100.0

3
[[0, 0], [1, 1], [2, 2]]
proj singular values:
[1.53 1.49 0.88]
Normal Coordinate Values:
Normal Coordinate #1   : -1.78651
Normal Coordinate #2   : -2.70961
Normal Coordinate #3   :  0.00568
/home/vulcan/nlk36701/github/concordantmodes/Example/1_H2O/molpro/CMA1/og
printing disp list
['7', '1', '5', '3', '4', '6', '2']
3
Multiple energy regex module
Idk what this var is, but only works for single points
If something looks wrong with the final frequencies, check these energies!
(Job number 1 == Reference energy) :D
this is the energy regex re.compile('\\(T\\) total energy\\s+(\\-\\d+\\.\\d+)')
Reference energy: -76.332216518906
-76.332208405448
-76.332208453356
-76.332189154425
-76.332189631032
-76.332188975552
-76.332188972703
Relative energies plus-displacements on the diagonal and plus/plus-displacements on the off-diagonal elements
[[-8.11e-06  0.00e+00  0.00e+00]
 [ 0.00e+00 -2.74e-05  0.00e+00]
 [ 0.00e+00  0.00e+00 -2.75e-05]]
Relative energies minus-displacements on the diagonal and minus/minus-displacements on the off-diagonal elements
[[-8.07e-06  0.00e+00  0.00e+00]
 [ 0.00e+00 -2.69e-05  0.00e+00]
 [ 0.00e+00  0.00e+00 -2.75e-05]]
-76.332188972703
Computed Force Constants:
[[0.16 0.   0.  ]
 [0.   0.54 0.  ]
 [0.   0.   0.55]]
Final Frequencies:
[[ 3.57e-04 -4.82e-12 -2.40e-09]
 [-4.82e-12  5.65e-04  0.00e+00]
 [-2.40e-09  0.00e+00  5.87e-04]]
[[0.16 0.   0.  ]
 [0.   0.54 0.  ]
 [0.   0.   0.55]]
1e-14
1e-14
<concordantmodes.zmat.Zmat object at 0x7f4844347f70>
<concordantmodes.ted.TED object at 0x7f48442fb070>
False
/home/vulcan/nlk36701/github/concordantmodes/gf_method.py:77: ComplexWarning: Casting complex values to real discards the imaginary part
  self.freq = self.freq.astype(float)
frequency #  1:    1668.91
frequency #  2:    3841.00
frequency #  3:    3945.63
////////////////////////////////////////////
//    Total Energy Distribution (TED)     //
////////////////////////////////////////////
             frequency #:        1       2       3
--------------------------------------------------
               frequency:   1668.9  3841.0  3945.6
--------------------------------------------------
               Mode #  1     100.0     0.0     0.0
               Mode #  2       0.0   100.0    -0.0
               Mode #  3       0.0    -0.0   100.0

////////////////////////////////////////////
//                Final TED               //
////////////////////////////////////////////
             frequency #:        1       2       3
--------------------------------------------------
               frequency:   1668.9  3841.0  3945.6
--------------------------------------------------
          H1   O2   STRE:      0.0    50.2    49.8
          O2   H3   STRE:      0.0    49.8    50.2
     H1   O2   H3   BEND:     99.9     0.1     0.0

Final ZPVE in: 4727.77 (cm^-1)  13.52 (kcal mol^-1)   0.02 (hartrees) 
Frequency Shift (cm^-1): 
[-15.34 -66.67 -81.89]
This program took 23.119858980178833 seconds to run.
