Initial Geometric Internal Coordinate Values:
R1 = 1.81305258613
R2 = 1.81305258613
A1 = 103.582170018
Final Geometric Internal Coordinate Values:
R1 = 1.81305258613
R2 = 1.81305258613
A1 = 103.582170018
Final - Initial Geometric Internal Coordinate Values:
R1 = 0.0
R2 = 0.0
A1 = 0.0
Proj singular values:
[ 1.53208488  1.494938    0.88182498]
Giraffe NewG
[[  5.78617728e-04  -8.05432907e-06  -1.83877709e-05]
 [ -8.05432907e-06   5.78617728e-04  -1.83877709e-05]
 [ -1.83877709e-05  -1.83877709e-05   3.56947708e-04]]
G diff:
[[ 0.  0.  0.]
 [ 0.  0.  0.]
 [ 0.  0.  0.]]
Initial Frequencies:
/home/vulcan/mel64643/bin/ConcordantModes/GF_Method.py:46: ComplexWarning: Casting complex values to real discards the imaginary part
  self.Freq = self.Freq.astype(float)
Frequency #  1:    1657.94
Frequency #  2:    3907.43
Frequency #  3:    4021.15
////////////////////////////////////////////
//    Total Energy Distribution (TED)     //
////////////////////////////////////////////
             Frequency #:        1       2       3
--------------------------------------------------
               Frequency:   1657.9  3907.4  4021.2
--------------------------------------------------
               Mode #  1      41.4    58.6     0.0
               Mode #  2       0.0     0.0   100.0
               Mode #  3      58.6    41.4     0.0

TED Frequencies:
Frequency #  1:    1657.94
Frequency #  2:    3907.43
Frequency #  3:    4021.15
////////////////////////////////////////////
//    Total Energy Distribution (TED)     //
////////////////////////////////////////////
             Frequency #:        1       2       3
--------------------------------------------------
               Frequency:   1657.9  3907.4  4021.2
--------------------------------------------------
               Mode #  1     100.0     0.0     0.0
               Mode #  2       0.0   100.0     0.0
               Mode #  3       0.0     0.0   100.0

[[0, 0], [1, 1], [2, 2]]
Proj singular values:
[ 1.53208488  1.494938    0.88182498]
Normal Coordinate Values:
Normal Coordinate #1   : -1.792
Normal Coordinate #2   : -2.704
Normal Coordinate #3   :  0.000
If something looks wrong with the final frequencies, check                 these energies!
(Job number 1 == Reference energy) :D
Reference energy: -76.332216518896
-76.332208401451
-76.332208449592
-76.332189170353
-76.332189646734
-76.332188974115
-76.332188974115
Relative energies plus-displacements on the diagonal and plus/plus-displacements on the off-diagonal elements
[[ -8.12e-06   0.00e+00   0.00e+00]
 [  0.00e+00  -2.73e-05   0.00e+00]
 [  0.00e+00   0.00e+00  -2.75e-05]]
Relative energies minus-displacements on the diagonal and minus/minus-displacements on the off-diagonal elements
[[ -8.07e-06   0.00e+00   0.00e+00]
 [  0.00e+00  -2.69e-05   0.00e+00]
 [  0.00e+00   0.00e+00  -2.75e-05]]
Computed Force Constants:
[[ 0.16  0.    0.  ]
 [ 0.    0.54  0.  ]
 [ 0.    0.    0.55]]
Giraffe NewG
[[  5.79e-04  -8.05e-06  -1.84e-05]
 [ -8.05e-06   5.79e-04  -1.84e-05]
 [ -1.84e-05  -1.84e-05   3.57e-04]]
G diff:
[[ 0.  0.  0.]
 [ 0.  0.  0.]
 [ 0.  0.  0.]]
Final Frequencies:
Frequency #  1:    1669.02
Frequency #  2:    3840.96
Frequency #  3:    3945.63
////////////////////////////////////////////
//    Total Energy Distribution (TED)     //
////////////////////////////////////////////
             Frequency #:        1       2       3
--------------------------------------------------
               Frequency:   1669.0  3841.0  3945.6
--------------------------------------------------
               Mode #  1     100.0     0.0     0.0
               Mode #  2       0.0   100.0     0.0
               Mode #  3       0.0     0.0   100.0

////////////////////////////////////////////
//                Final TED               //
////////////////////////////////////////////
             Frequency #:        1       2       3
--------------------------------------------------
               Frequency:   1669.0  3841.0  3945.6
--------------------------------------------------
          H1   O2   STRE:      0.0    50.0    50.0
          O2   H3   STRE:      0.0    50.0    50.0
     H1   O2   H3   BEND:    100.0     0.0    -0.0

Final ZPVE in: 4727.80 (cm^-1)  13.52 (kcal mol^-1)   0.02 (hartrees) 
This program took 0.47923922538757324 seconds to run.
