imported
Initial Geometric Internal Coordinate Values:
['1' '2'] R1 = 2.6850204000588764
['1' '3'] R2 = 2.057640702627679
['1' '4'] R3 = 2.0687291478825043
['1' '5'] R4 = 2.0687291478825043
['2' '6'] R5 = 1.8130884705999437
['1' '2' '6'] A1 = 107.41164279809662
['3' '1' '2'] A2 = 106.87640534961089
['4' '1' '2'] A3 = 112.28221732269789
['5' '1' '2'] A4 = 112.28221732269789
['4' '1' '5'] A5 = 108.7853924788795
['3' '1' '4'] A6 = 108.22391036951532
['3' '1' '5'] A7 = 108.22391036951532
['3' '1' '2' '6'] D1 = 180.0
['4' '1' '2' '6'] D2 = 61.47833070966819
['5' '1' '2' '6'] D3 = -61.47833070966819
Final Geometric Internal Coordinate Values:
['1' '2'] R1 = 2.6850204000588764
['1' '3'] R2 = 2.057640702627679
['1' '4'] R3 = 2.0687291478825043
['1' '5'] R4 = 2.0687291478825043
['2' '6'] R5 = 1.8130884705999437
['1' '2' '6'] A1 = 107.41164279809662
['3' '1' '2'] A2 = 106.87640534961089
['4' '1' '2'] A3 = 112.28221732269789
['5' '1' '2'] A4 = 112.28221732269789
['4' '1' '5'] A5 = 108.7853924788795
['3' '1' '4'] A6 = 108.22391036951532
['3' '1' '5'] A7 = 108.22391036951532
['3' '1' '2' '6'] D1 = 180.0
['4' '1' '2' '6'] D2 = 61.47833070966819
['5' '1' '2' '6'] D3 = -61.47833070966819
Final - Initial Geometric Internal Coordinate Values:
R1 = 0.0
R2 = 0.0
R3 = 0.0
R4 = 0.0
R5 = 0.0
A1 = 0.0
A2 = 0.0
A3 = 0.0
A4 = 0.0
A5 = 0.0
A6 = 0.0
A7 = 0.0
D1 = 0.0
D2 = 0.0
D3 = 0.0
sym_sort: 
[[0, 1, 2, 4, 5, 6, 7, 9], [3, 8, 10, 11]]
Flattened sym_sort: 
[ 0  1  2  4  5  6  7  9  3  8 10 11]
