Initial Geometric Internal Coordinate Values:
['1' '2'] R1 = 2.685006407296404
['1' '3'] R2 = 2.0576342503795035
['1' '4'] R3 = 2.068739344106188
['1' '5'] R4 = 2.068739340043222
['2' '6'] R5 = 1.8130883453288267
['2' '1' '3'] A1 = 106.8765896566676
['2' '1' '4'] A2 = 112.2824413394013
['2' '1' '5'] A3 = 112.28244150454864
['1' '2' '6'] A4 = 107.41157765289944
['3' '1' '4'] A5 = 108.22376477570377
['3' '1' '5'] A6 = 108.22360552816234
['4' '1' '5'] A7 = 108.7851835780631
['3' '1' '2' '4'] D1 = 118.52173511656402
['3' '1' '2' '5'] D2 = 241.47845920882804
['3' '1' '2' '6'] D3 = 180.00238877004378
['2' '1' '3' '4'] D4 = 238.86567605079512
['2' '1' '3' '5'] D5 = 121.13423603241759
['4' '1' '2' '5'] D6 = 122.95672409226401
['4' '1' '2' '6'] D7 = 61.480653653479756
['2' '1' '4' '3'] D8 = 117.72454659558532
['2' '1' '4' '5'] D9 = 235.0957257626882
['5' '1' '2' '6'] D10 = -61.47607043878426
['2' '1' '5' '3'] D11 = 242.27555458128558
['2' '1' '5' '4'] D12 = 124.90427414032057
['4' '1' '3' '5'] D13 = 242.26855998162245
['3' '1' '4' '5'] D14 = 117.37117916710294
['3' '1' '5' '4'] D15 = 242.628719559035
Final Geometric Internal Coordinate Values:
['1' '2'] R1 = 2.685006407296404
['1' '3'] R2 = 2.0576342503795035
['1' '4'] R3 = 2.068739344106188
['1' '5'] R4 = 2.068739340043222
['2' '6'] R5 = 1.8130883453288267
['2' '1' '3'] A1 = 106.8765896566676
['2' '1' '4'] A2 = 112.2824413394013
['2' '1' '5'] A3 = 112.28244150454864
['1' '2' '6'] A4 = 107.41157765289944
['3' '1' '4'] A5 = 108.22376477570377
['3' '1' '5'] A6 = 108.22360552816234
['4' '1' '5'] A7 = 108.7851835780631
['3' '1' '2' '4'] D1 = 118.52173511656402
['3' '1' '2' '5'] D2 = 241.47845920882804
['3' '1' '2' '6'] D3 = 180.00238877004378
['2' '1' '3' '4'] D4 = 238.86567605079512
['2' '1' '3' '5'] D5 = 121.13423603241759
['4' '1' '2' '5'] D6 = 122.95672409226401
['4' '1' '2' '6'] D7 = 61.480653653479756
['2' '1' '4' '3'] D8 = 117.72454659558532
['2' '1' '4' '5'] D9 = 235.0957257626882
['5' '1' '2' '6'] D10 = -61.47607043878426
['2' '1' '5' '3'] D11 = 242.27555458128558
['2' '1' '5' '4'] D12 = 124.90427414032057
['4' '1' '3' '5'] D13 = 242.26855998162245
['3' '1' '4' '5'] D14 = 117.37117916710294
['3' '1' '5' '4'] D15 = 242.628719559035
Final - Initial Geometric Internal Coordinate Values:
R1 = 0.0
R2 = 0.0
R3 = 0.0
R4 = 0.0
R5 = 0.0
A1 = 0.0
A2 = 0.0
A3 = 0.0
A4 = 0.0
A5 = 0.0
A6 = 0.0
A7 = 0.0
D1 = 0.0
D2 = 0.0
D3 = 0.0
D4 = 0.0
D5 = 0.0
D6 = 0.0
D7 = 0.0
D8 = 0.0
D9 = 0.0
D10 = 0.0
D11 = 0.0
D12 = 0.0
D13 = 0.0
D14 = 0.0
D15 = 0.0
proj singular values:
[3.32269728e+00 3.16533301e+00 3.16466293e+00 1.66780251e+00
 1.51162858e+00 1.24707190e+00 1.12938924e+00 1.12124053e+00
 1.02951171e+00 8.98047608e-01 8.81964121e-01 5.75300063e-01
 6.65567166e-16 4.88693190e-16 3.48014123e-16 2.54287957e-16
 1.91759978e-16 1.11543671e-16]
             frequency #:        1       2       3       4       5       6       7       8       9      10      11      12
--------------------------------------------------------------------------------------------------------------------------
               frequency:      0.0     0.0     0.0     0.0     0.0     0.0     0.0     0.0     0.0     0.0     0.0     0.0
--------------------------------------------------------------------------------------------------------------------------
          C1   O2   STRE:      0.4     9.1     0.0     0.0     2.5    52.6    -0.0     1.4     0.3     0.0     6.5    27.1
          C1   H3   STRE:      8.3     0.0     0.0     0.0     3.1     0.6    -0.0    53.6    21.9    -0.0    12.1     0.3
          C1   H4   STRE:      0.9     2.1     6.1     2.1     0.8     0.2    34.1     9.2    35.8     7.8     0.5     0.4
          C1   H5   STRE:      0.9     2.2     6.0     2.1     0.8     0.2    34.1     9.2    35.8     7.8     0.5     0.4
          O2   H6   STRE:      0.7     0.0    -0.0     0.0    76.8     0.5    -0.0     0.0     0.7     0.0    18.8     2.6
     O2   C1   H3   BEND:      1.6     4.5     0.0     0.0     3.0     0.3     0.0     2.0     0.4    -0.0    15.4     0.8
     O2   C1   H4   BEND:      1.6     1.9     3.0     1.2     0.5     1.0     1.7     0.4     0.0    13.4     3.2     0.6
     O2   C1   H5   BEND:      1.6     1.8     3.0     1.2     0.5     1.0     1.7     0.4     0.0    13.4     3.3     0.6
     C1   O2   H6   BEND:      1.9     0.3     0.0    -0.0     2.4    30.6     0.0     0.0     1.9    -0.0     0.4    62.3
     H3   C1   H4   BEND:      2.5     1.6     4.3     1.9     0.8     0.0     5.3     1.7     0.2     5.1     2.1     0.0
     H3   C1   H5   BEND:      2.5     1.7     4.2     1.9     0.8     0.0     5.3     1.7     0.2     5.1     2.1     0.0
     H4   C1   H5   BEND:      2.7     5.6     0.0     0.0     2.0     3.4     0.0     5.6     0.0    -0.0     6.5     0.7
H3   C1   O2   H4   TORS:      4.1     0.3    12.3     1.2     0.2     0.2     4.3     1.1     0.0     0.5     0.1     0.0
H3   C1   O2   H5   TORS:      4.1     0.3    12.3     1.2     0.2     0.2     4.3     1.1     0.0     0.5     0.1     0.0
H3   C1   O2   H6   TORS:     -0.0     0.0     1.5    35.9     0.0    -0.0     1.5     0.0    -0.0     2.5     0.0    -0.0
O2   C1   H3   H4   TORS:      0.0     4.5    10.2     0.3     0.1     1.0     0.1     0.5     0.1     9.6     0.5     0.2
O2   C1   H3   H5   TORS:      0.0     4.4    10.3     0.3     0.1     1.0     0.1     0.5     0.1     9.6     0.5     0.2
H4   C1   O2   H5   TORS:     16.5     1.2     0.0     0.0     0.6     0.8     0.0     4.6     0.0    -0.0     0.4     0.0
H4   C1   O2   H6   TORS:      4.1     0.3     5.3    24.2     0.2     0.2     0.7     1.1     0.0     5.1     0.1     0.0
O2   C1   H4   H3   TORS:      3.4     6.7     5.4     0.1     1.3     0.0     0.5     0.3     0.4     0.5     8.1     0.3
O2   C1   H4   H5   TORS:     13.7     0.9     1.0     0.4     0.1     0.4     0.6     0.2     0.0     4.6     2.9     0.9
H5   C1   O2   H6   TORS:      4.1     0.3     5.3    24.2     0.2     0.2     0.7     1.1     0.0     5.1     0.1     0.0
O2   C1   H5   H3   TORS:      3.4     6.6     5.5     0.1     1.3     0.0     0.5     0.3     0.4     0.5     8.1     0.3
O2   C1   H5   H4   TORS:     13.7     0.9     1.0     0.4     0.1     0.4     0.6     0.2     0.0     4.6     2.9     0.9
H4   C1   H3   H5   TORS:      0.1    17.7     0.0    -0.0     0.5     4.0    -0.0     1.9     0.3     0.0     2.1     0.9
H3   C1   H4   H5   TORS:      3.5    12.5     1.7     0.8     0.6     0.5     2.1     0.9     0.6     2.1     1.3     0.2
H3   C1   H5   H4   TORS:      3.5    12.5     1.7     0.8     0.6     0.5     2.1     0.9     0.6     2.1     1.3     0.2

Normal Coordinate Values:
Normal Coordinate #1   :  0.43046
Normal Coordinate #2   :  0.17261
Normal Coordinate #3   : -0.37896
Normal Coordinate #4   :  1.88346
Normal Coordinate #5   :  0.82865
Normal Coordinate #6   :  0.36609
Normal Coordinate #7   :  0.38741
Normal Coordinate #8   :  0.23083
Normal Coordinate #9   :  3.17017
Normal Coordinate #10  :  0.49628
Normal Coordinate #11  :  1.76226
Normal Coordinate #12  : -3.59168
proj singular values:
[3.32992881e+00 3.16163915e+00 3.16032316e+00 1.66614294e+00
 1.51157046e+00 1.24669894e+00 1.12954939e+00 1.12112606e+00
 1.02952786e+00 8.98049830e-01 8.82021490e-01 5.75231352e-01
 5.61312285e-16 3.42109882e-16 2.64795224e-16 2.37280454e-16
 1.95777812e-16 1.42950605e-16]
proj singular values:
[3.31547561e+00 3.16903334e+00 3.16900973e+00 1.66946778e+00
 1.51168784e+00 1.24744534e+00 1.12923066e+00 1.12135538e+00
 1.02949551e+00 8.98048190e-01 8.81906984e-01 5.75368210e-01
 4.52876706e-16 3.21805771e-16 2.56379511e-16 2.37643981e-16
 1.61358950e-16 1.10796665e-16]
proj singular values:
[3.32252801e+00 3.17151420e+00 3.16033736e+00 1.66737613e+00
 1.51173313e+00 1.24714836e+00 1.12944910e+00 1.12122951e+00
 1.02931957e+00 8.98103849e-01 8.81990287e-01 5.75339910e-01
 9.05357672e-16 6.20508676e-16 4.14287350e-16 2.46982460e-16
 2.09103766e-16 1.96453687e-16]
proj singular values:
[3.32304263e+00 3.16900149e+00 3.15900168e+00 1.66823080e+00
 1.51152343e+00 1.24699371e+00 1.12933012e+00 1.12125196e+00
 1.02970362e+00 8.97996087e-01 8.81940723e-01 5.75260136e-01
 3.60760491e-16 3.28359733e-16 3.03458051e-16 2.12163448e-16
 1.89708279e-16 1.39987543e-16]
proj singular values:
[3.32282944e+00 3.16993662e+00 3.15994594e+00 1.66780507e+00
 1.51162890e+00 1.24707159e+00 1.12938988e+00 1.12124013e+00
 1.02951225e+00 8.98048900e-01 8.81961939e-01 5.75300515e-01
 4.45458595e-16 3.97402687e-16 3.16332324e-16 1.82311054e-16
 1.43227522e-16 7.14041129e-17]
proj singular values:
[3.32282826e+00 3.16994733e+00 3.15994472e+00 1.66780305e+00
 1.51162942e+00 1.24707200e+00 1.12939019e+00 1.12124007e+00
 1.02951130e+00 8.98049152e-01 8.81962071e-01 5.75300721e-01
 3.79542682e-16 2.89944141e-16 2.46783684e-16 1.89552381e-16
 1.78915758e-16 1.46099158e-16]
proj singular values:
[3.32270154e+00 3.16609201e+00 3.16391098e+00 1.66780234e+00
 1.51162969e+00 1.24707301e+00 1.12938884e+00 1.12124065e+00
 1.02951198e+00 8.98047410e-01 8.81964601e-01 5.75299774e-01
 4.72310199e-16 3.81746703e-16 2.97124629e-16 1.88443910e-16
 1.26102333e-16 8.99641097e-17]
proj singular values:
[3.32270147e+00 3.16608886e+00 3.16391419e+00 1.66780240e+00
 1.51162967e+00 1.24707300e+00 1.12938884e+00 1.12124065e+00
 1.02951198e+00 8.98047425e-01 8.81964588e-01 5.75299781e-01
 4.41087219e-16 3.78473251e-16 3.45007128e-16 2.00671126e-16
 1.88832060e-16 1.21958007e-16]
proj singular values:
[3.32239356e+00 3.16602635e+00 3.16496582e+00 1.66173420e+00
 1.51155210e+00 1.24531724e+00 1.12942092e+00 1.12114663e+00
 1.02942909e+00 8.97677687e-01 8.82119078e-01 5.73657239e-01
 4.36159581e-16 3.85071974e-16 2.83665696e-16 2.52679582e-16
 1.81038313e-16 1.64083850e-16]
proj singular values:
[3.32301078e+00 3.16464670e+00 3.16437738e+00 1.67394522e+00
 1.51170632e+00 1.24885457e+00 1.12935737e+00 1.12133410e+00
 1.02959452e+00 8.98414249e-01 8.81810500e-01 5.76948443e-01
 3.43496327e-16 2.52917052e-16 1.96698105e-16 1.90123883e-16
 1.82387083e-16 1.37058789e-16]
proj singular values:
[3.32138174e+00 3.16450251e+00 3.16336803e+00 1.66420441e+00
 1.51091473e+00 1.24677649e+00 1.12951290e+00 1.12139070e+00
 1.02951910e+00 8.98312454e-01 8.82228306e-01 5.74927068e-01
 4.38100343e-16 3.72881237e-16 2.75516850e-16 2.50345175e-16
 1.16237691e-16 1.09636593e-16]
proj singular values:
[3.32403185e+00 3.16616408e+00 3.16599926e+00 1.67144976e+00
 1.51234930e+00 1.24737003e+00 1.12926602e+00 1.12109019e+00
 1.02950413e+00 8.97785885e-01 8.81692889e-01 5.75676277e-01
 5.49890865e-16 4.75974537e-16 3.14893063e-16 2.09496619e-16
 1.43777049e-16 1.28998452e-16]
proj singular values:
[3.32276145e+00 3.16591321e+00 3.16407659e+00 1.66780177e+00
 1.51162933e+00 1.24707498e+00 1.12943442e+00 1.12120123e+00
 1.02951142e+00 8.98110257e-01 8.81904849e-01 5.75299345e-01
 4.63478248e-16 3.17395794e-16 2.37727921e-16 2.12239760e-16
 1.40756348e-16 1.05675376e-16]
proj singular values:
[3.32276154e+00 3.16591622e+00 3.16407343e+00 1.66780171e+00
 1.51162934e+00 1.24707497e+00 1.12943436e+00 1.12120129e+00
 1.02951142e+00 8.98110471e-01 8.81904664e-01 5.75299304e-01
 5.11932933e-16 3.60900960e-16 2.59761676e-16 2.18511082e-16
 1.74298930e-16 1.23832970e-16]
proj singular values:
[3.32057669e+00 3.16573500e+00 3.16565073e+00 1.66850474e+00
 1.51157256e+00 1.24676753e+00 1.12993194e+00 1.12096899e+00
 1.02955587e+00 8.96835841e-01 8.83266072e-01 5.75287683e-01
 5.21542481e-16 3.47127669e-16 3.12339119e-16 3.06299856e-16
 1.81915920e-16 1.04624404e-16]
proj singular values:
[3.32483212e+00 3.16505602e+00 3.16365284e+00 1.66709972e+00
 1.51168482e+00 1.24738034e+00 1.12885502e+00 1.12151654e+00
 1.02946793e+00 8.99262845e-01 8.80664194e-01 5.75312213e-01
 4.00193889e-16 3.48058736e-16 3.29435795e-16 2.42160513e-16
 1.80611649e-16 1.34993701e-16]
proj singular values:
[3.31618035e+00 3.15929062e+00 3.15880711e+00 1.66673272e+00
 1.51122144e+00 1.24664917e+00 1.12844253e+00 1.12036150e+00
 1.02938469e+00 8.96473671e-01 8.80839255e-01 5.75148334e-01
 5.92278550e-16 4.30187107e-16 3.50026832e-16 2.25935643e-16
 1.48681332e-16 1.46053793e-16]
proj singular values:
[3.32925603e+00 3.17141063e+00 3.17055012e+00 1.66888117e+00
 1.51203963e+00 1.24750151e+00 1.13034237e+00 1.12211930e+00
 1.02963898e+00 8.99627001e-01 8.83088929e-01 5.75452405e-01
 5.91431064e-16 4.97859921e-16 4.28517787e-16 2.99984950e-16
 1.99356700e-16 9.85360166e-17]
proj singular values:
[3.32273261e+00 3.16535861e+00 3.16465553e+00 1.66780186e+00
 1.51162876e+00 1.24707475e+00 1.12938838e+00 1.12124203e+00
 1.02951238e+00 8.98051951e-01 8.81962304e-01 5.75300174e-01
 4.34400009e-16 3.45043346e-16 3.24989131e-16 2.37364225e-16
 2.33525461e-16 1.52832801e-16]
proj singular values:
[3.32273258e+00 3.16535809e+00 3.16465612e+00 1.66780184e+00
 1.51162881e+00 1.24707479e+00 1.12938835e+00 1.12124205e+00
 1.02951238e+00 8.98051935e-01 8.81962321e-01 5.75300183e-01
 5.64537390e-16 4.78450141e-16 3.09885949e-16 2.37970320e-16
 2.09362502e-16 1.53530228e-16]
proj singular values:
[3.32072375e+00 3.16375334e+00 3.16316644e+00 1.66340792e+00
 1.51146009e+00 1.24633990e+00 1.12915184e+00 1.12131158e+00
 1.02939360e+00 8.97564231e-01 8.81715693e-01 5.74514345e-01
 4.45232762e-16 4.15299069e-16 2.86537094e-16 2.11746852e-16
 1.77617100e-16 1.53875740e-16]
proj singular values:
[3.32470004e+00 3.16693424e+00 3.16620281e+00 1.67222123e+00
 1.51179986e+00 1.24781142e+00 1.12962907e+00 1.12117082e+00
 1.02963051e+00 8.98533734e-01 8.82214484e-01 5.76086121e-01
 4.63569501e-16 3.48912367e-16 3.05921499e-16 2.47613363e-16
 1.45308701e-16 1.01942436e-16]
proj singular values:
[3.32363814e+00 3.16717388e+00 3.16547383e+00 1.66354161e+00
 1.51142886e+00 1.24719079e+00 1.12946685e+00 1.12132110e+00
 1.02940260e+00 8.98601819e-01 8.82810770e-01 5.75050508e-01
 5.00882582e-16 4.05885775e-16 3.65101088e-16 3.07110231e-16
 2.39289704e-16 1.81167102e-16]
proj singular values:
[3.32176076e+00 3.16389146e+00 3.16349502e+00 1.67214730e+00
 1.51185560e+00 1.24691773e+00 1.12931196e+00 1.12116168e+00
 1.02962044e+00 8.97501404e-01 8.81113005e-01 5.75556773e-01
 5.09995494e-16 2.93110537e-16 2.63357075e-16 2.26112961e-16
 1.77774366e-16 1.36457041e-16]
Computed Force Constants:
[[ 6.33302201e-02  3.68677818e-03 -1.07317452e-05  3.91774201e-07
   2.37247863e-02 -5.40391422e-03 -1.06654357e-07 -8.69212915e-02
   6.54150216e-03 -3.01971189e-07  3.87784423e-02  2.58724947e-02]
 [ 3.68662754e-03  5.18060614e-02  2.16665125e-05 -5.32153942e-05
  -1.15388196e-02  5.05145102e-02  2.14133423e-04 -1.36223835e-02
  -4.19222522e-02  7.12495323e-05  2.13341091e-02 -3.24733948e-02]
 [-8.89976060e-06  2.14209449e-05  6.04202299e-02 -2.14976152e-02
   2.97254322e-05 -1.25056330e-04  8.62084236e-02  3.26786074e-05
   1.03993833e-04  2.87953220e-02 -5.15458890e-05  8.12139589e-05]
 [ 7.79194221e-07 -5.31226782e-05 -2.14975160e-02  2.46591529e-02
   1.01126725e-06 -6.73357370e-09 -4.18356465e-02 -7.74711445e-07
  -6.23226027e-08 -4.65980516e-02 -5.93366387e-08  2.17682226e-07]
 [ 2.37313497e-02 -1.15373956e-02  4.67244698e-05  1.40600105e-06
   4.54858864e-01 -5.72496548e-02 -4.06139194e-06  3.96935440e-02
  -3.46759687e-02 -1.07253387e-06  1.38196967e-01 -2.17451333e-02]
 [-5.40535170e-03  5.05185342e-02 -1.26401177e-04 -5.07994101e-08
  -5.72478030e-02  2.32660422e-01 -8.00464667e-08  3.00745739e-02
   8.04123966e-03  1.01400780e-07  1.34257574e-02 -6.73626458e-02]
 [-1.29128895e-06  2.13703924e-04  8.62124600e-02 -4.18385416e-02
  -1.18435998e-06 -2.14486974e-07  2.56759886e-01  2.08938428e-07
  -4.00990971e-07  7.49047921e-02  4.15154136e-07  4.79911793e-07]
 [-8.69265424e-02 -1.36224642e-02  4.16796160e-05  4.35461372e-07
   3.96978365e-02  3.00739981e-02 -2.28957131e-06  2.80735258e-01
   3.05810608e-03 -5.76535878e-07 -6.54050086e-02 -2.13269856e-02]
 [ 6.54034969e-03 -4.19253988e-02  9.64502384e-05 -8.71382432e-07
  -3.46685030e-02  8.03810286e-03  1.79232326e-06  3.06808250e-03
   3.40691832e-01  1.08313006e-06  1.39152580e-02 -2.62186881e-02]
 [-5.94569390e-07  7.15999190e-05  2.87955638e-02 -4.65981851e-02
   1.18511312e-06  7.58778304e-07  7.49000738e-02  1.00639833e-06
  -1.37649060e-08  1.14141443e-01  6.79126561e-07 -5.29433811e-07]
 [ 3.87793418e-02  2.13339888e-02 -4.86100428e-05 -5.01830991e-07
   1.38170474e-01  1.34204567e-02  4.34093587e-07 -6.53990654e-02
   1.39154040e-02  1.10775444e-07  2.27791280e-01 -9.23945662e-02]
 [ 2.58731269e-02 -3.24750498e-02  7.91820689e-05  4.71923265e-07
  -2.17317286e-02 -6.73568699e-02 -2.77872939e-08 -2.13286149e-02
  -2.62181695e-02 -1.13695344e-07 -9.23948569e-02  2.87452008e-01]]
Initial Frequencies:
/home/vulcan/mel64643/packages/concordantmodes/gf_method.py:67: ComplexWarning: Casting complex values to real discards the imaginary part
  self.freq = self.freq.astype(float)
frequency #  1:     340.63
frequency #  2:    1065.91
frequency #  3:    1102.67
frequency #  4:    1190.25
frequency #  5:    1411.43
frequency #  6:    1516.49
frequency #  7:    1537.23
frequency #  8:    1550.12
frequency #  9:    3051.95
frequency # 10:    3102.30
frequency # 11:    3176.82
frequency # 12:    3880.74
////////////////////////////////////////////
//    Total Energy Distribution (TED)     //
////////////////////////////////////////////
             frequency #:        1       2       3       4       5       6       7       8       9      10      11      12
--------------------------------------------------------------------------------------------------------------------------
               frequency:    340.6  1065.9  1102.7  1190.2  1411.4  1516.5  1537.2  1550.1  3051.9  3102.3  3176.8  3880.7
--------------------------------------------------------------------------------------------------------------------------
               Mode #  1       0.0    10.0     8.6    -0.0    35.1    15.6     0.0    13.7     0.4     0.0    15.6     0.8
               Mode #  2       0.0     6.4    13.6     0.0     3.1    60.3     0.0    11.4     5.0     0.0     0.3     0.0
               Mode #  3       2.6     0.0     0.0    49.0     0.0     0.0    30.8     0.0     0.0    17.7     0.0     0.0
               Mode #  4      82.7    -0.0    -0.0     2.6     0.0     0.0    10.8     0.0     0.0     3.9     0.0     0.0
               Mode #  5       0.0     1.8    -0.5     0.0     5.3     2.0     0.0     9.6     0.4     0.0     3.2    78.2
               Mode #  6      -0.0    60.1     0.7     0.0    12.0     8.7     0.0    16.9     0.7     0.0     0.2     0.7
               Mode #  7       0.1     0.0    -0.0    -1.1     0.0     0.0    34.6     0.0    -0.0    66.5     0.0     0.0
               Mode #  8       0.0    -0.5     1.1     0.0     0.6     3.9     0.0    25.6     4.3     0.0    64.9     0.0
               Mode #  9       0.0     0.8     0.1     0.0     2.3     3.4    -0.0    -0.0    88.0     0.0     4.6     0.8
               Mode # 10      14.6     0.0     0.0    49.5     0.0     0.0    23.8     0.0     0.0    12.0     0.0     0.0
               Mode # 11       0.0    29.1     6.1     0.0    10.2     3.7     0.0    22.7     0.1     0.0    11.1    17.0
               Mode # 12      -0.0    -7.8    70.3     0.0    31.3     2.4     0.0     0.1     1.1     0.0     0.0     2.5

TED Frequencies:
frequency #  1:     340.63
frequency #  2:    1065.90
frequency #  3:    1102.68
frequency #  4:    1190.26
frequency #  5:    1411.38
frequency #  6:    1516.50
frequency #  7:    1537.24
frequency #  8:    1550.11
frequency #  9:    3051.93
frequency # 10:    3102.29
frequency # 11:    3176.82
frequency # 12:    3880.77
////////////////////////////////////////////
//    Total Energy Distribution (TED)     //
////////////////////////////////////////////
             frequency #:        1       2       3       4       5       6       7       8       9      10      11      12
--------------------------------------------------------------------------------------------------------------------------
               frequency:    340.6  1065.9  1102.7  1190.3  1411.4  1516.5  1537.2  1550.1  3051.9  3102.3  3176.8  3880.8
--------------------------------------------------------------------------------------------------------------------------
               Mode #  1     100.0     0.0     0.0     0.0     0.0     0.0     0.0     0.0     0.0     0.0     0.0     0.0
               Mode #  2       0.0   100.0     0.0     0.0     0.0     0.0     0.0     0.0     0.0     0.0     0.0     0.0
               Mode #  3       0.0     0.0   100.0     0.0     0.0     0.0     0.0     0.0     0.0     0.0     0.0     0.0
               Mode #  4       0.0     0.0     0.0   100.0     0.0     0.0     0.0     0.0     0.0     0.0     0.0     0.0
               Mode #  5       0.0     0.0     0.0     0.0   100.0     0.0     0.0     0.0     0.0     0.0     0.0     0.0
               Mode #  6       0.0     0.0     0.0     0.0     0.0   100.0     0.0     0.0     0.0     0.0     0.0     0.0
               Mode #  7       0.0     0.0     0.0     0.0     0.0     0.0   100.0     0.0     0.0     0.0     0.0     0.0
               Mode #  8       0.0     0.0     0.0     0.0     0.0     0.0     0.0   100.0     0.0     0.0     0.0     0.0
               Mode #  9       0.0     0.0     0.0     0.0     0.0     0.0     0.0     0.0   100.0     0.0     0.0     0.0
               Mode # 10       0.0     0.0     0.0     0.0     0.0     0.0     0.0     0.0     0.0   100.0     0.0     0.0
               Mode # 11       0.0     0.0     0.0     0.0     0.0     0.0     0.0     0.0     0.0     0.0   100.0     0.0
               Mode # 12       0.0     0.0     0.0     0.0     0.0     0.0     0.0     0.0     0.0     0.0     0.0   100.0

12
[[0, 0], [1, 1], [2, 2], [3, 3], [4, 4], [5, 5], [6, 6], [7, 7], [8, 8], [9, 9], [10, 10], [11, 11]]
proj singular values:
[3.32269728e+00 3.16533301e+00 3.16466293e+00 1.66780251e+00
 1.51162858e+00 1.24707190e+00 1.12938924e+00 1.12124053e+00
 1.02951171e+00 8.98047608e-01 8.81964121e-01 5.75300063e-01
 6.65567166e-16 4.88693190e-16 3.48014123e-16 2.54287957e-16
 1.91759978e-16 1.11543671e-16]
Normal Coordinate Values:
Normal Coordinate #1   : -1.83467
Normal Coordinate #2   :  2.23655
Normal Coordinate #3   : -3.23790
Normal Coordinate #4   :  0.15142
Normal Coordinate #5   :  2.33204
Normal Coordinate #6   : -0.84736
Normal Coordinate #7   :  0.66138
Normal Coordinate #8   :  0.60687
Normal Coordinate #9   : -3.53843
Normal Coordinate #10  :  0.01322
Normal Coordinate #11  :  1.17971
Normal Coordinate #12  : -1.76575
/home/vulcan/mel64643/packages/concordantmodes/Example/2_Methanol/psi4/CMA1/gradients
printing disp list
['15', '7', '11', '10', '1', '24', '19', '22', '8', '13', '16', '20', '17', '9', '14', '18', '5', '3', '4', '6', '25', '2', '23', '21', '12']
12
If something looks wrong with the final frequencies, check these energies!
(Job number 1 == Reference energy) :D
/home/vulcan/mel64643/packages/concordantmodes/Example/2_Methanol/psi4/CMA1/gradients/Disps
this is the energy regex re.compile('Giraffe The Energy is\\s+(\\-\\d+\\.\\d+)')
Reference energy: -115.55078658415
-115.550786455059
-115.550786451404
-115.55077457354
-115.550774404639
-115.550777075223
-115.550777133708
-115.550783484113
-115.550783484964
-115.550778559923
-115.550778540721
-115.550784847852
-115.55078484218
-115.550783775499
-115.550783777885
-115.550783325889
-115.550783324661
-115.550769674184
-115.550769897672
-115.550770423972
-115.550770423305
-115.550769749702
-115.550769464452
-115.550759420799
-115.550760064099
Relative energies plus-displacements on the diagonal and plus/plus-displacements on the off-diagonal elements
[[-1.29e-07  0.00e+00  0.00e+00  0.00e+00  0.00e+00  0.00e+00  0.00e+00  0.00e+00  0.00e+00  0.00e+00  0.00e+00
   0.00e+00]
 [ 0.00e+00 -1.20e-05  0.00e+00  0.00e+00  0.00e+00  0.00e+00  0.00e+00  0.00e+00  0.00e+00  0.00e+00  0.00e+00
   0.00e+00]
 [ 0.00e+00  0.00e+00 -9.51e-06  0.00e+00  0.00e+00  0.00e+00  0.00e+00  0.00e+00  0.00e+00  0.00e+00  0.00e+00
   0.00e+00]
 [ 0.00e+00  0.00e+00  0.00e+00 -3.10e-06  0.00e+00  0.00e+00  0.00e+00  0.00e+00  0.00e+00  0.00e+00  0.00e+00
   0.00e+00]
 [ 0.00e+00  0.00e+00  0.00e+00  0.00e+00 -8.02e-06  0.00e+00  0.00e+00  0.00e+00  0.00e+00  0.00e+00  0.00e+00
   0.00e+00]
 [ 0.00e+00  0.00e+00  0.00e+00  0.00e+00  0.00e+00 -1.74e-06  0.00e+00  0.00e+00  0.00e+00  0.00e+00  0.00e+00
   0.00e+00]
 [ 0.00e+00  0.00e+00  0.00e+00  0.00e+00  0.00e+00  0.00e+00 -2.81e-06  0.00e+00  0.00e+00  0.00e+00  0.00e+00
   0.00e+00]
 [ 0.00e+00  0.00e+00  0.00e+00  0.00e+00  0.00e+00  0.00e+00  0.00e+00 -3.26e-06  0.00e+00  0.00e+00  0.00e+00
   0.00e+00]
 [ 0.00e+00  0.00e+00  0.00e+00  0.00e+00  0.00e+00  0.00e+00  0.00e+00  0.00e+00 -1.69e-05  0.00e+00  0.00e+00
   0.00e+00]
 [ 0.00e+00  0.00e+00  0.00e+00  0.00e+00  0.00e+00  0.00e+00  0.00e+00  0.00e+00  0.00e+00 -1.62e-05  0.00e+00
   0.00e+00]
 [ 0.00e+00  0.00e+00  0.00e+00  0.00e+00  0.00e+00  0.00e+00  0.00e+00  0.00e+00  0.00e+00  0.00e+00 -1.68e-05
   0.00e+00]
 [ 0.00e+00  0.00e+00  0.00e+00  0.00e+00  0.00e+00  0.00e+00  0.00e+00  0.00e+00  0.00e+00  0.00e+00  0.00e+00
  -2.72e-05]]
Relative energies minus-displacements on the diagonal and minus/minus-displacements on the off-diagonal elements
[[-1.33e-07  0.00e+00  0.00e+00  0.00e+00  0.00e+00  0.00e+00  0.00e+00  0.00e+00  0.00e+00  0.00e+00  0.00e+00
   0.00e+00]
 [ 0.00e+00 -1.22e-05  0.00e+00  0.00e+00  0.00e+00  0.00e+00  0.00e+00  0.00e+00  0.00e+00  0.00e+00  0.00e+00
   0.00e+00]
 [ 0.00e+00  0.00e+00 -9.45e-06  0.00e+00  0.00e+00  0.00e+00  0.00e+00  0.00e+00  0.00e+00  0.00e+00  0.00e+00
   0.00e+00]
 [ 0.00e+00  0.00e+00  0.00e+00 -3.10e-06  0.00e+00  0.00e+00  0.00e+00  0.00e+00  0.00e+00  0.00e+00  0.00e+00
   0.00e+00]
 [ 0.00e+00  0.00e+00  0.00e+00  0.00e+00 -8.04e-06  0.00e+00  0.00e+00  0.00e+00  0.00e+00  0.00e+00  0.00e+00
   0.00e+00]
 [ 0.00e+00  0.00e+00  0.00e+00  0.00e+00  0.00e+00 -1.74e-06  0.00e+00  0.00e+00  0.00e+00  0.00e+00  0.00e+00
   0.00e+00]
 [ 0.00e+00  0.00e+00  0.00e+00  0.00e+00  0.00e+00  0.00e+00 -2.81e-06  0.00e+00  0.00e+00  0.00e+00  0.00e+00
   0.00e+00]
 [ 0.00e+00  0.00e+00  0.00e+00  0.00e+00  0.00e+00  0.00e+00  0.00e+00 -3.26e-06  0.00e+00  0.00e+00  0.00e+00
   0.00e+00]
 [ 0.00e+00  0.00e+00  0.00e+00  0.00e+00  0.00e+00  0.00e+00  0.00e+00  0.00e+00 -1.67e-05  0.00e+00  0.00e+00
   0.00e+00]
 [ 0.00e+00  0.00e+00  0.00e+00  0.00e+00  0.00e+00  0.00e+00  0.00e+00  0.00e+00  0.00e+00 -1.62e-05  0.00e+00
   0.00e+00]
 [ 0.00e+00  0.00e+00  0.00e+00  0.00e+00  0.00e+00  0.00e+00  0.00e+00  0.00e+00  0.00e+00  0.00e+00 -1.71e-05
   0.00e+00]
 [ 0.00e+00  0.00e+00  0.00e+00  0.00e+00  0.00e+00  0.00e+00  0.00e+00  0.00e+00  0.00e+00  0.00e+00  0.00e+00
  -2.65e-05]]
-115.550760064099
Computed Force Constants:
[[0.   0.   0.   0.   0.   0.   0.   0.   0.   0.   0.   0.  ]
 [0.   0.24 0.   0.   0.   0.   0.   0.   0.   0.   0.   0.  ]
 [0.   0.   0.19 0.   0.   0.   0.   0.   0.   0.   0.   0.  ]
 [0.   0.   0.   0.06 0.   0.   0.   0.   0.   0.   0.   0.  ]
 [0.   0.   0.   0.   0.16 0.   0.   0.   0.   0.   0.   0.  ]
 [0.   0.   0.   0.   0.   0.03 0.   0.   0.   0.   0.   0.  ]
 [0.   0.   0.   0.   0.   0.   0.06 0.   0.   0.   0.   0.  ]
 [0.   0.   0.   0.   0.   0.   0.   0.07 0.   0.   0.   0.  ]
 [0.   0.   0.   0.   0.   0.   0.   0.   0.34 0.   0.   0.  ]
 [0.   0.   0.   0.   0.   0.   0.   0.   0.   0.32 0.   0.  ]
 [0.   0.   0.   0.   0.   0.   0.   0.   0.   0.   0.34 0.  ]
 [0.   0.   0.   0.   0.   0.   0.   0.   0.   0.   0.   0.54]]
Final Frequencies:
/home/vulcan/mel64643/packages/concordantmodes/gf_method.py:67: ComplexWarning: Casting complex values to real discards the imaginary part
  self.freq = self.freq.astype(float)
frequency #  1:     304.12
frequency #  2:    1066.52
frequency #  3:    1094.36
frequency #  4:    1179.86
frequency #  5:    1394.13
frequency #  6:    1487.66
frequency #  7:    1507.59
frequency #  8:    1523.06
frequency #  9:    3009.39
frequency # 10:    3064.52
frequency # 11:    3128.16
frequency # 12:    3865.16
////////////////////////////////////////////
//    Total Energy Distribution (TED)     //
////////////////////////////////////////////
             frequency #:        1       2       3       4       5       6       7       8       9      10      11      12
--------------------------------------------------------------------------------------------------------------------------
               frequency:    304.1  1066.5  1094.4  1179.9  1394.1  1487.7  1507.6  1523.1  3009.4  3064.5  3128.2  3865.2
--------------------------------------------------------------------------------------------------------------------------
               Mode #  1     100.0     0.0     0.0     0.0     0.0     0.0     0.0     0.0     0.0     0.0     0.0     0.0
               Mode #  2       0.0   100.0     0.0     0.0     0.0     0.0     0.0     0.0     0.0     0.0     0.0     0.0
               Mode #  3       0.0     0.0   100.0     0.0     0.0     0.0     0.0     0.0     0.0     0.0     0.0     0.0
               Mode #  4       0.0     0.0     0.0   100.0     0.0     0.0     0.0     0.0     0.0     0.0     0.0     0.0
               Mode #  5       0.0     0.0     0.0     0.0   100.0     0.0     0.0     0.0     0.0     0.0     0.0     0.0
               Mode #  6       0.0     0.0     0.0     0.0     0.0   100.0     0.0     0.0     0.0     0.0     0.0     0.0
               Mode #  7       0.0     0.0     0.0     0.0     0.0     0.0   100.0     0.0     0.0     0.0     0.0     0.0
               Mode #  8       0.0     0.0     0.0     0.0     0.0     0.0     0.0   100.0     0.0     0.0     0.0     0.0
               Mode #  9       0.0     0.0     0.0     0.0     0.0     0.0     0.0     0.0   100.0     0.0     0.0     0.0
               Mode # 10       0.0     0.0     0.0     0.0     0.0     0.0     0.0     0.0     0.0   100.0     0.0     0.0
               Mode # 11       0.0     0.0     0.0     0.0     0.0     0.0     0.0     0.0     0.0     0.0   100.0     0.0
               Mode # 12       0.0     0.0     0.0     0.0     0.0     0.0     0.0     0.0     0.0     0.0     0.0   100.0

////////////////////////////////////////////
//                Final TED               //
////////////////////////////////////////////
             frequency #:        1       2       3       4       5       6       7       8       9      10      11      12
--------------------------------------------------------------------------------------------------------------------------
               frequency:    304.1  1066.5  1094.4  1179.9  1394.1  1487.7  1507.6  1523.1  3009.4  3064.5  3128.2  3865.2
--------------------------------------------------------------------------------------------------------------------------
          C1   O2   STRE:      0.0    71.3    31.1     0.0    -0.2    -1.9     0.0    -0.0    -0.2     0.0     0.0     0.0
          C1   H3   STRE:     -0.0    -0.0     0.0    -0.0     0.1    -0.1    -0.0    -0.0     7.9     0.0    92.2     0.0
          C1   H4   STRE:     -0.0    -0.0    -0.0     0.1     0.0    -0.0    -0.1    -0.0    46.8    49.4     3.9     0.0
          C1   H5   STRE:     -0.0    -0.0    -0.0     0.1     0.0    -0.0    -0.1    -0.0    45.6    50.6     3.9     0.0
          O2   H6   STRE:      0.0     0.1     0.0     0.0    -0.1     0.0     0.0    -0.0     0.0     0.0     0.0   100.0
     O2   C1   H3   BEND:      0.0     3.3    10.1     0.0     6.4     5.4    -0.0     2.7     0.0     0.0     0.0    -0.0
     O2   C1   H4   BEND:     -0.0     0.8     2.4    16.5     1.0     1.9     2.7     3.2    -0.0     0.1     0.0    -0.0
     O2   C1   H5   BEND:     -0.0     0.9     2.2    16.6     1.0     2.0     2.6     3.2    -0.0     0.1     0.0    -0.0
     C1   O2   H6   BEND:     -0.0    13.1    20.7     0.0    65.2     0.0     0.0     0.9     0.0     0.0     0.1    -0.0
     H3   C1   H4   BEND:     -0.0    -0.3    -0.1    -1.2    -0.2     5.6    17.9     3.9     0.0    -0.0    -0.0    -0.0
     H3   C1   H5   BEND:     -0.0    -0.2    -0.1    -1.2    -0.2     5.7    17.8     3.9     0.0    -0.0    -0.0    -0.0
     H4   C1   H5   BEND:      0.0    -0.0    -1.1    -0.0    -0.8     0.4     0.0    28.1    -0.0     0.0    -0.0    -0.0
H3   C1   O2   H4   TORS:      0.0     0.2     0.5     2.3     0.7     0.4    16.0     4.2    -0.0    -0.1    -0.0    -0.0
H3   C1   O2   H5   TORS:      0.0     0.2     0.6     2.3     0.7     0.4    15.9     4.2    -0.0    -0.1    -0.0    -0.0
H3   C1   O2   H6   TORS:     34.0     0.0     0.0     0.8     0.0     0.0     6.7     0.0     0.0    -0.0     0.0    -0.0
O2   C1   H3   H4   TORS:     -0.0     0.0    -0.2    21.8    -0.1     2.9    -1.7     4.3    -0.0     0.1    -0.0    -0.0
O2   C1   H3   H5   TORS:     -0.0     0.0    -0.2    21.9    -0.1     2.9    -1.7     4.3    -0.0     0.1    -0.0    -0.0
H4   C1   O2   H5   TORS:     -0.0     0.8     2.2     0.0     2.8     1.5     0.0    16.8    -0.0     0.0    -0.1    -0.0
H4   C1   O2   H6   TORS:     33.0     0.2     0.5     0.4     0.7     0.4     2.0     4.2    -0.0    -0.0    -0.0    -0.0
O2   C1   H4   H3   TORS:      0.0     2.9     8.2     4.6     6.2     4.9     2.0    -1.7     0.0    -0.0     0.0    -0.0
O2   C1   H4   H5   TORS:     -0.0     2.6     7.5     5.7     5.1     5.2     0.9    -1.1     0.0     0.0     0.0    -0.0
H5   C1   O2   H6   TORS:     33.0     0.2     0.6     0.4     0.7     0.4     2.0     4.2    -0.0    -0.0    -0.0    -0.0
O2   C1   H5   H3   TORS:      0.0     2.7     8.4     4.5     6.3     4.8     1.9    -1.7     0.0    -0.0     0.0    -0.0
O2   C1   H5   H4   TORS:     -0.0     2.5     7.7     5.7     5.0     5.2     1.0    -1.1     0.0     0.0     0.0    -0.0
H4   C1   H3   H5   TORS:      0.0     0.0    -0.8    -0.0    -0.2    11.5     0.0    17.1    -0.0    -0.0    -0.0    -0.0
H3   C1   H4   H5   TORS:     -0.0    -0.5     0.0    -0.5    -0.1    20.5     7.1     0.2    -0.0    -0.0    -0.0    -0.0
H3   C1   H5   H4   TORS:     -0.0    -0.5     0.0    -0.5    -0.0    20.3     7.3     0.2    -0.0    -0.0    -0.0    -0.0

Final ZPVE in: 11312.27 (cm^-1)  32.34 (kcal mol^-1)   0.05 (hartrees) 
print_const has run
Frequency Shift (cm^-1): 
[-36.51   0.61  -8.31 -10.39 -17.3  -28.83 -29.64 -27.06 -42.56 -37.78 -48.67 -15.57]
This program took 1853.5954101085663 seconds to run.
