Initial Geometric Internal Coordinate Values:
('2', '3') R1 = 2.8533530412076242
('1', '2') R2 = 2.8533530412076242
('1', '3') R3 = 2.85335304
('1', '4') R4 = 2.0434802130820073
('1', '5') R5 = 2.0434802130820073
('2', '6') R6 = 2.0434802067107305
('2', '7') R7 = 2.0434802067107305
('3', '8') R8 = 2.0434802130820073
('3', '9') R9 = 2.0434802130820073
('4', '1', '5') A1 = 114.85960489847476
('6', '2', '7') A2 = 114.85960545777863
('8', '3', '9') A3 = 114.85960489847476
('4', '1', '2') A4 = 117.78853536753371
('4', '1', '3') A5 = 117.78853522239245
('5', '1', '2') A6 = 117.78853536753371
('5', '1', '3') A7 = 117.78853522239245
('6', '2', '1') A8 = 117.78853507064875
('6', '2', '3') A9 = 117.78853507064875
('7', '2', '1') A10 = 117.78853507064875
('7', '2', '3') A11 = 117.78853507064875
('8', '3', '1') A12 = 117.78853522239245
('8', '3', '2') A13 = 117.78853536753371
('9', '3', '1') A14 = 117.78853522239245
('9', '3', '2') A15 = 117.78853536753371
Final Geometric Internal Coordinate Values:
('2', '3') R1 = 2.8533530412076242
('1', '2') R2 = 2.8533530412076242
('1', '3') R3 = 2.85335304
('1', '4') R4 = 2.0434802130820073
('1', '5') R5 = 2.0434802130820073
('2', '6') R6 = 2.0434802067107305
('2', '7') R7 = 2.0434802067107305
('3', '8') R8 = 2.0434802130820073
('3', '9') R9 = 2.0434802130820073
('4', '1', '5') A1 = 114.85960489847476
('6', '2', '7') A2 = 114.85960545777863
('8', '3', '9') A3 = 114.85960489847476
('4', '1', '2') A4 = 117.78853536753371
('4', '1', '3') A5 = 117.78853522239245
('5', '1', '2') A6 = 117.78853536753371
('5', '1', '3') A7 = 117.78853522239245
('6', '2', '1') A8 = 117.78853507064875
('6', '2', '3') A9 = 117.78853507064875
('7', '2', '1') A10 = 117.78853507064875
('7', '2', '3') A11 = 117.78853507064875
('8', '3', '1') A12 = 117.78853522239245
('8', '3', '2') A13 = 117.78853536753371
('9', '3', '1') A14 = 117.78853522239245
('9', '3', '2') A15 = 117.78853536753371
Final - Initial Geometric Internal Coordinate Values:
R1 = 0.0
R2 = 0.0
R3 = 0.0
R4 = 0.0
R5 = 0.0
R6 = 0.0
R7 = 0.0
R8 = 0.0
R9 = 0.0
A1 = 0.0
A2 = 0.0
A3 = 0.0
A4 = 0.0
A5 = 0.0
A6 = 0.0
A7 = 0.0
A8 = 0.0
A9 = 0.0
A10 = 0.0
A11 = 0.0
A12 = 0.0
A13 = 0.0
A14 = 0.0
A15 = 0.0
The Internal Coordinates for MolSym [[[1, 2], 'R1'], [[0, 1], 'R2'], [[0, 2], 'R3'], [[0, 3], 'R4'], [[0, 4], 'R5'], [[1, 5], 'R6'], [[1, 6], 'R7'], [[2, 7], 'R8'], [[2, 8], 'R9'], [[3, 0, 4], 'A1'], [[5, 1, 6], 'A2'], [[7, 2, 8], 'A3'], [[3, 0, 1], 'A4'], [[3, 0, 2], 'A5'], [[4, 0, 1], 'A6'], [[4, 0, 2], 'A7'], [[5, 1, 0], 'A8'], [[5, 1, 2], 'A9'], [[6, 1, 0], 'A10'], [[6, 1, 2], 'A11'], [[7, 2, 0], 'A12'], [[7, 2, 1], 'A13'], [[8, 2, 0], 'A14'], [[8, 2, 1], 'A15']]
the ic [1, 2]
the ic [1, 2]
the ic [1, 2]
the ic [1, 2]
the ic [1, 2]
the ic [1, 2]
the ic [1, 2]
the ic [1, 2]
the ic [1, 2]
the ic [1, 2]
the ic [1, 2]
the ic [1, 2]
the ic [0, 1]
the ic [0, 1]
the ic [0, 1]
the ic [0, 1]
the ic [0, 1]
the ic [0, 1]
the ic [0, 1]
the ic [0, 1]
the ic [0, 1]
the ic [0, 1]
the ic [0, 1]
the ic [0, 1]
the ic [0, 2]
the ic [0, 2]
the ic [0, 2]
the ic [0, 2]
the ic [0, 2]
the ic [0, 2]
the ic [0, 2]
the ic [0, 2]
the ic [0, 2]
the ic [0, 2]
the ic [0, 2]
the ic [0, 2]
the ic [0, 3]
the ic [0, 3]
the ic [0, 3]
the ic [0, 3]
the ic [0, 3]
the ic [0, 3]
the ic [0, 3]
the ic [0, 3]
the ic [0, 3]
the ic [0, 3]
the ic [0, 3]
the ic [0, 3]
the ic [0, 4]
the ic [0, 4]
the ic [0, 4]
the ic [0, 4]
the ic [0, 4]
the ic [0, 4]
the ic [0, 4]
the ic [0, 4]
the ic [0, 4]
the ic [0, 4]
the ic [0, 4]
the ic [0, 4]
the ic [1, 5]
the ic [1, 5]
the ic [1, 5]
the ic [1, 5]
the ic [1, 5]
the ic [1, 5]
the ic [1, 5]
the ic [1, 5]
the ic [1, 5]
the ic [1, 5]
the ic [1, 5]
the ic [1, 5]
the ic [1, 6]
the ic [1, 6]
the ic [1, 6]
the ic [1, 6]
the ic [1, 6]
the ic [1, 6]
the ic [1, 6]
the ic [1, 6]
the ic [1, 6]
the ic [1, 6]
the ic [1, 6]
the ic [1, 6]
the ic [2, 7]
the ic [2, 7]
the ic [2, 7]
the ic [2, 7]
the ic [2, 7]
the ic [2, 7]
the ic [2, 7]
the ic [2, 7]
the ic [2, 7]
the ic [2, 7]
the ic [2, 7]
the ic [2, 7]
the ic [2, 8]
the ic [2, 8]
the ic [2, 8]
the ic [2, 8]
the ic [2, 8]
the ic [2, 8]
the ic [2, 8]
the ic [2, 8]
the ic [2, 8]
the ic [2, 8]
the ic [2, 8]
the ic [2, 8]
the ic [3, 0, 4]
this be and angle
mapped on
the ic [3, 0, 4]
this be and angle
mapped on
the ic [3, 0, 4]
this be and angle
mapped on
the ic [3, 0, 4]
this be and angle
reversed
the ic [3, 0, 4]
this be and angle
reversed
the ic [3, 0, 4]
this be and angle
reversed
the ic [3, 0, 4]
this be and angle
reversed
the ic [3, 0, 4]
this be and angle
reversed
the ic [3, 0, 4]
this be and angle
reversed
the ic [3, 0, 4]
this be and angle
mapped on
the ic [3, 0, 4]
this be and angle
mapped on
the ic [3, 0, 4]
this be and angle
mapped on
the ic [5, 1, 6]
this be and angle
mapped on
the ic [5, 1, 6]
this be and angle
mapped on
the ic [5, 1, 6]
this be and angle
mapped on
the ic [5, 1, 6]
this be and angle
reversed
the ic [5, 1, 6]
this be and angle
reversed
the ic [5, 1, 6]
this be and angle
reversed
the ic [5, 1, 6]
this be and angle
reversed
the ic [5, 1, 6]
this be and angle
reversed
the ic [5, 1, 6]
this be and angle
reversed
the ic [5, 1, 6]
this be and angle
mapped on
the ic [5, 1, 6]
this be and angle
mapped on
the ic [5, 1, 6]
this be and angle
mapped on
the ic [7, 2, 8]
this be and angle
mapped on
the ic [7, 2, 8]
this be and angle
mapped on
the ic [7, 2, 8]
this be and angle
mapped on
the ic [7, 2, 8]
this be and angle
reversed
the ic [7, 2, 8]
this be and angle
reversed
the ic [7, 2, 8]
this be and angle
reversed
the ic [7, 2, 8]
this be and angle
reversed
the ic [7, 2, 8]
this be and angle
reversed
the ic [7, 2, 8]
this be and angle
reversed
the ic [7, 2, 8]
this be and angle
mapped on
the ic [7, 2, 8]
this be and angle
mapped on
the ic [7, 2, 8]
this be and angle
mapped on
the ic [3, 0, 1]
this be and angle
mapped on
the ic [3, 0, 1]
this be and angle
mapped on
the ic [3, 0, 1]
this be and angle
mapped on
the ic [3, 0, 1]
this be and angle
mapped on
the ic [3, 0, 1]
this be and angle
mapped on
the ic [3, 0, 1]
this be and angle
mapped on
the ic [3, 0, 1]
this be and angle
mapped on
the ic [3, 0, 1]
this be and angle
mapped on
the ic [3, 0, 1]
this be and angle
mapped on
the ic [3, 0, 1]
this be and angle
mapped on
the ic [3, 0, 1]
this be and angle
mapped on
the ic [3, 0, 1]
this be and angle
mapped on
the ic [3, 0, 2]
this be and angle
mapped on
the ic [3, 0, 2]
this be and angle
mapped on
the ic [3, 0, 2]
this be and angle
mapped on
the ic [3, 0, 2]
this be and angle
mapped on
the ic [3, 0, 2]
this be and angle
mapped on
the ic [3, 0, 2]
this be and angle
mapped on
the ic [3, 0, 2]
this be and angle
mapped on
the ic [3, 0, 2]
this be and angle
mapped on
the ic [3, 0, 2]
this be and angle
mapped on
the ic [3, 0, 2]
this be and angle
mapped on
the ic [3, 0, 2]
this be and angle
mapped on
the ic [3, 0, 2]
this be and angle
mapped on
the ic [4, 0, 1]
this be and angle
mapped on
the ic [4, 0, 1]
this be and angle
mapped on
the ic [4, 0, 1]
this be and angle
mapped on
the ic [4, 0, 1]
this be and angle
mapped on
the ic [4, 0, 1]
this be and angle
mapped on
the ic [4, 0, 1]
this be and angle
mapped on
the ic [4, 0, 1]
this be and angle
mapped on
the ic [4, 0, 1]
this be and angle
mapped on
the ic [4, 0, 1]
this be and angle
mapped on
the ic [4, 0, 1]
this be and angle
mapped on
the ic [4, 0, 1]
this be and angle
mapped on
the ic [4, 0, 1]
this be and angle
mapped on
the ic [4, 0, 2]
this be and angle
mapped on
the ic [4, 0, 2]
this be and angle
mapped on
the ic [4, 0, 2]
this be and angle
mapped on
the ic [4, 0, 2]
this be and angle
mapped on
the ic [4, 0, 2]
this be and angle
mapped on
the ic [4, 0, 2]
this be and angle
mapped on
the ic [4, 0, 2]
this be and angle
mapped on
the ic [4, 0, 2]
this be and angle
mapped on
the ic [4, 0, 2]
this be and angle
mapped on
the ic [4, 0, 2]
this be and angle
mapped on
the ic [4, 0, 2]
this be and angle
mapped on
the ic [4, 0, 2]
this be and angle
mapped on
the ic [5, 1, 0]
this be and angle
mapped on
the ic [5, 1, 0]
this be and angle
mapped on
the ic [5, 1, 0]
this be and angle
mapped on
the ic [5, 1, 0]
this be and angle
mapped on
the ic [5, 1, 0]
this be and angle
mapped on
the ic [5, 1, 0]
this be and angle
mapped on
the ic [5, 1, 0]
this be and angle
mapped on
the ic [5, 1, 0]
this be and angle
mapped on
the ic [5, 1, 0]
this be and angle
mapped on
the ic [5, 1, 0]
this be and angle
mapped on
the ic [5, 1, 0]
this be and angle
mapped on
the ic [5, 1, 0]
this be and angle
mapped on
the ic [5, 1, 2]
this be and angle
mapped on
the ic [5, 1, 2]
this be and angle
mapped on
the ic [5, 1, 2]
this be and angle
mapped on
the ic [5, 1, 2]
this be and angle
mapped on
the ic [5, 1, 2]
this be and angle
mapped on
the ic [5, 1, 2]
this be and angle
mapped on
the ic [5, 1, 2]
this be and angle
mapped on
the ic [5, 1, 2]
this be and angle
mapped on
the ic [5, 1, 2]
this be and angle
mapped on
the ic [5, 1, 2]
this be and angle
mapped on
the ic [5, 1, 2]
this be and angle
mapped on
the ic [5, 1, 2]
this be and angle
mapped on
the ic [6, 1, 0]
this be and angle
mapped on
the ic [6, 1, 0]
this be and angle
mapped on
the ic [6, 1, 0]
this be and angle
mapped on
the ic [6, 1, 0]
this be and angle
mapped on
the ic [6, 1, 0]
this be and angle
mapped on
the ic [6, 1, 0]
this be and angle
mapped on
the ic [6, 1, 0]
this be and angle
mapped on
the ic [6, 1, 0]
this be and angle
mapped on
the ic [6, 1, 0]
this be and angle
mapped on
the ic [6, 1, 0]
this be and angle
mapped on
the ic [6, 1, 0]
this be and angle
mapped on
the ic [6, 1, 0]
this be and angle
mapped on
the ic [6, 1, 2]
this be and angle
mapped on
the ic [6, 1, 2]
this be and angle
mapped on
the ic [6, 1, 2]
this be and angle
mapped on
the ic [6, 1, 2]
this be and angle
mapped on
the ic [6, 1, 2]
this be and angle
mapped on
the ic [6, 1, 2]
this be and angle
mapped on
the ic [6, 1, 2]
this be and angle
mapped on
the ic [6, 1, 2]
this be and angle
mapped on
the ic [6, 1, 2]
this be and angle
mapped on
the ic [6, 1, 2]
this be and angle
mapped on
the ic [6, 1, 2]
this be and angle
mapped on
the ic [6, 1, 2]
this be and angle
mapped on
the ic [7, 2, 0]
this be and angle
mapped on
the ic [7, 2, 0]
this be and angle
mapped on
the ic [7, 2, 0]
this be and angle
mapped on
the ic [7, 2, 0]
this be and angle
mapped on
the ic [7, 2, 0]
this be and angle
mapped on
the ic [7, 2, 0]
this be and angle
mapped on
the ic [7, 2, 0]
this be and angle
mapped on
the ic [7, 2, 0]
this be and angle
mapped on
the ic [7, 2, 0]
this be and angle
mapped on
the ic [7, 2, 0]
this be and angle
mapped on
the ic [7, 2, 0]
this be and angle
mapped on
the ic [7, 2, 0]
this be and angle
mapped on
the ic [7, 2, 1]
this be and angle
mapped on
the ic [7, 2, 1]
this be and angle
mapped on
the ic [7, 2, 1]
this be and angle
mapped on
the ic [7, 2, 1]
this be and angle
mapped on
the ic [7, 2, 1]
this be and angle
mapped on
the ic [7, 2, 1]
this be and angle
mapped on
the ic [7, 2, 1]
this be and angle
mapped on
the ic [7, 2, 1]
this be and angle
mapped on
the ic [7, 2, 1]
this be and angle
mapped on
the ic [7, 2, 1]
this be and angle
mapped on
the ic [7, 2, 1]
this be and angle
mapped on
the ic [7, 2, 1]
this be and angle
mapped on
the ic [8, 2, 0]
this be and angle
mapped on
the ic [8, 2, 0]
this be and angle
mapped on
the ic [8, 2, 0]
this be and angle
mapped on
the ic [8, 2, 0]
this be and angle
mapped on
the ic [8, 2, 0]
this be and angle
mapped on
the ic [8, 2, 0]
this be and angle
mapped on
the ic [8, 2, 0]
this be and angle
mapped on
the ic [8, 2, 0]
this be and angle
mapped on
the ic [8, 2, 0]
this be and angle
mapped on
the ic [8, 2, 0]
this be and angle
mapped on
the ic [8, 2, 0]
this be and angle
mapped on
the ic [8, 2, 0]
this be and angle
mapped on
the ic [8, 2, 1]
this be and angle
mapped on
the ic [8, 2, 1]
this be and angle
mapped on
the ic [8, 2, 1]
this be and angle
mapped on
the ic [8, 2, 1]
this be and angle
mapped on
the ic [8, 2, 1]
this be and angle
mapped on
the ic [8, 2, 1]
this be and angle
mapped on
the ic [8, 2, 1]
this be and angle
mapped on
the ic [8, 2, 1]
this be and angle
mapped on
the ic [8, 2, 1]
this be and angle
mapped on
the ic [8, 2, 1]
this be and angle
mapped on
the ic [8, 2, 1]
this be and angle
mapped on
the ic [8, 2, 1]
this be and angle
mapped on
proj singular values:
[2.254 2.1   2.1   1.771 1.771 1.598 1.104 1.104 1.002 0.972 0.961 0.961 0.844 0.844 0.71  0.619 0.417 0.417 0.4   0.4   0.391 0.    0.    0.   ]
Project out redundent coordinates to make the nonredundant set
Symmetric singular value decomposition eigenvalues for irrep A_1' [2.25392811 0.97169535 0.70951821 0.        ]
Symmetric singular value decomposition eigenvalues for irrep A_2' [1.00202661]
Symmetric singular value decomposition eigenvalues for irrep E' [1.77094552 1.10403131 0.96142887 0.40000925 0.        ]
Symmetric singular value decomposition eigenvalues for irrep A_1'' [0.39113904]
Symmetric singular value decomposition eigenvalues for irrep A_2'' [1.59753549 0.61900144]
Symmetric singular value decomposition eigenvalues for irrep E'' [2.10012982 0.84397465 0.41660722]
The eigenvectors (check these for phase):
[[ 0.42590489 -0.06720012  0.38395638  0.          0.46165723  0.49490412 -0.04827117 -0.43933706  0.          0.          0.          0.          0.          0.        ]
 [ 0.42590489 -0.06720012  0.38395638  0.         -0.23082861 -0.24745206  0.02413558  0.21966853  0.          0.          0.          0.          0.          0.        ]
 [ 0.42590489 -0.06720012  0.38395638  0.         -0.23082861 -0.24745206  0.02413558  0.21966853  0.          0.          0.          0.          0.          0.        ]
 [-0.16481705 -0.35336431  0.12097797  0.          0.30924419 -0.18634593  0.44565761  0.06607463  0.          0.39565742  0.10060752  0.          0.          0.        ]
 [-0.16481705 -0.35336431  0.12097797  0.          0.30924419 -0.18634593  0.44565761  0.06607463  0.         -0.39565742 -0.10060752  0.          0.          0.        ]
 [-0.16481705 -0.35336431  0.12097797  0.         -0.15462209  0.09317296 -0.2228288  -0.03303732  0.          0.39565742  0.10060752 -0.3399307   0.36586469  0.02429295]
 [-0.16481705 -0.35336431  0.12097797  0.         -0.15462209  0.09317296 -0.2228288  -0.03303732  0.         -0.39565742 -0.10060752  0.3399307  -0.36586469 -0.02429295]
 [-0.16481705 -0.35336431  0.12097797  0.         -0.15462209  0.09317296 -0.2228288  -0.03303732  0.          0.39565742  0.10060752  0.3399307  -0.36586469 -0.02429295]
 [-0.16481705 -0.35336431  0.12097797  0.         -0.15462209  0.09317296 -0.2228288  -0.03303732  0.         -0.39565742 -0.10060752 -0.3399307   0.36586469  0.02429295]
 [ 0.24099968 -0.21692918 -0.30529669  0.         -0.419706    0.23819828  0.4030152  -0.08214754  0.          0.          0.          0.          0.          0.        ]
 [ 0.24099968 -0.21692918 -0.30529669  0.          0.209853   -0.11909914 -0.2015076   0.04107377  0.          0.          0.          0.          0.          0.        ]
 [ 0.24099968 -0.21692918 -0.30529669  0.          0.209853   -0.11909914 -0.2015076   0.04107377  0.          0.          0.          0.          0.          0.        ]
 [-0.09940849  0.08947979  0.12592997  0.28867513  0.13049033 -0.14395476 -0.16177969  0.07445502 -0.28867513 -0.07114026  0.27977205 -0.10787355 -0.07455627 -0.38661522]
 [-0.09940849  0.08947979  0.12592997 -0.28867513  0.13049033 -0.14395476 -0.16177969  0.07445502  0.28867513 -0.07114026  0.27977205  0.10787355  0.07455627  0.38661522]
 [-0.09940849  0.08947979  0.12592997  0.28867513  0.13049033 -0.14395476 -0.16177969  0.07445502  0.28867513  0.07114026 -0.27977205  0.10787355  0.07455627  0.38661522]
 [-0.09940849  0.08947979  0.12592997 -0.28867513  0.13049033 -0.14395476 -0.16177969  0.07445502 -0.28867513  0.07114026 -0.27977205 -0.10787355 -0.07455627 -0.38661522]
 [-0.09940849  0.08947979  0.12592997 -0.28867513 -0.00713218  0.27165994  0.08166846  0.24869058  0.28867513 -0.07114026  0.27977205  0.18792275  0.19489106 -0.30556371]
 [-0.09940849  0.08947979  0.12592997  0.28867513 -0.12335815 -0.12770517  0.08011123 -0.3231456  -0.28867513 -0.07114026  0.27977205  0.2957963   0.26944733  0.08105151]
 [-0.09940849  0.08947979  0.12592997 -0.28867513 -0.00713218  0.27165994  0.08166846  0.24869058 -0.28867513  0.07114026 -0.27977205 -0.18792275 -0.19489106  0.30556371]
 [-0.09940849  0.08947979  0.12592997  0.28867513 -0.12335815 -0.12770517  0.08011123 -0.3231456   0.28867513  0.07114026 -0.27977205 -0.2957963  -0.26944733 -0.08105151]
 [-0.09940849  0.08947979  0.12592997  0.28867513 -0.00713218  0.27165994  0.08166846  0.24869058 -0.28867513 -0.07114026  0.27977205 -0.18792275 -0.19489106  0.30556371]
 [-0.09940849  0.08947979  0.12592997 -0.28867513 -0.12335815 -0.12770517  0.08011123 -0.3231456   0.28867513 -0.07114026  0.27977205 -0.2957963  -0.26944733 -0.08105151]
 [-0.09940849  0.08947979  0.12592997  0.28867513 -0.00713218  0.27165994  0.08166846  0.24869058  0.28867513  0.07114026 -0.27977205  0.18792275  0.19489106 -0.30556371]
 [-0.09940849  0.08947979  0.12592997 -0.28867513 -0.12335815 -0.12770517  0.08011123 -0.3231456  -0.28867513  0.07114026 -0.27977205  0.2957963   0.26944733  0.08105151]]
             frequency #:        1       2       3       4       5       6       7       8       9      10      11      12      13      14
------------------------------------------------------------------------------------------------------------------------------------------
               frequency:      0.0     0.0     0.0     0.0     0.0     0.0     0.0     0.0     0.0     0.0     0.0     0.0     0.0     0.0
------------------------------------------------------------------------------------------------------------------------------------------
               B1   STRE:     18.1     0.5    14.7    -0.0    21.3    24.5     0.2    19.3    -0.0    -0.0    -0.0    -0.0     0.0    -0.0
               B2   STRE:     18.1     0.5    14.7     0.0     5.3     6.1     0.1     4.8    -0.0    -0.0     0.0    -0.0    -0.0     0.0
               B3   STRE:     18.1     0.5    14.7     0.0     5.3     6.1     0.1     4.8    -0.0     0.0     0.0    -0.0    -0.0     0.0
               B4   STRE:      2.7    12.5     1.5    -0.0     9.6     3.5    19.9     0.4     0.0    15.7     1.0     0.0     0.0    -0.0
               B5   STRE:      2.7    12.5     1.5    -0.0     9.6     3.5    19.9     0.4     0.0    15.7     1.0    -0.0    -0.0    -0.0
               B6   STRE:      2.7    12.5     1.5    -0.0     2.4     0.9     5.0     0.1    -0.0    15.7     1.0    11.6    13.4     0.1
               B7   STRE:      2.7    12.5     1.5     0.0     2.4     0.9     5.0     0.1     0.0    15.7     1.0    11.6    13.4     0.1
               B8   STRE:      2.7    12.5     1.5     0.0     2.4     0.9     5.0     0.1    -0.0    15.7     1.0    11.6    13.4     0.1
               B9   STRE:      2.7    12.5     1.5    -0.0     2.4     0.9     5.0     0.1     0.0    15.7     1.0    11.6    13.4     0.1
               A1   BEND:      5.8     4.7     9.3     0.0    17.6     5.7    16.2     0.7     0.0     0.0     0.0    -0.0    -0.0    -0.0
               A2   BEND:      5.8     4.7     9.3    -0.0     4.4     1.4     4.1     0.2     0.0     0.0    -0.0     0.0     0.0    -0.0
               A3   BEND:      5.8     4.7     9.3    -0.0     4.4     1.4     4.1     0.2     0.0     0.0    -0.0     0.0     0.0    -0.0
               A4   BEND:      1.0     0.8     1.6     8.3     1.7     2.1     2.6     0.6     8.3     0.5     7.8     1.2     0.6    14.9
               A5   BEND:      1.0     0.8     1.6     8.3     1.7     2.1     2.6     0.6     8.3     0.5     7.8     1.2     0.6    14.9
               A6   BEND:      1.0     0.8     1.6     8.3     1.7     2.1     2.6     0.6     8.3     0.5     7.8     1.2     0.6    14.9
               A7   BEND:      1.0     0.8     1.6     8.3     1.7     2.1     2.6     0.6     8.3     0.5     7.8     1.2     0.6    14.9
               A8   BEND:      1.0     0.8     1.6     8.3     0.0     7.4     0.7     6.2     8.3     0.5     7.8     3.5     3.8     9.3
               A9   BEND:      1.0     0.8     1.6     8.3     1.5     1.6     0.6    10.4     8.3     0.5     7.8     8.7     7.3     0.7
               A10  BEND:      1.0     0.8     1.6     8.3     0.0     7.4     0.7     6.2     8.3     0.5     7.8     3.5     3.8     9.3
               A11  BEND:      1.0     0.8     1.6     8.3     1.5     1.6     0.6    10.4     8.3     0.5     7.8     8.7     7.3     0.7
               A12  BEND:      1.0     0.8     1.6     8.3     0.0     7.4     0.7     6.2     8.3     0.5     7.8     3.5     3.8     9.3
               A13  BEND:      1.0     0.8     1.6     8.3     1.5     1.6     0.6    10.4     8.3     0.5     7.8     8.7     7.3     0.7
               A14  BEND:      1.0     0.8     1.6     8.3     0.0     7.4     0.7     6.2     8.3     0.5     7.8     3.5     3.8     9.3
               A15  BEND:      1.0     0.8     1.6     8.3     1.5     1.6     0.6    10.4     8.3     0.5     7.8     8.7     7.3     0.7

Normal Coordinate Values:
Normal Coordinate #1   :  0.62198
Normal Coordinate #2   : -4.00499
Normal Coordinate #3   :  6.04056
Normal Coordinate #4   :  0.00000
Normal Coordinate #5   :  0.00000
Normal Coordinate #6   : -0.00000
Normal Coordinate #7   : -0.00000
Normal Coordinate #8   : -0.00000
Normal Coordinate #9   :  0.00000
Normal Coordinate #10  :  0.00000
Normal Coordinate #11  :  0.00000
Normal Coordinate #12  :  0.00000
Normal Coordinate #13  :  0.00000
Normal Coordinate #14  :  0.00000
If something looks wrong with the final frequencies, check these energies!
(Job number 1 == Reference energy) :D
/home/vulcan/nlk36701/github/concordantmodes/examples/4_cyclopropane/DispsInit
Success regex re.compile('Variable memory released')
If something looks wrong with the final frequencies, check these energies!
(Job number 1 == Reference energy) :D
/home/vulcan/nlk36701/github/concordantmodes/examples/4_cyclopropane/DispsInit
Reference energy: -117.54332471218
p_en
-117.543278620795
Relative plus     2   0    0:  0.000046091
m_en
-117.54334853985
Relative minus    3   0    0: -0.000023828
p_en
-117.543511878599
Relative plus     4   0    1: -0.000187166
m_en
-117.543100776397
Relative minus    5   0    1:  0.000223936
p_en
-117.543119755082
Relative plus     6   0    2:  0.000204957
m_en
-117.543497875848
Relative minus    7   0    2: -0.000173164
p_en
-117.543548647929
Relative plus     8   1    1: -0.000223936
m_en
-117.54306759287
Relative minus    9   1    1:  0.000257119
p_en
-117.543390659038
Relative plus    10   1    2: -0.000065947
m_en
-117.543217794413
Relative minus   11   1    2:  0.000106918
p_en
-117.543159047227
Relative plus    12   2    2:  0.000165665
m_en
-117.543467202325
Relative minus   13   2    2: -0.000142490
p_en
-117.543314434639
Relative plus    14   3    3:  0.000010278
m_en
-117.543314434639
Relative minus   15   3    3:  0.000010278
p_en
-117.543314074599
Relative plus    16   4    4:  0.000010638
m_en
-117.543314037662
Relative minus   17   4    4:  0.000010675
p_en
-117.543302631921
Relative plus    18   4    5:  0.000022080
m_en
-117.543302451029
Relative minus   19   4    5:  0.000022261
p_en
-117.54331158815
Relative plus    20   4    6:  0.000013124
m_en
-117.54331158689
Relative minus   21   4    6:  0.000013125
p_en
-117.543301882542
Relative plus    22   4    7:  0.000022830
m_en
-117.543301883991
Relative minus   23   4    7:  0.000022828
p_en
-117.543313976059
Relative plus    24   5    5:  0.000010736
m_en
-117.543313953533
Relative minus   25   5    5:  0.000010759
p_en
-117.543292135215
Relative plus    26   5    6:  0.000032577
m_en
-117.54329225765
Relative minus   27   5    6:  0.000032455
p_en
-117.543300352924
Relative plus    28   5    7:  0.000024359
m_en
-117.5433002923
Relative minus   29   5    7:  0.000024420
p_en
-117.543310350264
Relative plus    30   6    6:  0.000014362
m_en
-117.543310409648
Relative minus   31   6    6:  0.000014303
p_en
-117.543296627126
Relative plus    32   6    7:  0.000028085
m_en
-117.543296704232
Relative minus   33   6    7:  0.000028008
p_en
-117.543307699978
Relative plus    34   7    7:  0.000017012
m_en
-117.543307709322
Relative minus   35   7    7:  0.000017003
p_en
-117.543307569595
Relative plus    36   8    8:  0.000017143
m_en
-117.543307569596
Relative minus   37   8    8:  0.000017143
p_en
-117.54330607167
Relative plus    38   9    9:  0.000018641
m_en
-117.54330607167
Relative minus   39   9    9:  0.000018641
p_en
-117.543292942404
Relative plus    40   9   10:  0.000031770
m_en
-117.543292942404
Relative minus   41   9   10:  0.000031770
p_en
-117.543319406707
Relative plus    42  10   10:  0.000005305
m_en
-117.543319406707
Relative minus   43  10   10:  0.000005305
p_en
-117.543313142724
Relative plus    44  11   11:  0.000011569
m_en
-117.543313142724
Relative minus   45  11   11:  0.000011569
p_en
-117.543313285559
Relative plus    46  11   12:  0.000011427
m_en
-117.543313285559
Relative minus   47  11   12:  0.000011427
p_en
-117.543300950504
Relative plus    48  11   13:  0.000023762
m_en
-117.543300950504
Relative minus   49  11   13:  0.000023762
p_en
-117.543311140684
Relative plus    50  12   12:  0.000013571
m_en
-117.543311140684
Relative minus   51  12   12:  0.000013571
p_en
-117.543297019386
Relative plus    52  12   13:  0.000027693
m_en
-117.543297019386
Relative minus   53  12   13:  0.000027693
p_en
-117.543316183097
Relative plus    54  13   13:  0.000008529
m_en
-117.543316183097
Relative minus   55  13   13:  0.000008529
Relative energies plus-displacements on the diagonal and plus/plus-displacements on the off-diagonal elements
[[ 0. -0.  0.  0.  0.  0.  0.  0.  0.  0.  0.  0.  0.  0.]
 [ 0. -0. -0.  0.  0.  0.  0.  0.  0.  0.  0.  0.  0.  0.]
 [ 0.  0.  0.  0.  0.  0.  0.  0.  0.  0.  0.  0.  0.  0.]
 [ 0.  0.  0.  0.  0.  0.  0.  0.  0.  0.  0.  0.  0.  0.]
 [ 0.  0.  0.  0.  0.  0.  0.  0.  0.  0.  0.  0.  0.  0.]
 [ 0.  0.  0.  0.  0.  0.  0.  0.  0.  0.  0.  0.  0.  0.]
 [ 0.  0.  0.  0.  0.  0.  0.  0.  0.  0.  0.  0.  0.  0.]
 [ 0.  0.  0.  0.  0.  0.  0.  0.  0.  0.  0.  0.  0.  0.]
 [ 0.  0.  0.  0.  0.  0.  0.  0.  0.  0.  0.  0.  0.  0.]
 [ 0.  0.  0.  0.  0.  0.  0.  0.  0.  0.  0.  0.  0.  0.]
 [ 0.  0.  0.  0.  0.  0.  0.  0.  0.  0.  0.  0.  0.  0.]
 [ 0.  0.  0.  0.  0.  0.  0.  0.  0.  0.  0.  0.  0.  0.]
 [ 0.  0.  0.  0.  0.  0.  0.  0.  0.  0.  0.  0.  0.  0.]
 [ 0.  0.  0.  0.  0.  0.  0.  0.  0.  0.  0.  0.  0.  0.]]
Relative energies minus-displacements on the diagonal and minus/minus-displacements on the off-diagonal elements
[[-0.  0. -0.  0.  0.  0.  0.  0.  0.  0.  0.  0.  0.  0.]
 [ 0.  0.  0.  0.  0.  0.  0.  0.  0.  0.  0.  0.  0.  0.]
 [ 0.  0. -0.  0.  0.  0.  0.  0.  0.  0.  0.  0.  0.  0.]
 [ 0.  0.  0.  0.  0.  0.  0.  0.  0.  0.  0.  0.  0.  0.]
 [ 0.  0.  0.  0.  0.  0.  0.  0.  0.  0.  0.  0.  0.  0.]
 [ 0.  0.  0.  0.  0.  0.  0.  0.  0.  0.  0.  0.  0.  0.]
 [ 0.  0.  0.  0.  0.  0.  0.  0.  0.  0.  0.  0.  0.  0.]
 [ 0.  0.  0.  0.  0.  0.  0.  0.  0.  0.  0.  0.  0.  0.]
 [ 0.  0.  0.  0.  0.  0.  0.  0.  0.  0.  0.  0.  0.  0.]
 [ 0.  0.  0.  0.  0.  0.  0.  0.  0.  0.  0.  0.  0.  0.]
 [ 0.  0.  0.  0.  0.  0.  0.  0.  0.  0.  0.  0.  0.  0.]
 [ 0.  0.  0.  0.  0.  0.  0.  0.  0.  0.  0.  0.  0.  0.]
 [ 0.  0.  0.  0.  0.  0.  0.  0.  0.  0.  0.  0.  0.  0.]
 [ 0.  0.  0.  0.  0.  0.  0.  0.  0.  0.  0.  0.  0.  0.]]
Computed Force Constants:
[[ 0.22 -0.09 -0.07  0.    0.    0.    0.    0.    0.    0.    0.    0.    0.    0.  ]
 [-0.09  0.33 -0.08  0.    0.    0.    0.    0.    0.    0.    0.    0.    0.    0.  ]
 [-0.07 -0.08  0.23  0.    0.    0.    0.    0.    0.    0.    0.    0.    0.    0.  ]
 [ 0.    0.    0.    0.21  0.    0.    0.    0.    0.    0.    0.    0.    0.    0.  ]
 [ 0.    0.    0.    0.    0.21  0.01 -0.12 -0.05  0.    0.    0.    0.    0.    0.  ]
 [ 0.    0.    0.    0.    0.01  0.21  0.07 -0.03  0.    0.    0.    0.    0.    0.  ]
 [ 0.    0.    0.    0.   -0.12  0.07  0.29 -0.03  0.    0.    0.    0.    0.    0.  ]
 [ 0.    0.    0.    0.   -0.05 -0.03 -0.03  0.34  0.    0.    0.    0.    0.    0.  ]
 [ 0.    0.    0.    0.    0.    0.    0.    0.    0.34  0.    0.    0.    0.    0.  ]
 [ 0.    0.    0.    0.    0.    0.    0.    0.    0.    0.37  0.08  0.    0.    0.  ]
 [ 0.    0.    0.    0.    0.    0.    0.    0.    0.    0.08  0.11  0.    0.    0.  ]
 [ 0.    0.    0.    0.    0.    0.    0.    0.    0.    0.    0.    0.23 -0.14  0.04]
 [ 0.    0.    0.    0.    0.    0.    0.    0.    0.    0.    0.   -0.14  0.27  0.06]
 [ 0.    0.    0.    0.    0.    0.    0.    0.    0.    0.    0.    0.04  0.06  0.17]]
Initial Frequencies:
/home/vulcan/nlk36701/github/concordantmodes/concordantmodes/gf_method.py:61: ComplexWarning: Casting complex values to real discards the imaginary part
  self.freq = self.freq.astype(float)
frequency #  1:     817.38
frequency #  2:    2782.48
frequency #  3:    2820.54
frequency #  4:    1099.89
frequency #  5:     919.85
frequency #  6:    1083.62
frequency #  7:    1637.42
frequency #  8:    2998.25
frequency #  9:    1172.72
frequency # 10:     870.28
frequency # 11:    3399.22
frequency # 12:     749.02
frequency # 13:    1227.22
frequency # 14:    3380.23
////////////////////////////////////////////
//    Total Energy Distribution (TED)     //
////////////////////////////////////////////
The eigenvectors (check these for phase):
[[ 0.01 -0.01  0.01  0.    0.   -0.   -0.   -0.    0.    0.    0.    0.    0.    0.  ]
 [ 0.   -0.02 -0.01  0.   -0.    0.   -0.    0.    0.    0.    0.    0.    0.    0.  ]
 [ 0.01  0.01 -0.01  0.   -0.    0.   -0.    0.    0.    0.    0.    0.    0.    0.  ]
 [ 0.    0.    0.    0.01 -0.   -0.    0.   -0.    0.    0.    0.    0.    0.    0.  ]
 [-0.   -0.    0.    0.   -0.   -0.    0.02 -0.01  0.    0.    0.    0.    0.    0.  ]
 [ 0.   -0.   -0.   -0.   -0.   -0.01 -0.01  0.01  0.    0.    0.    0.    0.    0.  ]
 [-0.    0.   -0.   -0.    0.   -0.    0.01  0.02  0.    0.    0.    0.    0.    0.  ]
 [-0.   -0.    0.    0.    0.01 -0.01  0.   -0.    0.    0.    0.    0.    0.    0.  ]
 [ 0.    0.    0.    0.    0.    0.    0.    0.    0.01  0.    0.   -0.   -0.    0.  ]
 [ 0.    0.    0.    0.    0.    0.    0.    0.    0.    0.   -0.02  0.   -0.    0.  ]
 [ 0.    0.    0.    0.    0.    0.    0.    0.    0.   -0.01 -0.01 -0.    0.    0.  ]
 [ 0.    0.    0.    0.    0.    0.    0.    0.   -0.   -0.    0.   -0.01  0.01 -0.02]
 [ 0.    0.    0.    0.    0.    0.    0.    0.   -0.   -0.   -0.   -0.01  0.01  0.02]
 [ 0.    0.    0.    0.    0.    0.    0.    0.   -0.    0.   -0.    0.01  0.    0.  ]]
             frequency #:        1       2       3       4       5       6       7       8       9      10      11      12      13      14
------------------------------------------------------------------------------------------------------------------------------------------
Point Group D3h               A_1'    A_1'    A_1'    A_2'  2 x E'  2 x E'  2 x E'  2 x E'   A_1''   A_2''   A_2'' 2 x E'' 2 x E'' 2 x E''
               frequency:    817.4  2782.5  2820.5  1099.9   919.9  1083.6  1637.4  2998.3  1172.7   870.3  3399.2   749.0  1227.2  3380.2
------------------------------------------------------------------------------------------------------------------------------------------
               Mode #  1      40.0    18.7    41.3     0.0    -0.0    -0.0    -0.0    -0.0     0.0     0.0     0.0     0.0     0.0     0.0
               Mode #  2      -0.2    53.7    46.5    -0.0    -0.0    -0.0    -0.0    -0.0     0.0     0.0     0.0     0.0     0.0     0.0
               Mode #  3      60.1    27.6    12.2    -0.0    -0.0    -0.0    -0.0    -0.0     0.0     0.0     0.0     0.0     0.0     0.0
               Mode #  4      -0.0    -0.0     0.0   100.0    -0.0    -0.0    -0.0    -0.0     0.0     0.0     0.0     0.0     0.0     0.0
               Mode #  5      -0.0    -0.0    -0.0    -0.0    14.2     9.6    50.9    25.2     0.0     0.0     0.0     0.0     0.0     0.0
               Mode #  6       0.0    -0.0    -0.0     0.0    24.4    52.3    12.4    10.9     0.0     0.0     0.0     0.0     0.0     0.0
               Mode #  7      -0.0    -0.0    -0.0    -0.0     0.9    -0.0    37.2    61.9     0.0     0.0     0.0     0.0     0.0     0.0
               Mode #  8      -0.0    -0.0    -0.0     0.0    60.4    38.1    -0.5     2.0     0.0     0.0     0.0     0.0     0.0     0.0
               Mode #  9       0.0     0.0     0.0     0.0     0.0     0.0     0.0     0.0   100.0     0.0    -0.0    -0.0    -0.0    -0.0
               Mode # 10       0.0     0.0     0.0     0.0     0.0     0.0     0.0     0.0     0.0     5.3    94.7    -0.0    -0.0    -0.0
               Mode # 11       0.0     0.0     0.0     0.0     0.0     0.0     0.0     0.0    -0.0    94.7     5.3    -0.0    -0.0    -0.0
               Mode # 12       0.0     0.0     0.0     0.0     0.0     0.0     0.0     0.0    -0.0    -0.0    -0.0     4.8    41.4    53.8
               Mode # 13       0.0     0.0     0.0     0.0     0.0     0.0     0.0     0.0    -0.0    -0.0    -0.0     9.1    44.8    46.1
               Mode # 14       0.0     0.0     0.0     0.0     0.0     0.0     0.0     0.0    -0.0    -0.0    -0.0    86.1    13.8     0.1

TED Frequencies:
frequency #  1:     817.38
frequency #  2:    2782.48
frequency #  3:    2820.54
frequency #  4:    1099.89
frequency #  5:     919.85
frequency #  6:    1083.62
frequency #  7:    1637.42
frequency #  8:    2998.25
frequency #  9:    1172.72
frequency # 10:     870.28
frequency # 11:    3399.22
frequency # 12:     749.02
frequency # 13:    1227.22
frequency # 14:    3380.23
////////////////////////////////////////////
//    Total Energy Distribution (TED)     //
////////////////////////////////////////////
The eigenvectors (check these for phase):
[[1. 0. 0. 0. 0. 0. 0. 0. 0. 0. 0. 0. 0. 0.]
 [0. 1. 0. 0. 0. 0. 0. 0. 0. 0. 0. 0. 0. 0.]
 [0. 0. 1. 0. 0. 0. 0. 0. 0. 0. 0. 0. 0. 0.]
 [0. 0. 0. 1. 0. 0. 0. 0. 0. 0. 0. 0. 0. 0.]
 [0. 0. 0. 0. 1. 0. 0. 0. 0. 0. 0. 0. 0. 0.]
 [0. 0. 0. 0. 0. 1. 0. 0. 0. 0. 0. 0. 0. 0.]
 [0. 0. 0. 0. 0. 0. 1. 0. 0. 0. 0. 0. 0. 0.]
 [0. 0. 0. 0. 0. 0. 0. 1. 0. 0. 0. 0. 0. 0.]
 [0. 0. 0. 0. 0. 0. 0. 0. 1. 0. 0. 0. 0. 0.]
 [0. 0. 0. 0. 0. 0. 0. 0. 0. 1. 0. 0. 0. 0.]
 [0. 0. 0. 0. 0. 0. 0. 0. 0. 0. 1. 0. 0. 0.]
 [0. 0. 0. 0. 0. 0. 0. 0. 0. 0. 0. 1. 0. 0.]
 [0. 0. 0. 0. 0. 0. 0. 0. 0. 0. 0. 0. 1. 0.]
 [0. 0. 0. 0. 0. 0. 0. 0. 0. 0. 0. 0. 0. 1.]]
             frequency #:        1       2       3       4       5       6       7       8       9      10      11      12      13      14
------------------------------------------------------------------------------------------------------------------------------------------
Point Group D3h               A_1'    A_1'    A_1'    A_2'  2 x E'  2 x E'  2 x E'  2 x E'   A_1''   A_2''   A_2'' 2 x E'' 2 x E'' 2 x E''
               frequency:    817.4  2782.5  2820.5  1099.9   919.9  1083.6  1637.4  2998.3  1172.7   870.3  3399.2   749.0  1227.2  3380.2
------------------------------------------------------------------------------------------------------------------------------------------
               Mode #  1     100.0     0.0     0.0     0.0     0.0     0.0     0.0     0.0     0.0     0.0     0.0     0.0     0.0     0.0
               Mode #  2       0.0   100.0     0.0     0.0     0.0     0.0     0.0     0.0     0.0     0.0     0.0     0.0     0.0     0.0
               Mode #  3       0.0     0.0   100.0     0.0     0.0     0.0     0.0     0.0     0.0     0.0     0.0     0.0     0.0     0.0
               Mode #  4       0.0     0.0     0.0   100.0     0.0     0.0     0.0     0.0     0.0     0.0     0.0     0.0     0.0     0.0
               Mode #  5       0.0     0.0     0.0     0.0   100.0     0.0     0.0     0.0     0.0     0.0     0.0     0.0     0.0     0.0
               Mode #  6       0.0     0.0     0.0     0.0     0.0   100.0     0.0     0.0     0.0     0.0     0.0     0.0     0.0     0.0
               Mode #  7       0.0     0.0     0.0     0.0     0.0     0.0   100.0     0.0     0.0     0.0     0.0     0.0     0.0     0.0
               Mode #  8       0.0     0.0     0.0     0.0     0.0     0.0     0.0   100.0     0.0     0.0     0.0     0.0     0.0     0.0
               Mode #  9       0.0     0.0     0.0     0.0     0.0     0.0     0.0     0.0   100.0     0.0     0.0     0.0     0.0     0.0
               Mode # 10       0.0     0.0     0.0     0.0     0.0     0.0     0.0     0.0     0.0   100.0     0.0     0.0     0.0     0.0
               Mode # 11       0.0     0.0     0.0     0.0     0.0     0.0     0.0     0.0     0.0     0.0   100.0     0.0     0.0     0.0
               Mode # 12       0.0     0.0     0.0     0.0     0.0     0.0     0.0     0.0     0.0     0.0     0.0   100.0     0.0     0.0
               Mode # 13       0.0     0.0     0.0     0.0     0.0     0.0     0.0     0.0     0.0     0.0     0.0     0.0   100.0     0.0
               Mode # 14       0.0     0.0     0.0     0.0     0.0     0.0     0.0     0.0     0.0     0.0     0.0     0.0     0.0   100.0

proj singular values:
[2.25 2.1  2.1  1.77 1.77 1.6  1.1  1.1  1.   0.97 0.96 0.96 0.84 0.84 0.71 0.62 0.42 0.42 0.4  0.4  0.39 0.   0.
 0.  ]
Normal Coordinate Values:
Normal Coordinate #1   :  5.29375
Normal Coordinate #2   :  6.48668
Normal Coordinate #3   :  1.56183
Normal Coordinate #4   :  0.00000
Normal Coordinate #5   : -0.00000
Normal Coordinate #6   :  0.00000
Normal Coordinate #7   :  0.00000
Normal Coordinate #8   : -0.00000
Normal Coordinate #9   :  0.00000
Normal Coordinate #10  :  0.00000
Normal Coordinate #11  :  0.00000
Normal Coordinate #12  :  0.00000
Normal Coordinate #13  :  0.00000
Normal Coordinate #14  :  0.00000
If something looks wrong with the final frequencies, check these energies!
(Job number 1 == Reference energy) :D
/home/vulcan/nlk36701/github/concordantmodes/examples/4_cyclopropane/Disps
Success regex re.compile('Variable memory released')
If something looks wrong with the final frequencies, check these energies!
(Job number 1 == Reference energy) :D
/home/vulcan/nlk36701/github/concordantmodes/examples/4_cyclopropane/Disps
Reference energy: -117.670322854603
p_en
-117.67030951558
m_en
-117.670309615863
p_en
-117.670317446833
m_en
-117.67031743501
p_en
-117.670304934637
m_en
-117.670304784961
p_en
-117.670312787086
m_en
-117.670312787086
p_en
-117.670306505788
m_en
-117.670306607365
p_en
-117.670312471111
m_en
-117.670312477664
p_en
-117.670318101754
m_en
-117.670318107449
p_en
-117.670304763911
m_en
-117.670304870335
p_en
-117.670306056772
m_en
-117.670306056772
p_en
-117.67031872407
m_en
-117.67031872407
p_en
-117.670304867201
m_en
-117.6703048672
p_en
-117.670317612412
m_en
-117.670317612412
p_en
-117.670314101527
m_en
-117.670314101528
p_en
-117.670305139468
m_en
-117.670305139468
Relative energies plus-displacements on the diagonal and plus/plus-displacements on the off-diagonal elements
[[0. 0. 0. 0. 0. 0. 0. 0. 0. 0. 0. 0. 0. 0.]
 [0. 0. 0. 0. 0. 0. 0. 0. 0. 0. 0. 0. 0. 0.]
 [0. 0. 0. 0. 0. 0. 0. 0. 0. 0. 0. 0. 0. 0.]
 [0. 0. 0. 0. 0. 0. 0. 0. 0. 0. 0. 0. 0. 0.]
 [0. 0. 0. 0. 0. 0. 0. 0. 0. 0. 0. 0. 0. 0.]
 [0. 0. 0. 0. 0. 0. 0. 0. 0. 0. 0. 0. 0. 0.]
 [0. 0. 0. 0. 0. 0. 0. 0. 0. 0. 0. 0. 0. 0.]
 [0. 0. 0. 0. 0. 0. 0. 0. 0. 0. 0. 0. 0. 0.]
 [0. 0. 0. 0. 0. 0. 0. 0. 0. 0. 0. 0. 0. 0.]
 [0. 0. 0. 0. 0. 0. 0. 0. 0. 0. 0. 0. 0. 0.]
 [0. 0. 0. 0. 0. 0. 0. 0. 0. 0. 0. 0. 0. 0.]
 [0. 0. 0. 0. 0. 0. 0. 0. 0. 0. 0. 0. 0. 0.]
 [0. 0. 0. 0. 0. 0. 0. 0. 0. 0. 0. 0. 0. 0.]
 [0. 0. 0. 0. 0. 0. 0. 0. 0. 0. 0. 0. 0. 0.]]
Relative energies minus-displacements on the diagonal and minus/minus-displacements on the off-diagonal elements
[[0. 0. 0. 0. 0. 0. 0. 0. 0. 0. 0. 0. 0. 0.]
 [0. 0. 0. 0. 0. 0. 0. 0. 0. 0. 0. 0. 0. 0.]
 [0. 0. 0. 0. 0. 0. 0. 0. 0. 0. 0. 0. 0. 0.]
 [0. 0. 0. 0. 0. 0. 0. 0. 0. 0. 0. 0. 0. 0.]
 [0. 0. 0. 0. 0. 0. 0. 0. 0. 0. 0. 0. 0. 0.]
 [0. 0. 0. 0. 0. 0. 0. 0. 0. 0. 0. 0. 0. 0.]
 [0. 0. 0. 0. 0. 0. 0. 0. 0. 0. 0. 0. 0. 0.]
 [0. 0. 0. 0. 0. 0. 0. 0. 0. 0. 0. 0. 0. 0.]
 [0. 0. 0. 0. 0. 0. 0. 0. 0. 0. 0. 0. 0. 0.]
 [0. 0. 0. 0. 0. 0. 0. 0. 0. 0. 0. 0. 0. 0.]
 [0. 0. 0. 0. 0. 0. 0. 0. 0. 0. 0. 0. 0. 0.]
 [0. 0. 0. 0. 0. 0. 0. 0. 0. 0. 0. 0. 0. 0.]
 [0. 0. 0. 0. 0. 0. 0. 0. 0. 0. 0. 0. 0. 0.]
 [0. 0. 0. 0. 0. 0. 0. 0. 0. 0. 0. 0. 0. 0.]]
Computed Force Constants:
[[0.27 0.   0.   0.   0.   0.   0.   0.   0.   0.   0.   0.   0.   0.  ]
 [0.   0.11 0.   0.   0.   0.   0.   0.   0.   0.   0.   0.   0.   0.  ]
 [0.   0.   0.36 0.   0.   0.   0.   0.   0.   0.   0.   0.   0.   0.  ]
 [0.   0.   0.   0.2  0.   0.   0.   0.   0.   0.   0.   0.   0.   0.  ]
 [0.   0.   0.   0.   0.33 0.   0.   0.   0.   0.   0.   0.   0.   0.  ]
 [0.   0.   0.   0.   0.   0.21 0.   0.   0.   0.   0.   0.   0.   0.  ]
 [0.   0.   0.   0.   0.   0.   0.1  0.   0.   0.   0.   0.   0.   0.  ]
 [0.   0.   0.   0.   0.   0.   0.   0.36 0.   0.   0.   0.   0.   0.  ]
 [0.   0.   0.   0.   0.   0.   0.   0.   0.34 0.   0.   0.   0.   0.  ]
 [0.   0.   0.   0.   0.   0.   0.   0.   0.   0.08 0.   0.   0.   0.  ]
 [0.   0.   0.   0.   0.   0.   0.   0.   0.   0.   0.36 0.   0.   0.  ]
 [0.   0.   0.   0.   0.   0.   0.   0.   0.   0.   0.   0.1  0.   0.  ]
 [0.   0.   0.   0.   0.   0.   0.   0.   0.   0.   0.   0.   0.18 0.  ]
 [0.   0.   0.   0.   0.   0.   0.   0.   0.   0.   0.   0.   0.   0.35]]
Final Harmonic Frequencies:
frequency #  1:    1224.40
frequency #  2:    1624.43
frequency #  3:    2859.72
frequency #  4:    1088.59
frequency #  5:     893.36
frequency #  6:    1061.53
frequency #  7:    1611.19
frequency #  8:    2865.91
frequency #  9:    1160.87
frequency # 10:     857.73
frequency # 11:    3248.63
frequency # 12:     740.90
frequency # 13:    1217.34
frequency # 14:    3228.74
////////////////////////////////////////////
//    Total Energy Distribution (TED)     //
////////////////////////////////////////////
The eigenvectors (check these for phase):
[[ 0.01  0.    0.    0.   -0.    0.   -0.   -0.    0.    0.    0.    0.    0.    0.  ]
 [ 0.    0.02  0.    0.   -0.    0.    0.   -0.    0.    0.    0.    0.    0.    0.  ]
 [ 0.    0.    0.02  0.    0.   -0.    0.    0.    0.    0.    0.    0.    0.    0.  ]
 [ 0.    0.    0.    0.01 -0.   -0.    0.    0.    0.    0.    0.    0.    0.    0.  ]
 [-0.   -0.    0.   -0.    0.01  0.    0.    0.    0.    0.    0.    0.    0.    0.  ]
 [ 0.    0.   -0.   -0.    0.    0.01  0.    0.    0.    0.    0.    0.    0.    0.  ]
 [-0.    0.    0.    0.    0.    0.    0.02  0.    0.    0.    0.    0.    0.    0.  ]
 [ 0.    0.   -0.   -0.    0.    0.    0.   -0.02  0.    0.    0.    0.    0.    0.  ]
 [ 0.    0.    0.    0.    0.    0.    0.    0.    0.01  0.    0.    0.   -0.    0.  ]
 [ 0.    0.    0.    0.    0.    0.    0.    0.    0.   -0.01  0.    0.   -0.    0.  ]
 [ 0.    0.    0.    0.    0.    0.    0.    0.    0.    0.    0.02 -0.    0.   -0.  ]
 [ 0.    0.    0.    0.    0.    0.    0.    0.    0.   -0.   -0.    0.01  0.    0.  ]
 [ 0.    0.    0.    0.    0.    0.    0.    0.   -0.    0.    0.    0.    0.01  0.  ]
 [ 0.    0.    0.    0.    0.    0.    0.    0.    0.    0.   -0.    0.    0.    0.02]]
             frequency #:        1       2       3       4       5       6       7       8       9      10      11      12      13      14
------------------------------------------------------------------------------------------------------------------------------------------
Point Group D3h               A_1'    A_1'    A_1'    A_2'  2 x E'  2 x E'  2 x E'  2 x E'   A_1''   A_2''   A_2'' 2 x E'' 2 x E'' 2 x E''
               frequency:   1224.4  1624.4  2859.7  1088.6   893.4  1061.5  1611.2  2865.9  1160.9   857.7  3248.6   740.9  1217.3  3228.7
------------------------------------------------------------------------------------------------------------------------------------------
               Mode #  1     100.0     0.0    -0.0    -0.0    -0.0    -0.0    -0.0    -0.0     0.0     0.0     0.0     0.0     0.0     0.0
               Mode #  2       0.0   100.0     0.0     0.0    -0.0    -0.0    -0.0    -0.0     0.0     0.0     0.0     0.0     0.0     0.0
               Mode #  3      -0.0     0.0   100.0    -0.0    -0.0    -0.0    -0.0    -0.0     0.0     0.0     0.0     0.0     0.0     0.0
               Mode #  4      -0.0    -0.0    -0.0   100.0    -0.0    -0.0    -0.0    -0.0     0.0     0.0     0.0     0.0     0.0     0.0
               Mode #  5      -0.0    -0.0    -0.0    -0.0   100.0     0.0     0.0     0.0     0.0     0.0     0.0     0.0     0.0     0.0
               Mode #  6      -0.0    -0.0    -0.0    -0.0    -0.0   100.0     0.0    -0.0     0.0     0.0     0.0     0.0     0.0     0.0
               Mode #  7      -0.0    -0.0    -0.0    -0.0     0.0     0.0   100.0     0.0     0.0     0.0     0.0     0.0     0.0     0.0
               Mode #  8      -0.0    -0.0    -0.0    -0.0    -0.0     0.0    -0.0   100.0     0.0     0.0     0.0     0.0     0.0     0.0
               Mode #  9       0.0     0.0     0.0     0.0     0.0     0.0     0.0     0.0   100.0    -0.0    -0.0    -0.0    -0.0    -0.0
               Mode # 10       0.0     0.0     0.0     0.0     0.0     0.0     0.0     0.0     0.0   100.0    -0.0    -0.0    -0.0     0.0
               Mode # 11       0.0     0.0     0.0     0.0     0.0     0.0     0.0     0.0    -0.0     0.0   100.0    -0.0    -0.0    -0.0
               Mode # 12       0.0     0.0     0.0     0.0     0.0     0.0     0.0     0.0     0.0    -0.0    -0.0   100.0    -0.0     0.0
               Mode # 13       0.0     0.0     0.0     0.0     0.0     0.0     0.0     0.0    -0.0    -0.0     0.0    -0.0   100.0    -0.0
               Mode # 14       0.0     0.0     0.0     0.0     0.0     0.0     0.0     0.0    -0.0    -0.0    -0.0     0.0    -0.0   100.0

////////////////////////////////////////////
//                Final TED               //
////////////////////////////////////////////
The eigenvectors (check these for phase):
[[ 0. -0.  0.  0. -0. -0.  0.  0.  0.  0.  0.  0.  0.  0.]
 [ 0. -0.  0. -0.  0.  0. -0. -0.  0.  0.  0.  0.  0.  0.]
 [ 0. -0.  0. -0.  0.  0. -0. -0.  0.  0.  0.  0.  0.  0.]
 [-0.  0.  0.  0.  0. -0.  0. -0.  0. -0. -0.  0. -0.  0.]
 [-0.  0.  0.  0.  0. -0.  0. -0. -0.  0.  0. -0.  0. -0.]
 [-0.  0.  0. -0. -0.  0. -0.  0.  0. -0. -0.  0.  0.  0.]
 [-0.  0.  0. -0. -0.  0. -0.  0. -0.  0.  0. -0. -0. -0.]
 [-0.  0.  0. -0. -0.  0. -0.  0. -0. -0. -0. -0. -0. -0.]
 [-0.  0.  0. -0. -0.  0. -0.  0.  0.  0.  0.  0.  0.  0.]
 [-0. -0.  0. -0.  0.  0. -0. -0.  0.  0.  0.  0.  0.  0.]
 [-0. -0.  0.  0. -0. -0.  0.  0.  0.  0.  0.  0.  0.  0.]
 [-0. -0.  0.  0. -0. -0.  0.  0.  0.  0.  0.  0.  0.  0.]
 [ 0.  0. -0.  0.  0.  0.  0.  0. -0.  0.  0. -0. -0.  0.]
 [ 0.  0. -0. -0.  0.  0.  0.  0.  0.  0.  0.  0.  0. -0.]
 [ 0.  0. -0.  0.  0.  0.  0.  0.  0. -0. -0.  0.  0. -0.]
 [ 0.  0. -0. -0.  0.  0.  0.  0. -0. -0. -0. -0. -0.  0.]
 [ 0.  0. -0. -0.  0. -0. -0. -0.  0.  0.  0. -0.  0. -0.]
 [ 0.  0. -0.  0. -0.  0. -0. -0. -0.  0.  0. -0.  0. -0.]
 [ 0.  0. -0. -0.  0. -0. -0. -0. -0. -0. -0.  0. -0.  0.]
 [ 0.  0. -0.  0. -0.  0. -0. -0.  0. -0. -0.  0. -0.  0.]
 [ 0.  0. -0.  0.  0. -0. -0. -0. -0.  0.  0.  0. -0.  0.]
 [ 0.  0. -0. -0. -0.  0. -0. -0.  0.  0.  0.  0. -0.  0.]
 [ 0.  0. -0.  0.  0. -0. -0. -0.  0. -0. -0. -0.  0. -0.]
 [ 0.  0. -0. -0. -0.  0. -0. -0. -0. -0. -0. -0.  0. -0.]]
             frequency #:        1       2       3       4       5       6       7       8       9      10      11      12      13      14
------------------------------------------------------------------------------------------------------------------------------------------
Point Group D3h               A_1'    A_1'    A_1'    A_2'  2 x E'  2 x E'  2 x E'  2 x E'   A_1''   A_2''   A_2'' 2 x E'' 2 x E'' 2 x E''
               frequency:   1224.4  1624.4  2859.7  1088.6   893.4  1061.5  1611.2  2865.9  1160.9   857.7  3248.6   740.9  1217.3  3228.7
------------------------------------------------------------------------------------------------------------------------------------------
               B1   STRE:     31.0    -0.7     3.1    -0.0    59.3     4.9     1.0     0.2    -0.0    -0.0    -0.0    -0.0     0.0    -0.0
               B2   STRE:     31.0    -0.7     3.1    -0.0    14.8     1.2     0.3     0.0    -0.0    -0.0     0.0     0.0    -0.0    -0.0
               B3   STRE:     31.0    -0.7     3.1    -0.0    14.8     1.2     0.3     0.0     0.0     0.0     0.0     0.0    -0.0    -0.0
               B4   STRE:     -0.1    15.9     0.8    -0.0     0.4    -0.0    31.4     1.5    -0.0    -0.0    16.7    -0.0     0.0    -0.0
               B5   STRE:     -0.1    15.9     0.8    -0.0     0.4    -0.0    31.4     1.5    -0.0    -0.0    16.7    -0.0     0.0    -0.0
               B6   STRE:     -0.1    15.9     0.8    -0.0     0.1    -0.0     7.8     0.4    -0.0    -0.0    16.7    -0.0     0.0    25.0
               B7   STRE:     -0.1    15.9     0.8    -0.0     0.1    -0.0     7.8     0.4    -0.0    -0.0    16.7    -0.0     0.0    25.0
               B8   STRE:     -0.1    15.9     0.8    -0.0     0.1    -0.0     7.8     0.4    -0.0    -0.0    16.7    -0.0     0.0    25.0
               B9   STRE:     -0.1    15.9     0.8    -0.0     0.1    -0.0     7.8     0.4    -0.0    -0.0    16.7    -0.0     0.0    25.0
               A1   BEND:      1.5     1.3    17.0    -0.0     0.0     0.0     2.0    38.2     0.0    -0.0     0.0     0.0    -0.0     0.0
               A2   BEND:      1.5     1.3    17.0    -0.0     0.0     0.0     0.5     9.6     0.0     0.0    -0.0    -0.0     0.0     0.0
               A3   BEND:      1.5     1.3    17.0    -0.0     0.0     0.0     0.5     9.6     0.0     0.0    -0.0    -0.0     0.0    -0.0
               A4   BEND:      0.3     0.2     2.9     8.3     0.4     0.0     0.2     6.3     8.3     8.3    -0.0     8.9     7.8     0.0
               A5   BEND:      0.3     0.2     2.9     8.3     0.4     0.0     0.2     6.3     8.3     8.3    -0.0     8.9     7.8     0.0
               A6   BEND:      0.3     0.2     2.9     8.3     0.4     0.0     0.2     6.3     8.3     8.3    -0.0     8.9     7.8     0.0
               A7   BEND:      0.3     0.2     2.9     8.3     0.4     0.0     0.2     6.3     8.3     8.3    -0.0     8.9     7.8     0.0
               A8   BEND:      0.3     0.2     2.9     8.3     0.4    12.2     0.2     1.5     8.3     8.3    -0.0    16.1     0.6    -0.0
               A9   BEND:      0.3     0.2     2.9     8.3     1.7    11.0    -0.0     1.7     8.3     8.3    -0.0    -0.0    16.6     0.0
               A10  BEND:      0.3     0.2     2.9     8.3     0.4    12.2     0.2     1.5     8.3     8.3    -0.0    16.1     0.6    -0.0
               A11  BEND:      0.3     0.2     2.9     8.3     1.7    11.0    -0.0     1.7     8.3     8.3    -0.0    -0.0    16.6     0.0
               A12  BEND:      0.3     0.2     2.9     8.3     0.4    12.2     0.2     1.5     8.3     8.3    -0.0    16.1     0.6    -0.0
               A13  BEND:      0.3     0.2     2.9     8.3     1.7    11.0    -0.0     1.7     8.3     8.3    -0.0    -0.0    16.6     0.0
               A14  BEND:      0.3     0.2     2.9     8.3     0.4    12.2     0.2     1.5     8.3     8.3    -0.0    16.1     0.6    -0.0
               A15  BEND:      0.3     0.2     2.9     8.3     1.7    11.0    -0.0     1.7     8.3     8.3    -0.0    -0.0    16.6     0.0

Final Harmonic ZPVE in: 11841.68 (cm^-1)  33.86 (kcal mol^-1)   0.05 (hartrees) 
print_const has run
Frequency Shift (cm^-1): 
[  407.02 -1158.04    39.18   -11.3    -26.49   -22.09   -26.23  -132.34   -11.85   -12.54  -150.6     -8.13    -9.88
  -151.49]
This program took 1.199291706085205 seconds to run.
