<concordantmodes.zmat.Zmat object at 0x7f86af4c0fa0>
[[ 0.          0.          0.13335323]
 [ 0.88154765 -1.52688532 -0.61761883]
 [ 0.88154765  1.52688532 -0.61761883]
 [-1.76309531  0.         -0.61761883]]
Initial Geometric Internal Coordinate Values:
('1', '2') R1 = 1.916367416377316
('1', '3') R2 = 1.916367416377316
('1', '4') R3 = 1.9163674248548057
('2', '1', '3') A1 = 105.64366038922566
('2', '1', '4') A2 = 105.64366041619729
('3', '1', '4') A3 = 105.64366041619729
('2', '1', '3', '4') O1 = -63.49805900463742
('3', '1', '4', '2') O2 = -63.49805900463742
('4', '1', '2', '3') O3 = -63.49805898949017
Final Geometric Internal Coordinate Values:
('1', '2') R1 = 1.916367416377316
('1', '3') R2 = 1.916367416377316
('1', '4') R3 = 1.9163674248548057
('2', '1', '3') A1 = 105.64366038922566
('2', '1', '4') A2 = 105.64366041619729
('3', '1', '4') A3 = 105.64366041619729
('2', '1', '3', '4') O1 = -63.49805900463742
('3', '1', '4', '2') O2 = -63.49805900463742
('4', '1', '2', '3') O3 = -63.49805898949017
Final - Initial Geometric Internal Coordinate Values:
R1 = 0.0
R2 = 0.0
R3 = 0.0
A1 = 0.0
A2 = 0.0
A3 = 0.0
O1 = 0.0
O2 = 0.0
O3 = 0.0
The Internal Coordinates for MolSym [[[0, 1], 'R1'], [[0, 2], 'R2'], [[0, 3], 'R3'], [[1, 0, 2], 'A1'], [[1, 0, 3], 'A2'], [[2, 0, 3], 'A3'], [[1, 0, 2, 3], 'O1'], [[2, 0, 3, 1], 'O2'], [[3, 0, 1, 2], 'O3']]
Make your own salcs via manual projection matrix
[[ 0.577  0.816  0.     0.     0.     0.   ]
 [ 0.577 -0.408  0.707  0.     0.     0.   ]
 [ 0.577 -0.408 -0.707  0.     0.     0.   ]
 [ 0.     0.     0.     0.816  0.     0.   ]
 [ 0.     0.     0.    -0.408  0.707  0.   ]
 [ 0.     0.     0.    -0.408 -0.707  0.   ]
 [ 0.     0.     0.     0.     0.     0.577]
 [ 0.     0.     0.     0.     0.     0.577]
 [ 0.     0.     0.     0.     0.     0.577]]
Projecting on user-specified manual projection
The manual proj
[[ 0.577  0.577  0.577  0.     0.     0.     0.     0.     0.   ]
 [ 0.816 -0.408 -0.408  0.     0.     0.     0.     0.     0.   ]
 [ 0.     0.707 -0.707  0.     0.     0.     0.     0.     0.   ]
 [ 0.     0.     0.     0.816 -0.408 -0.408  0.     0.     0.   ]
 [ 0.     0.     0.     0.     0.707 -0.707  0.     0.     0.   ]
 [ 0.     0.     0.     0.     0.     0.     0.577  0.577  0.577]]
(6, 9)
valid projection of [0.577 0.577 0.577 0.    0.    0.    0.    0.    0.   ] onto A_1
[[[0.577 0.577 0.577 0.    0.    0.    0.    0.    0.   ]]]
valid projection of [0.577 0.577 0.577 0.    0.    0.    0.    0.    0.   ] onto E
[[[-0. -0. -0.  0.  0.  0.  0.  0.  0.]
  [ 0.  0.  0.  0.  0.  0.  0.  0.  0.]]

 [[ 0.  0.  0.  0.  0.  0.  0.  0.  0.]
  [ 0.  0.  0.  0.  0.  0.  0.  0.  0.]]]
valid projection of [ 0.816 -0.408 -0.408  0.     0.     0.     0.     0.     0.   ] onto E
[[[ 0.204  0.204 -0.408  0.     0.     0.     0.     0.     0.   ]
  [-0.354 -0.354  0.707  0.     0.     0.     0.     0.     0.   ]]

 [[-0.354  0.354  0.     0.     0.     0.     0.     0.     0.   ]
  [ 0.612 -0.612 -0.     0.     0.     0.     0.     0.     0.   ]]]
valid projection of [ 0.     0.707 -0.707  0.     0.     0.     0.     0.     0.   ] onto E
[[[ 0.354  0.354 -0.707  0.     0.     0.     0.     0.     0.   ]
  [ 0.204  0.204 -0.408  0.     0.     0.     0.     0.     0.   ]]

 [[-0.612  0.612  0.     0.     0.     0.     0.     0.     0.   ]
  [-0.354  0.354  0.     0.     0.     0.     0.     0.     0.   ]]]
valid projection of [ 0.     0.     0.     0.816 -0.408 -0.408  0.     0.     0.   ] onto E
[[[ 0.     0.     0.     0.816 -0.408 -0.408  0.     0.     0.   ]
  [ 0.     0.     0.     0.     0.     0.     0.     0.     0.   ]]

 [[ 0.     0.     0.    -0.    -0.707  0.707  0.     0.     0.   ]
  [ 0.     0.     0.     0.     0.     0.     0.     0.     0.   ]]]
valid projection of [ 0.     0.     0.     0.     0.707 -0.707  0.     0.     0.   ] onto E
[[[ 0.     0.     0.     0.     0.     0.     0.     0.     0.   ]
  [ 0.     0.     0.    -0.816  0.408  0.408  0.     0.     0.   ]]

 [[ 0.     0.     0.     0.     0.     0.     0.     0.     0.   ]
  [ 0.     0.     0.     0.     0.707 -0.707  0.     0.     0.   ]]]
valid projection of [0.    0.    0.    0.    0.    0.    0.577 0.577 0.577] onto A_1
[[[0.    0.    0.    0.    0.    0.    0.577 0.577 0.577]]]
valid projection of [0.    0.    0.    0.    0.    0.    0.577 0.577 0.577] onto E
[[[ 0.  0.  0.  0.  0.  0. -0. -0. -0.]
  [ 0.  0.  0.  0.  0.  0.  0.  0.  0.]]

 [[ 0.  0.  0.  0.  0.  0.  0.  0.  0.]
  [ 0.  0.  0.  0.  0.  0.  0.  0.  0.]]]
The salc ids
['A_1', 'E', 'E', 'E', 'E', 'E', 'A_1', 'E']
{'ic_list': [[0, 1], [0, 2], [0, 3], [1, 0, 2], [1, 0, 3], [2, 0, 3], [1, 0, 2, 3], [2, 0, 3, 1], [3, 0, 1, 2]], 'ic_types': ['R1', 'R2', 'R3', 'A1', 'A2', 'A3', 'O1', 'O2', 'O3'], 'fxns': [[[0, 1], 'R1'], [[0, 2], 'R2'], [[0, 3], 'R3'], [[1, 0, 2], 'A1'], [[1, 0, 3], 'A2'], [[2, 0, 3], 'A3'], [[1, 0, 2, 3], 'O1'], [[2, 0, 3, 1], 'O2'], [[3, 0, 1, 2], 'O3']], 'symtext': 
MolSym Molecule:
   N       0.00000000     0.00000000     0.13335323
   H       0.88154765    -1.52688532    -0.61761883
   H       0.88154765     1.52688532    -0.61761883
   H      -1.76309531     0.00000000    -0.61761883

[[ 1.  1.  1.]
 [ 1.  1. -1.]
 [ 2. -1.  0.]]
[
Symbol:          E: [[ 1.00000  0.00000  0.00000],[ 0.00000  1.00000  0.00000],[ 0.00000  0.00000  1.00000]], 
Symbol:        C_3: [[-0.50000 -0.86603  0.00000],[ 0.86603 -0.50000  0.00000],[ 0.00000  0.00000  1.00000]], 
Symbol:      C_3^2: [[-0.50000  0.86603  0.00000],[-0.86603 -0.50000  0.00000],[ 0.00000  0.00000  1.00000]], 
Symbol: sigma_v(0): [[ 1.00000 -0.00000 -0.00000],[-0.00000 -1.00000 -0.00000],[-0.00000 -0.00000  1.00000]], 
Symbol: sigma_v(2): [[-0.50000  0.86603  0.00000],[ 0.86603  0.50000  0.00000],[ 0.00000  0.00000  1.00000]], 
Symbol: sigma_v(1): [[-0.50000 -0.86603  0.00000],[-0.86603  0.50000  0.00000],[ 0.00000  0.00000  1.00000]]]
Atom map:
[[0 0 0 0 0 0]
 [1 2 3 2 3 1]
 [2 3 1 1 2 3]
 [3 1 2 3 1 2]]
Multiplication Table
[[0 1 2 3 4 5]
 [1 2 0 4 5 3]
 [2 0 1 5 3 4]
 [3 5 4 0 2 1]
 [4 3 5 1 0 2]
 [5 4 3 2 1 0]], 'phase_map': array([[1., 1., 1., 1., 1., 1.],
       [1., 1., 1., 1., 1., 1.],
       [1., 1., 1., 1., 1., 1.],
       [1., 1., 1., 1., 1., 1.],
       [1., 1., 1., 1., 1., 1.],
       [1., 1., 1., 1., 1., 1.],
       [1., 1., 1., 1., 1., 1.],
       [1., 1., 1., 1., 1., 1.],
       [1., 1., 1., 1., 1., 1.]]), 'fxn_map': array([[0, 1, 2, 1, 2, 0],
       [1, 2, 0, 0, 1, 2],
       [2, 0, 1, 2, 0, 1],
       [3, 5, 4, 3, 5, 4],
       [4, 3, 5, 5, 4, 3],
       [5, 4, 3, 4, 3, 5],
       [6, 7, 8, 7, 8, 6],
       [7, 8, 6, 6, 7, 8],
       [8, 6, 7, 8, 6, 7]], dtype=int32), 'SE_fxns': [[0, 1, 2], [3, 4, 5], [8, 6, 7]]}
Traceback (most recent call last):
  File "/home/vulcan/nlk36701/github/concordantmodes/examples/3_Ammonia/molpro/CMA1/manual/main.py", line 49, in <module>
    CMA_obj.run()
  File "/home/vulcan/nlk36701/github/concordantmodes/concordantmodes/cma.py", line 68, in run
    self.symm_obj.run()
  File "/home/vulcan/nlk36701/github/concordantmodes/concordantmodes/symmetry.py", line 58, in run
    print(stop)
NameError: name 'stop' is not defined
