Initial Geometric Internal Coordinate Values:
['1' '2'] R1 = 1.8130525861320914
['2' '3'] R2 = 1.8130525861320914
['1' '2' '3'] A1 = 103.58217001794341
Final Geometric Internal Coordinate Values:
['1' '2'] R1 = 1.8130525861320914
['2' '3'] R2 = 1.8130525861320914
['1' '2' '3'] A1 = 103.58217001794341
Final - Initial Geometric Internal Coordinate Values:
R1 = 0.0
R2 = 0.0
A1 = 0.0
proj singular values:
[1.53208488 1.494938   0.88182498]
             frequency #:        1       2       3
--------------------------------------------------
               frequency:      0.0     0.0     0.0
--------------------------------------------------
          H1   O2   STRE:     31.5    50.0    18.5
          O2   H3   STRE:     31.5    50.0    18.5
     H1   O2   H3   BEND:     37.1    -0.0    62.9

Normal Coordinate Values:
Normal Coordinate #1   : -0.933
Normal Coordinate #2   :  0.000
Normal Coordinate #3   : -2.995
/home/vulcan/nlk36701/github/concordantmodes/Example/1_H2O/molpro/CMA1
If something looks wrong with the final frequencies, check                 these energies!
(Job number 1 == Reference energy) :D
this is the energy regex re.compile('\\(T\\) total energy\\s+(\\-\\d+\\.\\d+)')
Reference energy: -76.24116665001
-76.241054749492
-76.241241715228
-76.241025456487
-76.241213603327
-76.240996615069
-76.241224114214
-76.241137952959
-76.241137952959
-76.241099834538
-76.24114026158
-76.241128969639
-76.241168526438
Relative energies plus-displacements on the diagonal and plus/plus-displacements on the off-diagonal elements
[[-1.12e-04 -1.41e-04 -1.70e-04]
 [ 0.00e+00 -2.87e-05 -6.68e-05]
 [ 0.00e+00  0.00e+00 -3.77e-05]]
Relative energies minus-displacements on the diagonal and minus/minus-displacements on the off-diagonal elements
[[ 7.51e-05  4.70e-05  5.75e-05]
 [ 0.00e+00 -2.87e-05 -2.64e-05]
 [ 0.00e+00  0.00e+00  1.88e-06]]
-76.241168526438
Computed Force Constants:
[[3.68e-01 5.40e-05 2.00e-01]
 [5.40e-05 5.74e-01 2.93e-05]
 [2.00e-01 2.93e-05 3.58e-01]]
Initial Frequencies:
/home/vulcan/nlk36701/github/concordantmodes/gf_method.py:67: ComplexWarning: Casting complex values to real discards the imaginary part
  self.freq = self.freq.astype(float)
frequency #  1:    1684.71
frequency #  2:    3907.70
frequency #  3:    4027.32
////////////////////////////////////////////
//    Total Energy Distribution (TED)     //
////////////////////////////////////////////
             frequency #:        1       2       3
--------------------------------------------------
               frequency:   1684.7  3907.7  4027.3
--------------------------------------------------
               Mode #  1      41.7    58.3     0.0
               Mode #  2       0.0     0.0   100.0
               Mode #  3      58.3    41.7     0.0

TED Frequencies:
frequency #  1:    1684.71
frequency #  2:    3907.70
frequency #  3:    4027.32
////////////////////////////////////////////
//    Total Energy Distribution (TED)     //
////////////////////////////////////////////
             frequency #:        1       2       3
--------------------------------------------------
               frequency:   1684.7  3907.7  4027.3
--------------------------------------------------
               Mode #  1     100.0     0.0     0.0
               Mode #  2       0.0   100.0     0.0
               Mode #  3       0.0     0.0   100.0

3
[[0, 0], [1, 1], [2, 2]]
proj singular values:
[1.53 1.49 0.88]
Normal Coordinate Values:
Normal Coordinate #1   : -1.787
Normal Coordinate #2   : -2.710
Normal Coordinate #3   :  0.005
/home/vulcan/nlk36701/github/concordantmodes/Example/1_H2O/molpro/CMA1
printing disp list
['7', '1', '5', '3', '4', '6', '2']
3
If something looks wrong with the final frequencies, check                 these energies!
(Job number 1 == Reference energy) :D
this is the energy regex re.compile('\\(T\\) total energy\\s+(\\-\\d+\\.\\d+)')
Reference energy: -76.332216518906
-76.332208405409
-76.332208453319
-76.332189154592
-76.332189631196
-76.33218897536
-76.332188972895
Relative energies plus-displacements on the diagonal and plus/plus-displacements on the off-diagonal elements
[[-8.11e-06  0.00e+00  0.00e+00]
 [ 0.00e+00 -2.74e-05  0.00e+00]
 [ 0.00e+00  0.00e+00 -2.75e-05]]
Relative energies minus-displacements on the diagonal and minus/minus-displacements on the off-diagonal elements
[[-8.07e-06  0.00e+00  0.00e+00]
 [ 0.00e+00 -2.69e-05  0.00e+00]
 [ 0.00e+00  0.00e+00 -2.75e-05]]
-76.332188972895
Computed Force Constants:
[[0.16 0.   0.  ]
 [0.   0.54 0.  ]
 [0.   0.   0.55]]
Final Frequencies:
/home/vulcan/nlk36701/github/concordantmodes/gf_method.py:67: ComplexWarning: Casting complex values to real discards the imaginary part
  self.freq = self.freq.astype(float)
frequency #  1:    1668.91
frequency #  2:    3841.00
frequency #  3:    3945.63
////////////////////////////////////////////
//    Total Energy Distribution (TED)     //
////////////////////////////////////////////
             frequency #:        1       2       3
--------------------------------------------------
               frequency:   1668.9  3841.0  3945.6
--------------------------------------------------
               Mode #  1     100.0     0.0     0.0
               Mode #  2       0.0   100.0     0.0
               Mode #  3       0.0     0.0   100.0

////////////////////////////////////////////
//                Final TED               //
////////////////////////////////////////////
             frequency #:        1       2       3
--------------------------------------------------
               frequency:   1668.9  3841.0  3945.6
--------------------------------------------------
          H1   O2   STRE:      0.0    50.1    49.8
          O2   H3   STRE:      0.0    49.8    50.2
     H1   O2   H3   BEND:     99.9     0.1    -0.0

Final ZPVE in: 4727.78 (cm^-1)  13.52 (kcal mol^-1)   0.02 (hartrees) 
Frequency Shift (cm^-1): 
[-15.79 -66.7  -81.68]
This program took 78.43845891952515 seconds to run.
