Traceback (most recent call last):
  File "/home/vulcan/nlk36701/github/concordantmodes/examples/2_Methanol/molpro/CMA1/init_nosow/main.py", line 1, in <module>
    from concordantmodes.options import Options
ModuleNotFoundError: No module named 'concordantmodes.options'
Initial Geometric Internal Coordinate Values:
['1' '2'] R1 = 2.685006407296404
['1' '3'] R2 = 2.0576342503795035
['1' '4'] R3 = 2.068739344106188
['1' '5'] R4 = 2.068739340043222
['2' '6'] R5 = 1.8130883453288267
['2' '1' '3'] A1 = 106.8765896566676
['2' '1' '4'] A2 = 112.2824413394013
['2' '1' '5'] A3 = 112.28244150454864
['1' '2' '6'] A4 = 107.41157765289944
['3' '1' '4'] A5 = 108.22376477570377
['3' '1' '5'] A6 = 108.22360552816234
['4' '1' '5'] A7 = 108.7851835780631
['3' '1' '2' '6'] D1 = 180.00238877004378
['4' '1' '2' '6'] D2 = 61.480653653479756
['5' '1' '2' '6'] D3 = -61.47607043878426
['4' '1' '2' '3'] O1 = 54.39251810253935
['5' '1' '2' '3'] O2 = -54.392665475425936
['3' '1' '2' '4'] O3 = -57.224185215371264
['5' '1' '2' '4'] O4 = 50.934323443649554
['3' '1' '2' '5'] O5 = 57.22434923496627
['4' '1' '2' '5'] O6 = -50.934323527022855
['2' '1' '3' '4'] O7 = 54.99413803606013
['5' '1' '3' '4'] O8 = -57.21863956630368
['2' '1' '3' '5'] O9 = -54.99421386368802
['4' '1' '3' '5'] O10 = 57.2185581514689
['2' '1' '4' '5'] O11 = 49.36453338013725
['3' '1' '4' '5'] O12 = -57.512056276434535
Final Geometric Internal Coordinate Values:
['1' '2'] R1 = 2.685006407296404
['1' '3'] R2 = 2.0576342503795035
['1' '4'] R3 = 2.068739344106188
['1' '5'] R4 = 2.068739340043222
['2' '6'] R5 = 1.8130883453288267
['2' '1' '3'] A1 = 106.8765896566676
['2' '1' '4'] A2 = 112.2824413394013
['2' '1' '5'] A3 = 112.28244150454864
['1' '2' '6'] A4 = 107.41157765289944
['3' '1' '4'] A5 = 108.22376477570377
['3' '1' '5'] A6 = 108.22360552816234
['4' '1' '5'] A7 = 108.7851835780631
['3' '1' '2' '6'] D1 = 180.00238877004378
['4' '1' '2' '6'] D2 = 61.480653653479756
['5' '1' '2' '6'] D3 = -61.47607043878426
['4' '1' '2' '3'] O1 = 54.39251810253935
['5' '1' '2' '3'] O2 = -54.392665475425936
['3' '1' '2' '4'] O3 = -57.224185215371264
['5' '1' '2' '4'] O4 = 50.934323443649554
['3' '1' '2' '5'] O5 = 57.22434923496627
['4' '1' '2' '5'] O6 = -50.934323527022855
['2' '1' '3' '4'] O7 = 54.99413803606013
['5' '1' '3' '4'] O8 = -57.21863956630368
['2' '1' '3' '5'] O9 = -54.99421386368802
['4' '1' '3' '5'] O10 = 57.2185581514689
['2' '1' '4' '5'] O11 = 49.36453338013725
['3' '1' '4' '5'] O12 = -57.512056276434535
Final - Initial Geometric Internal Coordinate Values:
R1 = 0.0
R2 = 0.0
R3 = 0.0
R4 = 0.0
R5 = 0.0
A1 = 0.0
A2 = 0.0
A3 = 0.0
A4 = 0.0
A5 = 0.0
A6 = 0.0
A7 = 0.0
D1 = 0.0
D2 = 0.0
D3 = 0.0
O1 = 0.0
O2 = 0.0
O3 = 0.0
O4 = 0.0
O5 = 0.0
O6 = 0.0
O7 = 0.0
O8 = 0.0
O9 = 0.0
O10 = 0.0
O11 = 0.0
O12 = 0.0
proj singular values:
[3.27507760e+00 3.19223982e+00 3.17483959e+00 1.65498222e+00
 1.49678914e+00 1.24478926e+00 1.10918306e+00 1.10351766e+00
 1.02911450e+00 8.69253064e-01 8.35325109e-01 5.73750574e-01
 3.10252177e-16 2.21758842e-16 2.05731470e-16 1.16828248e-16
 8.54664587e-17 7.93234289e-17]
             frequency #:        1       2       3       4       5       6       7       8       9      10      11      12
--------------------------------------------------------------------------------------------------------------------------
               frequency:      0.0     0.0     0.0     0.0     0.0     0.0     0.0     0.0     0.0     0.0     0.0     0.0
--------------------------------------------------------------------------------------------------------------------------
          C1   O2   STRE:      3.1     0.0     6.2     0.0     2.8    54.1     0.0     0.4     0.5     0.0     6.6    26.5
          C1   H3   STRE:      7.6    -0.0     1.1     0.0     3.7     1.7     0.0    52.7    25.7     0.0     7.3     0.2
          C1   H4   STRE:      0.1     5.9     3.0     2.5     0.9     0.1    36.8    11.0    34.0     4.8     0.3     0.4
          C1   H5   STRE:      0.1     5.9     3.0     2.5     0.9     0.1    36.8    11.0    34.0     4.8     0.3     0.4
          O2   H6   STRE:      0.5     0.0     0.2     0.0    79.9     0.1    -0.0     0.7     0.4     0.0    15.9     2.4
     O2   C1   H3   BEND:      0.2    -0.0     6.0     0.0     2.6     0.2     0.0     1.4     0.4    -0.0    20.5     1.3
     O2   C1   H4   BEND:      2.9     3.0     0.5     1.0     0.4     0.9     0.9     0.3     0.0    15.3     4.0     0.8
     O2   C1   H5   BEND:      2.9     3.0     0.5     1.0     0.4     0.9     0.9     0.3     0.0    15.3     4.0     0.8
     C1   O2   H6   BEND:      1.2    -0.0     1.2    -0.0     2.1    31.2     0.0     0.1     2.3    -0.0     0.0    61.9
     H3   C1   H4   BEND:      3.8     4.1     0.3     1.8     0.7     0.0     4.8     1.6     0.2     8.2     3.3     0.0
     H3   C1   H5   BEND:      3.8     4.1     0.3     1.8     0.7     0.0     4.8     1.6     0.2     8.2     3.3     0.0
     H4   C1   H5   BEND:      0.4     0.0     8.2     0.0     1.5     2.8     0.0     5.8     0.0    -0.0     9.5     1.0
H3   C1   O2   H6   TORS:      0.0     1.4    -0.0    36.6     0.0    -0.0     2.8     0.0     0.0     1.1    -0.0    -0.0
H4   C1   O2   H6   TORS:      2.8     5.3     1.8    24.6     0.1     0.2     0.2     1.3     0.0     5.4     0.3     0.0
H5   C1   O2   H6   TORS:      2.8     5.3     1.8    24.6     0.1     0.2     0.2     1.3     0.0     5.4     0.3     0.0
H4   C1   O2   H3    OOP:      0.1    13.1     2.1     0.1     0.4     0.7     1.1     1.4     0.0     1.6     2.4     0.2
H5   C1   O2   H3    OOP:      0.1    13.1     2.1     0.1     0.4     0.7     1.1     1.4     0.0     1.6     2.4     0.2
H3   C1   O2   H4    OOP:      2.6     8.5     5.2     0.9     0.2     0.0     3.2     0.2     0.1     1.1     2.9     0.3
H5   C1   O2   H4    OOP:     12.5     0.8     3.1     0.2     0.1     0.0     0.2     2.3     0.0     3.9     0.0     0.2
H3   C1   O2   H5    OOP:      2.6     8.5     5.2     0.9     0.2     0.0     3.2     0.2     0.1     1.1     2.9     0.3
H4   C1   O2   H5    OOP:     12.5     0.8     3.1     0.2     0.1     0.0     0.2     2.3     0.0     3.9     0.0     0.2
O2   C1   H3   H4    OOP:      0.2     7.6     7.7     0.1     0.2     0.4     0.0     0.0     0.2     7.0     1.5     0.0
H5   C1   H3   H4    OOP:      4.6     1.1    12.2     0.5     0.0     2.1     1.3     0.3     0.4     2.1     0.2     0.5
O2   C1   H3   H5    OOP:      0.2     7.6     7.7     0.1     0.2     0.4     0.0     0.0     0.2     7.0     1.5     0.0
H4   C1   H3   H5    OOP:      4.6     1.1    12.2     0.5     0.0     2.1     1.3     0.3     0.4     2.1     0.2     0.5
O2   C1   H4   H5    OOP:     15.3     0.0     0.0     0.0     0.3     0.9    -0.0     0.0     0.1    -0.0     5.6     1.6
H3   C1   H4   H5    OOP:     12.4     0.0     5.2     0.0     1.1     0.2    -0.0     2.0     0.7     0.0     4.7     0.0

Normal Coordinate Values:
Normal Coordinate #1   :  0.31266
Normal Coordinate #2   : -0.36590
Normal Coordinate #3   : -0.33096
Normal Coordinate #4   :  1.90183
Normal Coordinate #5   :  0.80405
Normal Coordinate #6   :  0.37421
Normal Coordinate #7   : -0.52405
Normal Coordinate #8   : -0.22241
Normal Coordinate #9   :  3.21754
Normal Coordinate #10  :  0.33276
Normal Coordinate #11  : -1.86141
Normal Coordinate #12  : -3.51244
If something looks wrong with the final frequencies, check these energies!
(Job number 1 == Reference energy) :D
/home/vulcan/nlk36701/github/concordantmodes/examples/2_Methanol/molpro/CMA1/init_nosow/DispsInit
Reference energy: -115.420205054187
Relative plus     2   0    0: -0.000019629
Relative minus    3   0    0:  0.000026186
Relative plus     4   0    1:  0.000016877
Relative minus    5   0    1: -0.000004100
Relative plus     6   0    2: -0.000016563
Relative minus    7   0    2:  0.000029397
Relative plus     8   0    3: -0.000018337
Relative minus    9   0    3:  0.000027467
Relative plus    10   0    4: -0.000061392
Relative minus   11   0    4:  0.000119429
Relative plus    12   0    5: -0.000016263
Relative minus   13   0    5:  0.000045688
Relative plus    14   0    6: -0.000005973
Relative minus   15   0    6:  0.000039767
Relative plus    16   0    7:  0.000097911
Relative minus   17   0    7:  0.000091552
Relative plus    18   0    8:  0.000173622
Relative minus   19   0    8: -0.000132571
Relative plus    20   0    9: -0.000013683
Relative minus   21   0    9:  0.000032113
Relative plus    22   0   10: -0.000067532
Relative minus   23   0   10: -0.000015110
Relative plus    24   0   11: -0.000205521
Relative minus   25   0   11:  0.000281234
Relative plus    26   1    1:  0.000036088
Relative minus   27   1    1: -0.000030682
Relative plus    28   1    2:  0.000039163
Relative minus   29   1    2: -0.000027472
Relative plus    30   1    3:  0.000037374
Relative minus   31   1    3: -0.000029406
Relative plus    32   1    4: -0.000009254
Relative minus   33   1    4:  0.000058867
Relative plus    34   1    5:  0.000045498
Relative minus   35   1    5: -0.000004893
Relative plus    36   1    6:  0.000049789
Relative minus   37   1    6: -0.000017099
Relative plus    38   1    7: -0.000126607
Relative minus   39   1    7: -0.000002055
Relative plus    40   1    8:  0.000158500
Relative minus   41   1    8:  0.000061561
Relative plus    42   1    9:  0.000042043
Relative minus   43   1    9: -0.000024747
Relative plus    44   1   10:  0.000094409
Relative minus   45   1   10:  0.000058174
Relative plus    46   1   11:  0.000042574
Relative minus   47   1   11: -0.000029403
Relative plus    48   2    2:  0.000003056
Relative minus   49   2    2:  0.000003224
Relative plus    50   2    3:  0.000002052
Relative minus   51   2    3:  0.000002214
Relative plus    52   2    4: -0.000040990
Relative minus   53   2    4:  0.000094060
Relative plus    54   2    5:  0.000007054
Relative minus   55   2    5:  0.000023395
Relative plus    56   2    6:  0.000007369
Relative minus   57   2    6:  0.000007538
Relative plus    58   2    7:  0.000005846
Relative minus   59   2    7:  0.000006022
Relative plus    60   2    8:  0.000197189
Relative minus   61   2    8: -0.000154863
Relative plus    62   2    9:  0.000012187
Relative minus   63   2    9:  0.000012355
Relative plus    64   2   10:  0.000063648
Relative minus   65   2   10: -0.000034102
Relative plus    66   2   11:  0.000006427
Relative minus   67   2   11:  0.000028700
Relative plus    68   3    3:  0.000001289
Relative minus   69   3    3:  0.000001284
Relative plus    70   3    4: -0.000042754
Relative minus   71   3    4:  0.000092112
Relative plus    72   3    5:  0.000005300
Relative minus   73   3    5:  0.000021469
Relative plus    74   3    6:  0.000019519
Relative minus   75   3    6:  0.000010289
Relative plus    76   3    7:  0.000004063
Relative minus   77   3    7:  0.000028238
Relative plus    78   3    8:  0.000195210
Relative minus   79   3    8: -0.000156759
Relative plus    80   3    9:  0.000002347
Relative minus   81   3    9:  0.000002342
Relative plus    82   3   10:  0.000061872
Relative minus   83   3   10: -0.000035864
Relative plus    84   3   11:  0.000004480
Relative minus   85   3   11:  0.000026773
Relative plus    86   4    4: -0.000044044
Relative minus   87   4    4:  0.000090829
Relative plus    88   4    5: -0.000046014
Relative minus   89   4    5:  0.000104824
Relative plus    90   4    6: -0.000030464
Relative minus   91   4    6:  0.000104485
Relative plus    92   4    7: -0.000045611
Relative minus   93   4    7:  0.000113383
Relative plus    94   4    8:  0.000153271
Relative minus   95   4    8: -0.000020735
Relative plus    96   4    9: -0.000038118
Relative minus   97   4    9:  0.000096776
Relative plus    98   4   10:  0.000002605
Relative minus   99   4   10:  0.000039302
Relative plus   100   4   11:  0.000082263
Relative minus  101   4   11:  0.000118747
Relative plus   102   5    5:  0.000004013
Relative minus  103   5    5:  0.000020184
Relative plus   104   5    6:  0.000017653
Relative minus  105   5    6:  0.000033780
Relative plus   106   5    7:  0.000003560
Relative minus  107   5    7:  0.000220818
Relative plus   108   5    8:  0.000019678
Relative minus  109   5    8:  0.000166075
Relative plus   110   5    9:  0.000009934
Relative minus  111   5    9:  0.000026136
Relative plus   112   5   10:  0.000016365
Relative minus  113   5   10: -0.000018429
Relative plus   114   5   11:  0.000026257
Relative minus  115   5   11:  0.000052877
Relative plus   116   6    6:  0.000013618
Relative minus  117   6    6:  0.000013619
Relative plus   118   6    7:  0.000016495
Relative minus  119   6    7:  0.000040473
Relative plus   120   6    8:  0.000207764
Relative minus  121   6    8: -0.000144645
Relative plus   122   6    9:  0.000026147
Relative minus  123   6    9:  0.000011202
Relative plus   124   6   10:  0.000074174
Relative minus  125   6   10: -0.000023502
Relative plus   126   6   11:  0.000016801
Relative minus  127   6   11:  0.000039117
Relative plus   128   7    7:  0.000002773
Relative minus  129   7    7:  0.000026956
Relative plus   130   7    8:  0.000197278
Relative minus  131   7    8: -0.000130961
Relative plus   132   7    9:  0.000008735
Relative minus  133   7    9:  0.000032868
Relative plus   134   7   10:  0.000056143
Relative minus  135   7   10: -0.000017549
Relative plus   136   7   11:  0.000003820
Relative minus  137   7   11:  0.000050272
Relative plus   138   8    8:  0.000193913
Relative minus  139   8    8: -0.000158035
Relative plus   140   8    9:  0.000199906
Relative minus  141   8    9: -0.000152155
Relative plus   142   8   10:  0.000255865
Relative minus  143   8   10: -0.000193910
Relative plus   144   8   11:  0.000194504
Relative minus  145   8   11: -0.000135118
Relative plus   146   9    9:  0.000005936
Relative minus  147   9    9:  0.000005937
Relative plus   148   9   10:  0.000066512
Relative minus  149   9   10: -0.000031205
Relative plus   150   9   11:  0.000009122
Relative minus  151   9   11:  0.000031431
Relative plus   152  10   10:  0.000060588
Relative minus  153  10   10: -0.000037153
Relative plus   154  10   11:  0.000054388
Relative minus  155  10   11: -0.000021084
Relative plus   156  11   11:  0.000003204
Relative minus  157  11   11:  0.000025477
Relative energies plus-displacements on the diagonal and plus/plus-displacements on the off-diagonal elements
[[-1.96e-05  1.69e-05 -1.66e-05 -1.83e-05 -6.14e-05 -1.63e-05 -5.97e-06  9.79e-05  1.74e-04 -1.37e-05 -6.75e-05
  -2.06e-04]
 [ 0.00e+00  3.61e-05  3.92e-05  3.74e-05 -9.25e-06  4.55e-05  4.98e-05 -1.27e-04  1.59e-04  4.20e-05  9.44e-05
   4.26e-05]
 [ 0.00e+00  0.00e+00  3.06e-06  2.05e-06 -4.10e-05  7.05e-06  7.37e-06  5.85e-06  1.97e-04  1.22e-05  6.36e-05
   6.43e-06]
 [ 0.00e+00  0.00e+00  0.00e+00  1.29e-06 -4.28e-05  5.30e-06  1.95e-05  4.06e-06  1.95e-04  2.35e-06  6.19e-05
   4.48e-06]
 [ 0.00e+00  0.00e+00  0.00e+00  0.00e+00 -4.40e-05 -4.60e-05 -3.05e-05 -4.56e-05  1.53e-04 -3.81e-05  2.60e-06
   8.23e-05]
 [ 0.00e+00  0.00e+00  0.00e+00  0.00e+00  0.00e+00  4.01e-06  1.77e-05  3.56e-06  1.97e-05  9.93e-06  1.64e-05
   2.63e-05]
 [ 0.00e+00  0.00e+00  0.00e+00  0.00e+00  0.00e+00  0.00e+00  1.36e-05  1.65e-05  2.08e-04  2.61e-05  7.42e-05
   1.68e-05]
 [ 0.00e+00  0.00e+00  0.00e+00  0.00e+00  0.00e+00  0.00e+00  0.00e+00  2.77e-06  1.97e-04  8.73e-06  5.61e-05
   3.82e-06]
 [ 0.00e+00  0.00e+00  0.00e+00  0.00e+00  0.00e+00  0.00e+00  0.00e+00  0.00e+00  1.94e-04  2.00e-04  2.56e-04
   1.95e-04]
 [ 0.00e+00  0.00e+00  0.00e+00  0.00e+00  0.00e+00  0.00e+00  0.00e+00  0.00e+00  0.00e+00  5.94e-06  6.65e-05
   9.12e-06]
 [ 0.00e+00  0.00e+00  0.00e+00  0.00e+00  0.00e+00  0.00e+00  0.00e+00  0.00e+00  0.00e+00  0.00e+00  6.06e-05
   5.44e-05]
 [ 0.00e+00  0.00e+00  0.00e+00  0.00e+00  0.00e+00  0.00e+00  0.00e+00  0.00e+00  0.00e+00  0.00e+00  0.00e+00
   3.20e-06]]
Relative energies minus-displacements on the diagonal and minus/minus-displacements on the off-diagonal elements
[[ 2.62e-05 -4.10e-06  2.94e-05  2.75e-05  1.19e-04  4.57e-05  3.98e-05  9.16e-05 -1.33e-04  3.21e-05 -1.51e-05
   2.81e-04]
 [ 0.00e+00 -3.07e-05 -2.75e-05 -2.94e-05  5.89e-05 -4.89e-06 -1.71e-05 -2.06e-06  6.16e-05 -2.47e-05  5.82e-05
  -2.94e-05]
 [ 0.00e+00  0.00e+00  3.22e-06  2.21e-06  9.41e-05  2.34e-05  7.54e-06  6.02e-06 -1.55e-04  1.24e-05 -3.41e-05
   2.87e-05]
 [ 0.00e+00  0.00e+00  0.00e+00  1.28e-06  9.21e-05  2.15e-05  1.03e-05  2.82e-05 -1.57e-04  2.34e-06 -3.59e-05
   2.68e-05]
 [ 0.00e+00  0.00e+00  0.00e+00  0.00e+00  9.08e-05  1.05e-04  1.04e-04  1.13e-04 -2.07e-05  9.68e-05  3.93e-05
   1.19e-04]
 [ 0.00e+00  0.00e+00  0.00e+00  0.00e+00  0.00e+00  2.02e-05  3.38e-05  2.21e-04  1.66e-04  2.61e-05 -1.84e-05
   5.29e-05]
 [ 0.00e+00  0.00e+00  0.00e+00  0.00e+00  0.00e+00  0.00e+00  1.36e-05  4.05e-05 -1.45e-04  1.12e-05 -2.35e-05
   3.91e-05]
 [ 0.00e+00  0.00e+00  0.00e+00  0.00e+00  0.00e+00  0.00e+00  0.00e+00  2.70e-05 -1.31e-04  3.29e-05 -1.75e-05
   5.03e-05]
 [ 0.00e+00  0.00e+00  0.00e+00  0.00e+00  0.00e+00  0.00e+00  0.00e+00  0.00e+00 -1.58e-04 -1.52e-04 -1.94e-04
  -1.35e-04]
 [ 0.00e+00  0.00e+00  0.00e+00  0.00e+00  0.00e+00  0.00e+00  0.00e+00  0.00e+00  0.00e+00  5.94e-06 -3.12e-05
   3.14e-05]
 [ 0.00e+00  0.00e+00  0.00e+00  0.00e+00  0.00e+00  0.00e+00  0.00e+00  0.00e+00  0.00e+00  0.00e+00 -3.72e-05
  -2.11e-05]
 [ 0.00e+00  0.00e+00  0.00e+00  0.00e+00  0.00e+00  0.00e+00  0.00e+00  0.00e+00  0.00e+00  0.00e+00  0.00e+00
   2.55e-05]]
Computed Force Constants:
[[ 6.56e-02  4.07e-03 -9.30e-06  9.75e-07  2.35e-02 -6.64e-03 -9.80e-07  7.66e-01 -6.92e-03 -1.54e-06 -5.63e-01
   2.02e-01]
 [ 4.07e-03  5.41e-02  2.20e-05 -5.67e-05 -1.29e-02  5.50e-02  2.32e-04 -8.19e-01  8.94e-01  8.01e-05  6.19e-01
  -1.05e-01]
 [-9.30e-06  2.20e-05  6.28e-02 -2.29e-02  3.13e-05 -1.36e-04 -9.30e-02 -1.21e-01  8.44e-04  3.20e-02 -8.41e-04
   8.38e-04]
 [ 9.75e-07 -5.67e-05 -2.29e-02  2.57e-02  1.47e-06 -3.95e-07 -4.54e-06 -9.85e-07  1.26e-06 -4.88e-02  7.51e-08
   5.00e-07]
 [ 2.35e-02 -1.29e-02  3.13e-05  1.47e-06  4.68e-01 -6.09e-02 -3.70e-06 -4.37e-02  2.49e-01  1.72e-06 -1.42e-01
   6.28e-01]
 [-6.64e-03  5.50e-02 -1.36e-04 -3.95e-07 -6.09e-02  2.42e-01 -1.59e-06  8.52e-01  6.28e-01  1.03e-06 -2.48e-01
   1.31e-01]
 [-9.80e-07  2.32e-04 -9.30e-02 -4.54e-06 -3.70e-06 -1.59e-06  2.72e-01  6.40e-06  1.65e-05 -8.81e-03 -1.57e-06
   7.65e-07]
 [ 7.66e-01 -8.19e-01 -1.21e-01 -9.85e-07 -4.37e-02  8.52e-01  6.40e-06  2.97e-01  3.55e-03  2.96e-06 -7.29e-02
  -2.16e-02]
 [-6.92e-03  8.94e-01  8.44e-04  1.26e-06  2.49e-01  6.28e-01  1.65e-05  3.55e-03  3.59e-01  2.88e-06  1.32e-02
  -2.59e-02]
 [-1.54e-06  8.01e-05  3.20e-02 -4.88e-02  1.72e-06  1.03e-06 -8.81e-03  2.96e-06  2.88e-06  1.19e-01 -2.88e-06
  -5.85e-07]
 [-5.63e-01  6.19e-01 -8.41e-04  7.51e-08 -1.42e-01 -2.48e-01 -1.57e-06 -7.29e-02  1.32e-02 -2.88e-06  2.34e-01
  -9.41e-02]
 [ 2.02e-01 -1.05e-01  8.38e-04  5.00e-07  6.28e-01  1.31e-01  7.65e-07 -2.16e-02 -2.59e-02 -5.85e-07 -9.41e-02
   2.87e-01]]
Initial Frequencies:
/home/vulcan/nlk36701/github/concordantmodes/concordantmodes/gf_method.py:72: ComplexWarning: Casting complex values to real discards the imaginary part
  self.freq = self.freq.astype(float)
frequency #  1:   -7863.85
frequency #  2:   -5270.97
frequency #  3:   -1862.02
frequency #  4:    -516.07
frequency #  5:     356.19
frequency #  6:    1164.87
frequency #  7:    1753.50
frequency #  8:    2600.72
frequency #  9:    3295.01
frequency # 10:    4034.32
frequency # 11:    5512.70
frequency # 12:    8555.59
////////////////////////////////////////////
//    Total Energy Distribution (TED)     //
////////////////////////////////////////////
             frequency #:        1       2       3       4       5       6       7       8       9      10      11      12
--------------------------------------------------------------------------------------------------------------------------
               frequency:  -7863.9 -5271.0 -1862.0  -516.1   356.2  1164.9  1753.5  2600.7  3295.0  4034.3  5512.7  8555.6
--------------------------------------------------------------------------------------------------------------------------
               Mode #  1      20.0    14.8     0.0     9.6     3.2     6.2     1.4     9.1     2.8    -0.9    20.1    13.7
               Mode #  2      30.7    18.3     0.5     0.4     0.4     0.4     2.2     3.4    -0.8     1.2    10.8    32.5
               Mode #  3       0.1    -1.4     3.5    26.5    -1.1    28.5    16.6     2.0    25.9     0.3    -0.5    -0.3
               Mode #  4      -0.0    -0.0     0.2    11.8    66.8     0.2    20.8     0.1     0.0     0.1     0.1     0.0
               Mode #  5      -0.0     2.4    21.9    -2.7    -0.2     0.2     0.0     6.5     2.7    66.3     2.7     0.1
               Mode #  6       1.9    19.2     5.7    11.2     6.1     9.0     0.4    28.6    -0.5     3.6    13.5     1.4
               Mode #  7      -0.2    -0.0     0.6     2.2     0.6    11.2    15.7     0.2    68.4     0.9    -0.1     0.4
               Mode #  8      33.2     5.6     3.8     2.4     0.8     1.5     0.1     9.5     0.4     5.1     8.6    29.1
               Mode #  9       6.0    38.8    -0.1     0.8     0.1     0.1     0.0    -0.1    -0.0     0.0    42.9    11.5
               Mode # 10      -0.1    -0.1     0.1    -0.0    17.1    38.7    42.6     0.4     1.0     0.1     0.1     0.0
               Mode # 11       7.8     0.5     4.3    19.5     4.4     4.1     0.1    35.9    -0.0     9.7     2.1    11.7
               Mode # 12       0.6     2.0    59.6    18.3     1.5     0.0     0.2     4.4     0.2    13.7    -0.3    -0.1

TED Frequencies:
frequency #  1:   -7863.85
frequency #  2:   -5270.97
frequency #  3:   -1862.02
frequency #  4:    -516.07
frequency #  5:     356.19
frequency #  6:    1164.87
frequency #  7:    1753.50
frequency #  8:    2600.72
frequency #  9:    3295.01
frequency # 10:    4034.32
frequency # 11:    5512.70
frequency # 12:    8555.59
////////////////////////////////////////////
//    Total Energy Distribution (TED)     //
////////////////////////////////////////////
             frequency #:        1       2       3       4       5       6       7       8       9      10      11      12
--------------------------------------------------------------------------------------------------------------------------
               frequency:  -7863.9 -5271.0 -1862.0  -516.1   356.2  1164.9  1753.5  2600.7  3295.0  4034.3  5512.7  8555.6
--------------------------------------------------------------------------------------------------------------------------
               Mode #  1     100.0     0.0     0.0     0.0     0.0     0.0     0.0     0.0     0.0     0.0     0.0     0.0
               Mode #  2       0.0   100.0     0.0     0.0     0.0     0.0     0.0     0.0     0.0     0.0     0.0     0.0
               Mode #  3       0.0     0.0   100.0     0.0     0.0     0.0     0.0     0.0     0.0     0.0     0.0     0.0
               Mode #  4       0.0     0.0     0.0   100.0     0.0     0.0     0.0     0.0     0.0     0.0     0.0     0.0
               Mode #  5       0.0     0.0     0.0     0.0   100.0     0.0     0.0     0.0     0.0     0.0     0.0     0.0
               Mode #  6       0.0     0.0     0.0     0.0     0.0   100.0     0.0     0.0     0.0     0.0     0.0     0.0
               Mode #  7       0.0     0.0     0.0     0.0     0.0     0.0   100.0     0.0     0.0     0.0     0.0     0.0
               Mode #  8       0.0     0.0     0.0     0.0     0.0     0.0     0.0   100.0     0.0     0.0     0.0     0.0
               Mode #  9       0.0     0.0     0.0     0.0     0.0     0.0     0.0     0.0   100.0     0.0     0.0     0.0
               Mode # 10       0.0     0.0     0.0     0.0     0.0     0.0     0.0     0.0     0.0   100.0     0.0     0.0
               Mode # 11       0.0     0.0     0.0     0.0     0.0     0.0     0.0     0.0     0.0     0.0   100.0     0.0
               Mode # 12       0.0     0.0     0.0     0.0     0.0     0.0     0.0     0.0     0.0     0.0     0.0   100.0

12
[[0, 0], [1, 1], [2, 2], [3, 3], [4, 4], [5, 5], [6, 6], [7, 7], [8, 8], [9, 9], [10, 10], [11, 11]]
proj singular values:
[3.28e+00 3.19e+00 3.17e+00 1.65e+00 1.50e+00 1.24e+00 1.11e+00 1.10e+00 1.03e+00 8.69e-01 8.35e-01 5.74e-01 3.10e-16
 2.22e-16 2.06e-16 1.17e-16 8.55e-17 7.93e-17]
Normal Coordinate Values:
Normal Coordinate #1   : -1.05079
Normal Coordinate #2   : -0.96267
Normal Coordinate #3   : -2.68171
Normal Coordinate #4   :  2.95086
Normal Coordinate #5   :  3.37490
Normal Coordinate #6   : -0.99029
Normal Coordinate #7   : -1.02262
Normal Coordinate #8   : -1.31785
Normal Coordinate #9   :  0.45094
Normal Coordinate #10  : -1.57352
Normal Coordinate #11  : -2.14559
Normal Coordinate #12  :  0.56383
12
If something looks wrong with the final frequencies, check these energies!
(Job number 1 == Reference energy) :D
/home/vulcan/nlk36701/github/concordantmodes/examples/2_Methanol/molpro/CMA1/init_nosow/Disps
Reference energy: -115.550786584142
Relative plus     2   0    0:  0.000000129
Relative minus    3   0    0:  0.000000133
Relative plus     4   1    1:  0.000008585
Relative minus    5   1    1:  0.000008656
Relative plus     6   2    2:  0.000013395
Relative minus    7   2    2:  0.000013247
Relative plus     8   3    3:  0.000003054
Relative minus    9   3    3:  0.000003055
Relative plus    10   4    4:  0.000007700
Relative minus   11   4    4:  0.000007716
Relative plus    12   5    5:  0.000001681
Relative minus   13   5    5:  0.000001676
Relative plus    14   6    6:  0.000002877
Relative minus   15   6    6:  0.000002879
Relative plus    16   7    7:  0.000003387
Relative minus   17   7    7:  0.000003389
Relative plus    18   8    8:  0.000016880
Relative minus   19   8    8:  0.000016665
Relative plus    20   9    9:  0.000016166
Relative minus   21   9    9:  0.000016166
Relative plus    22  10   10:  0.000016809
Relative minus   23  10   10:  0.000017076
Relative plus    24  11   11:  0.000027166
Relative minus   25  11   11:  0.000026523
Relative energies plus-displacements on the diagonal and plus/plus-displacements on the off-diagonal elements
[[1.29e-07 0.00e+00 0.00e+00 0.00e+00 0.00e+00 0.00e+00 0.00e+00 0.00e+00 0.00e+00 0.00e+00 0.00e+00 0.00e+00]
 [0.00e+00 8.59e-06 0.00e+00 0.00e+00 0.00e+00 0.00e+00 0.00e+00 0.00e+00 0.00e+00 0.00e+00 0.00e+00 0.00e+00]
 [0.00e+00 0.00e+00 1.34e-05 0.00e+00 0.00e+00 0.00e+00 0.00e+00 0.00e+00 0.00e+00 0.00e+00 0.00e+00 0.00e+00]
 [0.00e+00 0.00e+00 0.00e+00 3.05e-06 0.00e+00 0.00e+00 0.00e+00 0.00e+00 0.00e+00 0.00e+00 0.00e+00 0.00e+00]
 [0.00e+00 0.00e+00 0.00e+00 0.00e+00 7.70e-06 0.00e+00 0.00e+00 0.00e+00 0.00e+00 0.00e+00 0.00e+00 0.00e+00]
 [0.00e+00 0.00e+00 0.00e+00 0.00e+00 0.00e+00 1.68e-06 0.00e+00 0.00e+00 0.00e+00 0.00e+00 0.00e+00 0.00e+00]
 [0.00e+00 0.00e+00 0.00e+00 0.00e+00 0.00e+00 0.00e+00 2.88e-06 0.00e+00 0.00e+00 0.00e+00 0.00e+00 0.00e+00]
 [0.00e+00 0.00e+00 0.00e+00 0.00e+00 0.00e+00 0.00e+00 0.00e+00 3.39e-06 0.00e+00 0.00e+00 0.00e+00 0.00e+00]
 [0.00e+00 0.00e+00 0.00e+00 0.00e+00 0.00e+00 0.00e+00 0.00e+00 0.00e+00 1.69e-05 0.00e+00 0.00e+00 0.00e+00]
 [0.00e+00 0.00e+00 0.00e+00 0.00e+00 0.00e+00 0.00e+00 0.00e+00 0.00e+00 0.00e+00 1.62e-05 0.00e+00 0.00e+00]
 [0.00e+00 0.00e+00 0.00e+00 0.00e+00 0.00e+00 0.00e+00 0.00e+00 0.00e+00 0.00e+00 0.00e+00 1.68e-05 0.00e+00]
 [0.00e+00 0.00e+00 0.00e+00 0.00e+00 0.00e+00 0.00e+00 0.00e+00 0.00e+00 0.00e+00 0.00e+00 0.00e+00 2.72e-05]]
Relative energies minus-displacements on the diagonal and minus/minus-displacements on the off-diagonal elements
[[1.33e-07 0.00e+00 0.00e+00 0.00e+00 0.00e+00 0.00e+00 0.00e+00 0.00e+00 0.00e+00 0.00e+00 0.00e+00 0.00e+00]
 [0.00e+00 8.66e-06 0.00e+00 0.00e+00 0.00e+00 0.00e+00 0.00e+00 0.00e+00 0.00e+00 0.00e+00 0.00e+00 0.00e+00]
 [0.00e+00 0.00e+00 1.32e-05 0.00e+00 0.00e+00 0.00e+00 0.00e+00 0.00e+00 0.00e+00 0.00e+00 0.00e+00 0.00e+00]
 [0.00e+00 0.00e+00 0.00e+00 3.05e-06 0.00e+00 0.00e+00 0.00e+00 0.00e+00 0.00e+00 0.00e+00 0.00e+00 0.00e+00]
 [0.00e+00 0.00e+00 0.00e+00 0.00e+00 7.72e-06 0.00e+00 0.00e+00 0.00e+00 0.00e+00 0.00e+00 0.00e+00 0.00e+00]
 [0.00e+00 0.00e+00 0.00e+00 0.00e+00 0.00e+00 1.68e-06 0.00e+00 0.00e+00 0.00e+00 0.00e+00 0.00e+00 0.00e+00]
 [0.00e+00 0.00e+00 0.00e+00 0.00e+00 0.00e+00 0.00e+00 2.88e-06 0.00e+00 0.00e+00 0.00e+00 0.00e+00 0.00e+00]
 [0.00e+00 0.00e+00 0.00e+00 0.00e+00 0.00e+00 0.00e+00 0.00e+00 3.39e-06 0.00e+00 0.00e+00 0.00e+00 0.00e+00]
 [0.00e+00 0.00e+00 0.00e+00 0.00e+00 0.00e+00 0.00e+00 0.00e+00 0.00e+00 1.67e-05 0.00e+00 0.00e+00 0.00e+00]
 [0.00e+00 0.00e+00 0.00e+00 0.00e+00 0.00e+00 0.00e+00 0.00e+00 0.00e+00 0.00e+00 1.62e-05 0.00e+00 0.00e+00]
 [0.00e+00 0.00e+00 0.00e+00 0.00e+00 0.00e+00 0.00e+00 0.00e+00 0.00e+00 0.00e+00 0.00e+00 1.71e-05 0.00e+00]
 [0.00e+00 0.00e+00 0.00e+00 0.00e+00 0.00e+00 0.00e+00 0.00e+00 0.00e+00 0.00e+00 0.00e+00 0.00e+00 2.65e-05]]
Computed Force Constants:
[[0.   0.   0.   0.   0.   0.   0.   0.   0.   0.   0.   0.  ]
 [0.   0.17 0.   0.   0.   0.   0.   0.   0.   0.   0.   0.  ]
 [0.   0.   0.27 0.   0.   0.   0.   0.   0.   0.   0.   0.  ]
 [0.   0.   0.   0.06 0.   0.   0.   0.   0.   0.   0.   0.  ]
 [0.   0.   0.   0.   0.15 0.   0.   0.   0.   0.   0.   0.  ]
 [0.   0.   0.   0.   0.   0.03 0.   0.   0.   0.   0.   0.  ]
 [0.   0.   0.   0.   0.   0.   0.06 0.   0.   0.   0.   0.  ]
 [0.   0.   0.   0.   0.   0.   0.   0.07 0.   0.   0.   0.  ]
 [0.   0.   0.   0.   0.   0.   0.   0.   0.34 0.   0.   0.  ]
 [0.   0.   0.   0.   0.   0.   0.   0.   0.   0.32 0.   0.  ]
 [0.   0.   0.   0.   0.   0.   0.   0.   0.   0.   0.34 0.  ]
 [0.   0.   0.   0.   0.   0.   0.   0.   0.   0.   0.   0.54]]
Final Frequencies:
frequency #  1:     310.83
frequency #  2:     514.86
frequency #  3:     865.81
frequency #  4:    1094.68
frequency #  5:    1108.97
frequency #  6:    1590.53
frequency #  7:    1813.96
frequency #  8:    2212.31
frequency #  9:    2295.92
frequency # 10:    2701.93
frequency # 11:    3282.74
frequency # 12:    4438.87
////////////////////////////////////////////
//    Total Energy Distribution (TED)     //
////////////////////////////////////////////
             frequency #:        1       2       3       4       5       6       7       8       9      10      11      12
--------------------------------------------------------------------------------------------------------------------------
               frequency:    310.8   514.9   865.8  1094.7  1109.0  1590.5  1814.0  2212.3  2295.9  2701.9  3282.7  4438.9
--------------------------------------------------------------------------------------------------------------------------
               Mode #  1     100.0     0.0     0.0     0.0     0.0     0.0     0.0     0.0     0.0     0.0     0.0     0.0
               Mode #  2       0.0     0.0     0.0     0.0     0.0     0.0     0.0     0.0   100.0     0.0     0.0     0.0
               Mode #  3       0.0     0.0     0.0     0.0     0.0     0.0   100.0     0.0     0.0     0.0     0.0     0.0
               Mode #  4       0.0   100.0     0.0     0.0     0.0     0.0     0.0     0.0     0.0     0.0     0.0     0.0
               Mode #  5       0.0     0.0     0.0     0.0     0.0   100.0     0.0     0.0     0.0     0.0     0.0     0.0
               Mode #  6       0.0     0.0   100.0     0.0     0.0     0.0     0.0     0.0     0.0     0.0     0.0     0.0
               Mode #  7       0.0     0.0     0.0     0.0   100.0     0.0     0.0     0.0     0.0     0.0     0.0     0.0
               Mode #  8       0.0     0.0     0.0   100.0     0.0     0.0     0.0     0.0     0.0     0.0     0.0     0.0
               Mode #  9       0.0     0.0     0.0     0.0     0.0     0.0     0.0     0.0     0.0     0.0   100.0     0.0
               Mode # 10       0.0     0.0     0.0     0.0     0.0     0.0     0.0   100.0     0.0     0.0     0.0     0.0
               Mode # 11       0.0     0.0     0.0     0.0     0.0     0.0     0.0     0.0     0.0   100.0     0.0     0.0
               Mode # 12       0.0     0.0     0.0     0.0     0.0     0.0     0.0     0.0     0.0     0.0     0.0   100.0

////////////////////////////////////////////
//                Final TED               //
////////////////////////////////////////////
             frequency #:        1       2       3       4       5       6       7       8       9      10      11      12
--------------------------------------------------------------------------------------------------------------------------
               frequency:    310.8   514.9   865.8  1094.7  1109.0  1590.5  1814.0  2212.3  2295.9  2701.9  3282.7  4438.9
--------------------------------------------------------------------------------------------------------------------------
          C1   O2   STRE:     -0.2    79.3     0.7     3.6     0.3    10.7    -0.6     4.5     0.7    -0.0     1.3    -0.1
          C1   H3   STRE:      5.7    -0.1     2.8     3.0     1.8     0.2     0.4     5.6    22.5    37.5     4.4    16.3
          C1   H4   STRE:      3.9     2.1     4.5     3.8     0.0     0.2     0.2     0.1     3.1    13.5    42.2    26.3
          C1   H5   STRE:     20.6     0.9    28.3    -0.0     1.7     2.6     3.8     2.5    12.3     4.1    14.6     8.7
          O2   H6   STRE:      2.8     4.1     0.1     0.3     0.0     0.2    22.6    59.2     2.7     3.8     0.7     3.5
     O2   C1   H3   BEND:      1.1    -0.3     7.7    13.6     2.0     1.0     4.7    -0.1    -0.4    -0.1     1.8     1.5
     O2   C1   H4   BEND:      4.1     0.1     4.3     1.1    14.1     0.4     2.3     1.1     0.9     0.5    -0.1     1.1
     O2   C1   H5   BEND:      0.2     0.8     3.2     0.4    12.7     1.7     2.0     1.6     5.1     2.2     0.1    -0.1
     C1   O2   H6   BEND:      1.0     0.4    -0.1    21.0    -0.0    -0.0    46.4    12.4     0.8    17.4     0.0     0.7
     H3   C1   H4   BEND:      0.2    -0.2     0.8     9.5    10.1    -0.2     1.4    -0.1     3.6     1.1     2.6     0.2
     H3   C1   H5   BEND:      4.1    -0.1     2.9     4.4     8.8    -0.0     0.8     0.1    -0.0     0.3     2.2     5.5
     H4   C1   H5   BEND:     -0.2     1.5    -0.2    12.3     0.7    -0.1     7.4     3.7     0.8     1.5     1.7     0.0
H3   C1   O2   H6   TORS:      0.6     3.1     0.6     0.1     6.2    28.3     0.0     0.0     0.3     0.3     1.7     0.8
H4   C1   O2   H6   TORS:     -0.0     2.7     4.7     3.2     2.2    22.6     0.4     0.0     2.5     0.5     1.7     1.5
H5   C1   O2   H6   TORS:      6.2     5.2    -0.2     1.1     0.0    26.2     0.4     0.3     0.2     0.5     0.3     1.9
H4   C1   O2   H3    OOP:      3.3     0.1    -1.0     5.5     2.3     0.7     2.3     0.5     1.1     0.2     3.2     5.0
H5   C1   O2   H3    OOP:      4.7     0.8     2.1     1.2    -0.8     0.9     1.4     1.5     4.3     3.2     0.1     3.9
H3   C1   O2   H4    OOP:     -0.4    -0.1     6.4    -0.9    -0.1     0.9    -0.4    -0.1     4.0     1.6     8.2     5.9
H5   C1   O2   H4    OOP:      4.8     0.0    -0.4     2.2     9.7     1.0    -0.1    -0.0     4.4     0.5     1.6    -0.2
H3   C1   O2   H5    OOP:     11.8    -0.1     3.0     1.1     7.1     0.0     0.2    -0.2     0.2     0.7    -0.0     1.4
H4   C1   O2   H5    OOP:      9.1     0.1     8.0     1.9    -0.3    -0.1    -0.1    -0.0     2.0     0.1     2.7     0.4
O2   C1   H3   H4    OOP:      1.0    -0.4    -0.8     0.4    13.5     2.1    -0.3     0.1     0.0     0.0     2.8     6.7
H5   C1   H3   H4    OOP:      2.2     0.3     5.9    -0.3    -0.8    -0.0     1.4     2.4     3.5     1.4     4.3     4.9
O2   C1   H3   H5    OOP:      3.3     0.0    12.6     2.0    -0.1     0.2    -0.1     0.4     3.8     1.9     0.8     0.1
H4   C1   H3   H5    OOP:      0.0     0.2     0.2    -0.3     8.2     0.0     1.1     2.9     8.2     4.2     0.1     0.6
O2   C1   H4   H5    OOP:      8.4     0.4     1.7    -1.9     0.4     0.4     1.9     1.5     7.9     2.4     0.7    -0.1
H3   C1   H4   H5    OOP:      1.8    -0.8     2.1    11.7     0.5     0.0     0.6     0.1     5.5     1.0     0.3     3.4

Final ZPVE in: 11115.70 (cm^-1)  31.78 (kcal mol^-1)   0.05 (hartrees) 
print_const has run
Frequency Shift (cm^-1): 
[ 8174.68  5785.83  2727.83  1610.75   752.78   425.66    60.46  -388.41  -999.08 -1332.39 -2229.96 -4116.72]
This program took 1.5450396537780762 seconds to run.
