Initial Geometric Internal Coordinate Values:
['1' '2'] R1 = 1.8130525861320914
['2' '3'] R2 = 1.8130525861320914
['1' '2' '3'] A1 = 103.58217001794341
Final Geometric Internal Coordinate Values:
['1' '2'] R1 = 1.8130525861320914
['2' '3'] R2 = 1.8130525861320914
['1' '2' '3'] A1 = 103.58217001794341
Final - Initial Geometric Internal Coordinate Values:
R1 = 0.0
R2 = 0.0
A1 = 0.0
proj singular values:
[1.53208488 1.494938   0.88182498]
             frequency #:        1       2       3
--------------------------------------------------
               frequency:      0.0     0.0     0.0
--------------------------------------------------
          H1   O2   STRE:     31.5    50.0    18.5
          O2   H3   STRE:     31.5    50.0    18.5
     H1   O2   H3   BEND:     37.1     0.0    62.9

Initial Frequencies:
/home/vulcan/mel64643/packages/concordantmodes/gf_method.py:67: ComplexWarning: Casting complex values to real discards the imaginary part
  self.freq = self.freq.astype(float)
frequency #  1:    1657.94
frequency #  2:    3907.43
frequency #  3:    4021.15
////////////////////////////////////////////
//    Total Energy Distribution (TED)     //
////////////////////////////////////////////
             frequency #:        1       2       3
--------------------------------------------------
               frequency:   1657.9  3907.4  4021.2
--------------------------------------------------
               Mode #  1      41.4    58.6     0.0
               Mode #  2       0.0     0.0   100.0
               Mode #  3      58.6    41.4     0.0

TED Frequencies:
frequency #  1:    1657.94
frequency #  2:    3907.43
frequency #  3:    4021.15
////////////////////////////////////////////
//    Total Energy Distribution (TED)     //
////////////////////////////////////////////
             frequency #:        1       2       3
--------------------------------------------------
               frequency:   1657.9  3907.4  4021.2
--------------------------------------------------
               Mode #  1     100.0     0.0     0.0
               Mode #  2       0.0   100.0     0.0
               Mode #  3       0.0     0.0   100.0

3
[[0, 0], [1, 1], [2, 2]]
proj singular values:
[1.53208488 1.494938   0.88182498]
Normal Coordinate Values:
Normal Coordinate #1   :  1.79244
Normal Coordinate #2   : -2.70385
Normal Coordinate #3   :  0.00000
The displacements have been generated, now they must be run locally.
Traceback (most recent call last):
  File "/home/vulcan/mel64643/packages/concordantmodes/Example/1_H2O/psi4/CMA_0B/Redundants/manual_submission/Step1/main.py", line 24, in <module>
    CMA_obj.run()
  File "/home/vulcan/mel64643/packages/concordantmodes/cma.py", line 369, in run
    raise RuntimeError
RuntimeError
