Initial Geometric Internal Coordinate Values:
['1' '2'] R1 = 2.685006407296404
['1' '3'] R2 = 2.0576342503795035
['1' '4'] R3 = 2.068739344106188
['1' '5'] R4 = 2.068739340043222
['2' '6'] R5 = 1.8130883453288267
['2' '1' '3'] A1 = 106.8765896566676
['2' '1' '4'] A2 = 112.2824413394013
['2' '1' '5'] A3 = 112.28244150454864
['1' '2' '6'] A4 = 107.41157765289944
['3' '1' '4'] A5 = 108.22376477570377
['3' '1' '5'] A6 = 108.22360552816234
['4' '1' '5'] A7 = 108.7851835780631
['3' '1' '2' '6'] D1 = 180.00238877004378
['4' '1' '2' '6'] D2 = 61.480653653479756
['5' '1' '2' '6'] D3 = -61.47607043878426
['4' '1' '2' '3'] O1 = 54.39251810253935
['5' '1' '2' '3'] O2 = -54.392665475425936
['3' '1' '2' '4'] O3 = -57.224185215371264
['5' '1' '2' '4'] O4 = 50.934323443649554
['3' '1' '2' '5'] O5 = 57.22434923496627
['4' '1' '2' '5'] O6 = -50.934323527022855
['2' '1' '3' '4'] O7 = 54.99413803606013
['5' '1' '3' '4'] O8 = -57.21863956630368
['2' '1' '3' '5'] O9 = -54.99421386368802
['4' '1' '3' '5'] O10 = 57.2185581514689
['2' '1' '4' '5'] O11 = 49.36453338013725
['3' '1' '4' '5'] O12 = -57.512056276434535
Final Geometric Internal Coordinate Values:
['1' '2'] R1 = 2.685006407296404
['1' '3'] R2 = 2.0576342503795035
['1' '4'] R3 = 2.068739344106188
['1' '5'] R4 = 2.068739340043222
['2' '6'] R5 = 1.8130883453288267
['2' '1' '3'] A1 = 106.8765896566676
['2' '1' '4'] A2 = 112.2824413394013
['2' '1' '5'] A3 = 112.28244150454864
['1' '2' '6'] A4 = 107.41157765289944
['3' '1' '4'] A5 = 108.22376477570377
['3' '1' '5'] A6 = 108.22360552816234
['4' '1' '5'] A7 = 108.7851835780631
['3' '1' '2' '6'] D1 = 180.00238877004378
['4' '1' '2' '6'] D2 = 61.480653653479756
['5' '1' '2' '6'] D3 = -61.47607043878426
['4' '1' '2' '3'] O1 = 54.39251810253935
['5' '1' '2' '3'] O2 = -54.392665475425936
['3' '1' '2' '4'] O3 = -57.224185215371264
['5' '1' '2' '4'] O4 = 50.934323443649554
['3' '1' '2' '5'] O5 = 57.22434923496627
['4' '1' '2' '5'] O6 = -50.934323527022855
['2' '1' '3' '4'] O7 = 54.99413803606013
['5' '1' '3' '4'] O8 = -57.21863956630368
['2' '1' '3' '5'] O9 = -54.99421386368802
['4' '1' '3' '5'] O10 = 57.2185581514689
['2' '1' '4' '5'] O11 = 49.36453338013725
['3' '1' '4' '5'] O12 = -57.512056276434535
Final - Initial Geometric Internal Coordinate Values:
R1 = 0.0
R2 = 0.0
R3 = 0.0
R4 = 0.0
R5 = 0.0
A1 = 0.0
A2 = 0.0
A3 = 0.0
A4 = 0.0
A5 = 0.0
A6 = 0.0
A7 = 0.0
D1 = 0.0
D2 = 0.0
D3 = 0.0
O1 = 0.0
O2 = 0.0
O3 = 0.0
O4 = 0.0
O5 = 0.0
O6 = 0.0
O7 = 0.0
O8 = 0.0
O9 = 0.0
O10 = 0.0
O11 = 0.0
O12 = 0.0
proj singular values:
[3.27507760e+00 3.19223982e+00 3.17483959e+00 1.65498222e+00
 1.49678914e+00 1.24478926e+00 1.10918306e+00 1.10351766e+00
 1.02911450e+00 8.69253064e-01 8.35325109e-01 5.73750574e-01
 3.10252177e-16 2.21758842e-16 2.05731470e-16 1.16828248e-16
 8.54664587e-17 7.93234289e-17]
The eigenvectors (check these for phase):
[[-0.17679784  0.         -0.24850236  0.         -0.16693054  0.73525194
   0.         -0.05921884  0.06833704  0.         -0.25640023 -0.51440254]
 [ 0.27508334  0.         -0.1063073   0.         -0.19235987 -0.12959029
   0.          0.72582653  0.50694668  0.         -0.27049619 -0.04737804]
 [-0.03437241  0.24336663  0.17417082 -0.15857783  0.0954224  -0.03449424
  -0.60633109 -0.33211463  0.5831678   0.21906506  0.05859794 -0.06609163]
 [-0.03437997 -0.24337861  0.17415254  0.15857115  0.09543422 -0.03449064
   0.60632796 -0.33211734  0.58317121 -0.21906004  0.05860061 -0.06609184]
 [ 0.07176022  0.         -0.04720792  0.          0.89397432 -0.02989682
   0.          0.08144468 -0.06073658  0.         -0.39826306 -0.15363057]
 [-0.03996216  0.          0.24570405  0.         -0.16078144 -0.04505978
   0.         -0.11818007 -0.06099532  0.         -0.45266274  0.11393666]
 [ 0.16942597 -0.17415804  0.07313976 -0.09792268  0.06149083  0.0933302
   0.09692976  0.05810614 -0.01359046  0.39088394  0.20112456 -0.08885931]
 [ 0.16943121  0.17414704  0.07315296  0.09791856  0.06150091  0.09333667
  -0.09692949  0.0581081  -0.01358773 -0.39087947  0.20112489 -0.08886804]
 [-0.10921835  0.          0.10945967  0.         -0.14522981 -0.55879548
   0.         -0.02423482 -0.15188985  0.          0.00501788 -0.78680545]
 [-0.1958728  -0.20212646 -0.05163996  0.13512446  0.08330158  0.01310628
  -0.21963973  0.12759636  0.04356229 -0.28554785  0.1823836  -0.01585282]
 [-0.19586592  0.20213677 -0.05162458 -0.13513048  0.08329189  0.01309837
   0.21964025  0.12759478  0.04356015  0.28555061  0.18238343 -0.01584853]
 [ 0.06127267  0.         -0.28649079  0.         -0.12369443 -0.16837625
   0.         -0.23979303  0.00498618  0.         -0.30781512  0.09851245]
 [ 0.         -0.11646793  0.          0.60536012  0.          0.
  -0.16680699  0.          0.          0.10590478  0.          0.        ]
 [ 0.16812501  0.22922247 -0.13359612  0.49600631 -0.03513226 -0.04056464
   0.04628939 -0.11418135 -0.00696173  0.23251113 -0.05115204 -0.00209808]
 [-0.16812455  0.22921787  0.13361897  0.496002    0.03512722  0.04056161
   0.04629043  0.11417766  0.00696082  0.23251252  0.05116498  0.00209816]
 [ 0.03064254  0.36198802 -0.14323192 -0.02695336 -0.06184654 -0.08418849
   0.10624857 -0.1198963   0.00249349 -0.12758827 -0.1539071   0.04925369]
 [-0.03063013  0.36197809  0.14325887 -0.02695846  0.06184789  0.08418775
   0.10624878  0.11989673 -0.00249269 -0.12758613  0.15390802 -0.04925876]
 [-0.16073954 -0.29178274  0.22853243  0.09230178 -0.04610423  0.01300824
  -0.17986324  0.04068847 -0.02286408 -0.10686361 -0.1701081   0.05545611]
 [-0.35411608 -0.08792039  0.17650799 -0.04943683  0.02507169  0.01767952
   0.04893489  0.15306689  0.01798032  0.19733343 -0.0198103   0.04821606]
 [ 0.1607299  -0.29177066 -0.22855458  0.09230118  0.04610981 -0.01300288
  -0.17986399 -0.04068723  0.02286506 -0.10686075  0.17010929 -0.05545667]
 [ 0.35411344 -0.0879186  -0.17651466 -0.04943202 -0.02507678 -0.01768279
   0.04893337 -0.15306788 -0.0179817   0.19733347  0.01981014 -0.04821165]
 [-0.04343792  0.27512026 -0.27716505  0.03596069  0.04556778 -0.06040382
   0.00538666 -0.0114194   0.04945    -0.26469645  0.12444871 -0.00644424]
 [-0.21513779  0.10335586 -0.3496001  -0.06908228 -0.00300228 -0.14459545
   0.11228974 -0.05328996  0.06585985  0.14598462 -0.0423552   0.07313082]
 [ 0.0434468   0.27509786  0.27718514  0.03596171 -0.04556195  0.06040654
   0.00538719  0.01142051 -0.04944812 -0.26469787 -0.1244481   0.00643725]
 [ 0.21514158  0.10332252  0.34960712 -0.06908476  0.00299692  0.14459089
   0.11229085  0.05328838 -0.06586094  0.14598778  0.04235411 -0.07312832]
 [-0.39154469  0.          0.01847087  0.         -0.05467428 -0.09457862
   0.          0.02198685  0.02547178  0.         -0.23677477  0.12707876]
 [-0.35158253  0.         -0.22723318  0.          0.10610716 -0.04951883
   0.          0.14016691  0.08646709  0.          0.21588796  0.0131421 ]]
             frequency #:        1       2       3       4       5       6       7       8       9      10      11      12
--------------------------------------------------------------------------------------------------------------------------
               frequency:      0.0     0.0     0.0     0.0     0.0     0.0     0.0     0.0     0.0     0.0     0.0     0.0
--------------------------------------------------------------------------------------------------------------------------
               B1   STRE:      3.1     0.0     6.2     0.0     2.8    54.1     0.0     0.4     0.5     0.0     6.6    26.5
               B2   STRE:      7.6    -0.0     1.1     0.0     3.7     1.7     0.0    52.7    25.7     0.0     7.3     0.2
               B3   STRE:      0.1     5.9     3.0     2.5     0.9     0.1    36.8    11.0    34.0     4.8     0.3     0.4
               B4   STRE:      0.1     5.9     3.0     2.5     0.9     0.1    36.8    11.0    34.0     4.8     0.3     0.4
               B5   STRE:      0.5     0.0     0.2     0.0    79.9     0.1    -0.0     0.7     0.4     0.0    15.9     2.4
               A1   BEND:      0.2    -0.0     6.0     0.0     2.6     0.2     0.0     1.4     0.4    -0.0    20.5     1.3
               A2   BEND:      2.9     3.0     0.5     1.0     0.4     0.9     0.9     0.3     0.0    15.3     4.0     0.8
               A3   BEND:      2.9     3.0     0.5     1.0     0.4     0.9     0.9     0.3     0.0    15.3     4.0     0.8
               A4   BEND:      1.2    -0.0     1.2    -0.0     2.1    31.2     0.0     0.1     2.3    -0.0     0.0    61.9
               A5   BEND:      3.8     4.1     0.3     1.8     0.7     0.0     4.8     1.6     0.2     8.2     3.3     0.0
               A6   BEND:      3.8     4.1     0.3     1.8     0.7     0.0     4.8     1.6     0.2     8.2     3.3     0.0
               A7   BEND:      0.4     0.0     8.2     0.0     1.5     2.8     0.0     5.8     0.0    -0.0     9.5     1.0
               D1   TORS:      0.0     1.4    -0.0    36.6     0.0    -0.0     2.8     0.0     0.0     1.1    -0.0    -0.0
               D2   TORS:      2.8     5.3     1.8    24.6     0.1     0.2     0.2     1.3     0.0     5.4     0.3     0.0
               D3   TORS:      2.8     5.3     1.8    24.6     0.1     0.2     0.2     1.3     0.0     5.4     0.3     0.0
               O1    OOP:      0.1    13.1     2.1     0.1     0.4     0.7     1.1     1.4     0.0     1.6     2.4     0.2
               O2    OOP:      0.1    13.1     2.1     0.1     0.4     0.7     1.1     1.4     0.0     1.6     2.4     0.2
               O3    OOP:      2.6     8.5     5.2     0.9     0.2     0.0     3.2     0.2     0.1     1.1     2.9     0.3
               O4    OOP:     12.5     0.8     3.1     0.2     0.1     0.0     0.2     2.3     0.0     3.9     0.0     0.2
               O5    OOP:      2.6     8.5     5.2     0.9     0.2     0.0     3.2     0.2     0.1     1.1     2.9     0.3
               O6    OOP:     12.5     0.8     3.1     0.2     0.1     0.0     0.2     2.3     0.0     3.9     0.0     0.2
               O7    OOP:      0.2     7.6     7.7     0.1     0.2     0.4     0.0     0.0     0.2     7.0     1.5     0.0
               O8    OOP:      4.6     1.1    12.2     0.5     0.0     2.1     1.3     0.3     0.4     2.1     0.2     0.5
               O9    OOP:      0.2     7.6     7.7     0.1     0.2     0.4     0.0     0.0     0.2     7.0     1.5     0.0
               O10   OOP:      4.6     1.1    12.2     0.5     0.0     2.1     1.3     0.3     0.4     2.1     0.2     0.5
               O11   OOP:     15.3     0.0     0.0     0.0     0.3     0.9    -0.0     0.0     0.1    -0.0     5.6     1.6
               O12   OOP:     12.4     0.0     5.2     0.0     1.1     0.2    -0.0     2.0     0.7     0.0     4.7     0.0

Normal Coordinate Values:
Normal Coordinate #1   :  0.31266
Normal Coordinate #2   : -0.36590
Normal Coordinate #3   : -0.33096
Normal Coordinate #4   :  1.90183
Normal Coordinate #5   :  0.80405
Normal Coordinate #6   :  0.37421
Normal Coordinate #7   : -0.52405
Normal Coordinate #8   : -0.22241
Normal Coordinate #9   :  3.21754
Normal Coordinate #10  :  0.33276
Normal Coordinate #11  : -1.86141
Normal Coordinate #12  : -3.51244
If something looks wrong with the final frequencies, check these energies!
(Job number 1 == Reference energy) :D
/home/vulcan/nlk36701/github/concordantmodes/examples/2_Methanol/molpro/CMA1/standard/DispsInit
Success regex re.compile('Variable memory released')
If something looks wrong with the final frequencies, check these energies!
(Job number 1 == Reference energy) :D
/home/vulcan/nlk36701/github/concordantmodes/examples/2_Methanol/molpro/CMA1/standard/DispsInit
Reference energy: -115.420205054187
p_en
-115.420236139303
Relative plus     2   0    0: -0.000031085
m_en
-115.420167744143
Relative minus    3   0    0:  0.000037310
p_en
-115.420233051615
Relative plus     4   0    1: -0.000027997
m_en
-115.420164665841
Relative minus    5   0    1:  0.000040388
p_en
-115.420255229852
Relative plus     6   0    2: -0.000050176
m_en
-115.420144566597
Relative minus    7   0    2:  0.000060488
p_en
-115.420234742601
Relative plus     8   0    3: -0.000029688
m_en
-115.42016635774
Relative minus    9   0    3:  0.000038696
p_en
-115.420276387137
Relative plus    10   0    4: -0.000071333
m_en
-115.420073535212
Relative minus   11   0    4:  0.000131519
p_en
-115.420235197263
Relative plus    12   0    5: -0.000030143
m_en
-115.420150377909
Relative minus   13   0    5:  0.000054676
p_en
-115.420221732361
Relative plus    14   0    6: -0.000016678
m_en
-115.420153368275
Relative minus   15   0    6:  0.000051686
p_en
-115.420224928584
Relative plus    16   0    7: -0.000019874
m_en
-115.42013193635
Relative minus   17   0    7:  0.000073118
p_en
-115.420394201574
Relative plus    18   0    8: -0.000189147
m_en
-115.419968048787
Relative minus   19   0    8:  0.000237005
p_en
-115.42023052861
Relative plus    20   0    9: -0.000025474
m_en
-115.420162127552
Relative minus   21   0    9:  0.000042927
p_en
-115.420188952362
Relative plus    22   0   10:  0.000016102
m_en
-115.420196520237
Relative minus   23   0   10:  0.000008534
p_en
-115.420207482138
Relative plus    24   0   11: -0.000002428
m_en
-115.42016099577
Relative minus   25   0   11:  0.000044058
p_en
-115.420201970871
Relative plus    26   1    1:  0.000003083
m_en
-115.420201971636
Relative minus   27   1    1:  0.000003083
p_en
-115.420220155955
Relative plus    28   1    2: -0.000015102
m_en
-115.420177819209
Relative minus   29   1    2:  0.000027235
p_en
-115.420203110867
Relative plus    30   1    3:  0.000001943
m_en
-115.420203116995
Relative minus   31   1    3:  0.000001937
p_en
-115.420244781691
Relative plus    32   1    4: -0.000039728
m_en
-115.420110426843
Relative minus   33   1    4:  0.000094627
p_en
-115.420197958636
Relative plus    34   1    5:  0.000007096
m_en
-115.420181457212
Relative minus   35   1    5:  0.000023597
p_en
-115.420197017245
Relative plus    36   1    6:  0.000008037
m_en
-115.420197017572
Relative minus   37   1    6:  0.000008037
p_en
-115.420198839023
Relative plus    38   1    7:  0.000006215
m_en
-115.420174515204
Relative minus   39   1    7:  0.000030539
p_en
-115.420362884868
Relative plus    40   1    8: -0.000157831
m_en
-115.420005149395
Relative minus   41   1    8:  0.000199905
p_en
-115.420194114867
Relative plus    42   1    9:  0.000010939
m_en
-115.420194112214
Relative minus   43   1    9:  0.000010942
p_en
-115.420152854388
Relative plus    44   1   10:  0.000052200
m_en
-115.420228792606
Relative minus   45   1   10: -0.000023738
p_en
-115.420176989097
Relative plus    46   1   11:  0.000028065
m_en
-115.42019879753
Relative minus   47   1   11:  0.000006257
p_en
-115.420223222911
Relative plus    48   2    2: -0.000018169
m_en
-115.420180918037
Relative minus   49   2    2:  0.000024136
p_en
-115.420221833673
Relative plus    50   2    3: -0.000016779
m_en
-115.420179524478
Relative minus   51   2    3:  0.000025530
p_en
-115.420265574334
Relative plus    52   2    4: -0.000060520
m_en
-115.420089015421
Relative minus   53   2    4:  0.000116039
p_en
-115.420223728445
Relative plus    54   2    5: -0.000018674
m_en
-115.420165023584
Relative minus   55   2    5:  0.000040031
p_en
-115.420208905998
Relative plus    56   2    6: -0.000003852
m_en
-115.420166452311
Relative minus   57   2    6:  0.000038602
p_en
-115.420226111989
Relative plus    58   2    7: -0.000021058
m_en
-115.420159491709
Relative minus   59   2    7:  0.000045562
p_en
-115.420380578323
Relative plus    60   2    8: -0.000175524
m_en
-115.419980468407
Relative minus   61   2    8:  0.000224586
p_en
-115.42021761735
Relative plus    62   2    9: -0.000012563
m_en
-115.420175296422
Relative minus   63   2    9:  0.000029758
p_en
-115.420170918972
Relative plus    64   2   10:  0.000034135
m_en
-115.420204611564
Relative minus   65   2   10:  0.000000443
p_en
-115.420196185199
Relative plus    66   2   11:  0.000008869
m_en
-115.420175788145
Relative minus   67   2   11:  0.000029266
p_en
-115.420203659994
Relative plus    68   3    3:  0.000001394
m_en
-115.420203665359
Relative minus   69   3    3:  0.000001389
p_en
-115.420246464466
Relative plus    70   3    4: -0.000041410
m_en
-115.420112127196
Relative minus   71   3    4:  0.000092927
p_en
-115.420199647601
Relative plus    72   3    5:  0.000005407
m_en
-115.42018315195
Relative minus   73   3    5:  0.000021902
p_en
-115.42018360557
Relative plus    74   3    6:  0.000021449
m_en
-115.420183610502
Relative minus   75   3    6:  0.000021444
p_en
-115.420200541707
Relative plus    76   3    7:  0.000004512
m_en
-115.420176195521
Relative minus   77   3    7:  0.000028859
p_en
-115.420364549904
Relative plus    78   3    8: -0.000159496
m_en
-115.420006867236
Relative minus   79   3    8:  0.000198187
p_en
-115.420202656306
Relative plus    80   3    9:  0.000002398
m_en
-115.420202658254
Relative minus   81   3    9:  0.000002396
p_en
-115.420154539809
Relative plus    82   3   10:  0.000050514
m_en
-115.420230489957
Relative minus   83   3   10: -0.000025436
p_en
-115.420178678828
Relative plus    84   3   11:  0.000026375
m_en
-115.420200490358
Relative minus   85   3   11:  0.000004564
p_en
-115.420247858249
Relative plus    86   4    4: -0.000042804
m_en
-115.420113516484
Relative minus   87   4    4:  0.000091538
p_en
-115.420248159932
Relative plus    88   4    5: -0.000043106
m_en
-115.420097486204
Relative minus   89   4    5:  0.000107568
p_en
-115.420233511733
Relative plus    90   4    6: -0.000028458
m_en
-115.420099080176
Relative minus   91   4    6:  0.000105974
p_en
-115.420246722421
Relative plus    92   4    7: -0.000041668
m_en
-115.420087936531
Relative minus   93   4    7:  0.000117118
p_en
-115.420411707342
Relative plus    94   4    8: -0.000206653
m_en
-115.419919753642
Relative minus   95   4    8:  0.000285301
p_en
-115.42024225819
Relative plus    96   4    9: -0.000037204
m_en
-115.420107887818
Relative minus   97   4    9:  0.000097166
p_en
-115.420211404577
Relative plus    98   4   10: -0.000006350
m_en
-115.420153473723
Relative minus   99   4   10:  0.000051580
p_en
-115.420225009332
Relative plus   100   4   11: -0.000019955
m_en
-115.420112772878
Relative minus  101   4   11:  0.000092281
p_en
-115.420201040258
Relative plus   102   5    5:  0.000004014
m_en
-115.42018454217
Relative minus  103   5    5:  0.000020512
p_en
-115.42018663012
Relative plus   104   5    6:  0.000018424
m_en
-115.420170169627
Relative minus  105   5    6:  0.000034885
p_en
-115.420201363208
Relative plus   106   5    7:  0.000003691
m_en
-115.420160632642
Relative minus  107   5    7:  0.000044422
p_en
-115.420361929113
Relative plus   108   5    8: -0.000156875
m_en
-115.41998775447
Relative minus  109   5    8:  0.000217300
p_en
-115.420195454212
Relative plus   110   5    9:  0.000009600
m_en
-115.42017890048
Relative minus  111   5    9:  0.000026154
p_en
-115.420153557622
Relative plus   112   5   10:  0.000051497
m_en
-115.420213113562
Relative minus  113   5   10: -0.000008059
p_en
-115.420183372047
Relative plus   114   5   11:  0.000021682
m_en
-115.420188804904
Relative minus  115   5   11:  0.000016249
p_en
-115.420190662999
Relative plus   116   6    6:  0.000014391
m_en
-115.420190662562
Relative minus  117   6    6:  0.000014392
p_en
-115.42018742923
Relative plus   118   6    7:  0.000017625
m_en
-115.420163307147
Relative minus  119   6    7:  0.000041747
p_en
-115.420351778028
Relative plus   120   6    8: -0.000146724
m_en
-115.419993635741
Relative minus  121   6    8:  0.000211418
p_en
-115.420191154231
Relative plus   122   6    9:  0.000013900
m_en
-115.420191150372
Relative minus  123   6    9:  0.000013904
p_en
-115.420141577147
Relative plus   124   6   10:  0.000063477
m_en
-115.420217452748
Relative minus  125   6   10: -0.000012399
p_en
-115.420165666158
Relative plus   126   6   11:  0.000039388
m_en
-115.420187503546
Relative minus  127   6   11:  0.000017551
p_en
-115.420201943651
Relative plus   128   7    7:  0.000003111
m_en
-115.42017757693
Relative minus  129   7    7:  0.000027477
p_en
-115.420363370977
Relative plus   130   7    8: -0.000158317
m_en
-115.419980927044
Relative minus  131   7    8:  0.000224127
p_en
-115.420196322559
Relative plus   132   7    9:  0.000008732
m_en
-115.420171970468
Relative minus  133   7    9:  0.000033084
p_en
-115.420159436023
Relative plus   134   7   10:  0.000045618
m_en
-115.420211124952
Relative minus  135   7   10: -0.000006071
p_en
-115.420176031087
Relative plus   136   7   11:  0.000029023
m_en
-115.420173518837
Relative minus  137   7   11:  0.000031535
p_en
-115.420365928351
Relative plus   138   8    8: -0.000160874
m_en
-115.420008272069
Relative minus  139   8    8:  0.000196782
p_en
-115.420360354982
Relative plus   140   8    9: -0.000155301
m_en
-115.42000261772
Relative minus  141   8    9:  0.000202436
p_en
-115.420318205826
Relative plus   142   8   10: -0.000113152
m_en
-115.420036498678
Relative minus  143   8   10:  0.000168556
p_en
-115.420343864445
Relative plus   144   8   11: -0.000138810
m_en
-115.420008048545
Relative minus  145   8   11:  0.000197006
p_en
-115.420199442288
Relative plus   146   9    9:  0.000005612
m_en
-115.42019943887
Relative minus  147   9    9:  0.000005615
p_en
-115.420150350929
Relative plus   148   9   10:  0.000054703
m_en
-115.420226235351
Relative minus  149   9   10: -0.000021181
p_en
-115.420174444992
Relative plus   150   9   11:  0.000030609
m_en
-115.420196280853
Relative minus  151   9   11:  0.000008773
p_en
-115.420155932887
Relative plus   152  10   10:  0.000049121
m_en
-115.4202318797
Relative minus  153  10   10: -0.000026826
p_en
-115.420121555171
Relative plus   154  10   11:  0.000083499
m_en
-115.42021954141
Relative minus  155  10   11: -0.000014487
p_en
-115.420180080725
Relative plus   156  11   11:  0.000024973
m_en
-115.420201871669
Relative minus  157  11   11:  0.000003183
Relative energies plus-displacements on the diagonal and plus/plus-displacements on the off-diagonal elements
[[-3.11e-05 -2.80e-05 -5.02e-05 -2.97e-05 -7.13e-05 -3.01e-05 -1.67e-05 -1.99e-05 -1.89e-04 -2.55e-05  1.61e-05
  -2.43e-06]
 [ 0.00e+00  3.08e-06 -1.51e-05  1.94e-06 -3.97e-05  7.10e-06  8.04e-06  6.22e-06 -1.58e-04  1.09e-05  5.22e-05
   2.81e-05]
 [ 0.00e+00  0.00e+00 -1.82e-05 -1.68e-05 -6.05e-05 -1.87e-05 -3.85e-06 -2.11e-05 -1.76e-04 -1.26e-05  3.41e-05
   8.87e-06]
 [ 0.00e+00  0.00e+00  0.00e+00  1.39e-06 -4.14e-05  5.41e-06  2.14e-05  4.51e-06 -1.59e-04  2.40e-06  5.05e-05
   2.64e-05]
 [ 0.00e+00  0.00e+00  0.00e+00  0.00e+00 -4.28e-05 -4.31e-05 -2.85e-05 -4.17e-05 -2.07e-04 -3.72e-05 -6.35e-06
  -2.00e-05]
 [ 0.00e+00  0.00e+00  0.00e+00  0.00e+00  0.00e+00  4.01e-06  1.84e-05  3.69e-06 -1.57e-04  9.60e-06  5.15e-05
   2.17e-05]
 [ 0.00e+00  0.00e+00  0.00e+00  0.00e+00  0.00e+00  0.00e+00  1.44e-05  1.76e-05 -1.47e-04  1.39e-05  6.35e-05
   3.94e-05]
 [ 0.00e+00  0.00e+00  0.00e+00  0.00e+00  0.00e+00  0.00e+00  0.00e+00  3.11e-06 -1.58e-04  8.73e-06  4.56e-05
   2.90e-05]
 [ 0.00e+00  0.00e+00  0.00e+00  0.00e+00  0.00e+00  0.00e+00  0.00e+00  0.00e+00 -1.61e-04 -1.55e-04 -1.13e-04
  -1.39e-04]
 [ 0.00e+00  0.00e+00  0.00e+00  0.00e+00  0.00e+00  0.00e+00  0.00e+00  0.00e+00  0.00e+00  5.61e-06  5.47e-05
   3.06e-05]
 [ 0.00e+00  0.00e+00  0.00e+00  0.00e+00  0.00e+00  0.00e+00  0.00e+00  0.00e+00  0.00e+00  0.00e+00  4.91e-05
   8.35e-05]
 [ 0.00e+00  0.00e+00  0.00e+00  0.00e+00  0.00e+00  0.00e+00  0.00e+00  0.00e+00  0.00e+00  0.00e+00  0.00e+00
   2.50e-05]]
Relative energies minus-displacements on the diagonal and minus/minus-displacements on the off-diagonal elements
[[ 3.73e-05  4.04e-05  6.05e-05  3.87e-05  1.32e-04  5.47e-05  5.17e-05  7.31e-05  2.37e-04  4.29e-05  8.53e-06
   4.41e-05]
 [ 0.00e+00  3.08e-06  2.72e-05  1.94e-06  9.46e-05  2.36e-05  8.04e-06  3.05e-05  2.00e-04  1.09e-05 -2.37e-05
   6.26e-06]
 [ 0.00e+00  0.00e+00  2.41e-05  2.55e-05  1.16e-04  4.00e-05  3.86e-05  4.56e-05  2.25e-04  2.98e-05  4.43e-07
   2.93e-05]
 [ 0.00e+00  0.00e+00  0.00e+00  1.39e-06  9.29e-05  2.19e-05  2.14e-05  2.89e-05  1.98e-04  2.40e-06 -2.54e-05
   4.56e-06]
 [ 0.00e+00  0.00e+00  0.00e+00  0.00e+00  9.15e-05  1.08e-04  1.06e-04  1.17e-04  2.85e-04  9.72e-05  5.16e-05
   9.23e-05]
 [ 0.00e+00  0.00e+00  0.00e+00  0.00e+00  0.00e+00  2.05e-05  3.49e-05  4.44e-05  2.17e-04  2.62e-05 -8.06e-06
   1.62e-05]
 [ 0.00e+00  0.00e+00  0.00e+00  0.00e+00  0.00e+00  0.00e+00  1.44e-05  4.17e-05  2.11e-04  1.39e-05 -1.24e-05
   1.76e-05]
 [ 0.00e+00  0.00e+00  0.00e+00  0.00e+00  0.00e+00  0.00e+00  0.00e+00  2.75e-05  2.24e-04  3.31e-05 -6.07e-06
   3.15e-05]
 [ 0.00e+00  0.00e+00  0.00e+00  0.00e+00  0.00e+00  0.00e+00  0.00e+00  0.00e+00  1.97e-04  2.02e-04  1.69e-04
   1.97e-04]
 [ 0.00e+00  0.00e+00  0.00e+00  0.00e+00  0.00e+00  0.00e+00  0.00e+00  0.00e+00  0.00e+00  5.62e-06 -2.12e-05
   8.77e-06]
 [ 0.00e+00  0.00e+00  0.00e+00  0.00e+00  0.00e+00  0.00e+00  0.00e+00  0.00e+00  0.00e+00  0.00e+00 -2.68e-05
  -1.45e-05]
 [ 0.00e+00  0.00e+00  0.00e+00  0.00e+00  0.00e+00  0.00e+00  0.00e+00  0.00e+00  0.00e+00  0.00e+00  0.00e+00
   3.18e-06]]
Computed Force Constants:
[[ 6.22e-02  6.15e-07 -9.40e-03  4.20e-07  2.61e-02 -3.11e-02 -1.49e-08  8.22e-02  2.86e-02  3.40e-07 -1.94e-02
   3.62e-02]
 [ 6.15e-07  6.17e-02 -4.15e-07 -2.53e-02  1.66e-06  3.57e-06 -9.44e-02  2.44e-06  1.45e-06  2.24e-02 -1.37e-06
  -5.00e-07]
 [-9.40e-03 -4.15e-07  5.97e-02 -1.12e-06  4.09e-03 -4.57e-02 -8.70e-07 -6.03e-02  3.59e-02 -2.00e-07  3.16e-02
   2.01e-02]
 [ 4.20e-07 -2.53e-02 -1.12e-06  2.78e-02  2.50e-07 -7.20e-07  5.66e-02  1.66e-06  1.30e-06 -4.61e-02 -1.00e-06
   9.35e-07]
 [ 2.61e-02  1.66e-06  4.09e-03  2.50e-07  4.87e-01 -4.40e-02  5.51e-08 -1.94e-02 -3.00e-02  7.54e-06 -1.29e-01
  -2.28e-02]
 [-3.11e-02  3.57e-06 -4.57e-02 -7.20e-07 -4.40e-02  2.45e-01 -6.60e-07 -3.50e-02 -4.55e-05  2.60e-06 -1.69e-02
  -7.38e-02]
 [-1.49e-08 -9.44e-02 -8.70e-07  5.66e-02  5.51e-08 -6.60e-07  2.88e-01  6.96e-06  1.92e-05 -6.10e-02 -6.05e-07
  -6.15e-07]
 [ 8.22e-02  2.44e-06 -6.03e-02  1.66e-06 -1.94e-02 -3.50e-02  6.96e-06  3.06e-01 -3.43e-03  1.69e-06 -6.67e-02
   9.07e-03]
 [ 2.86e-02  1.45e-06  3.59e-02  1.30e-06 -3.00e-02 -4.55e-05  1.92e-05 -3.43e-03  3.59e-01  2.51e-06 -1.40e-02
  -2.93e-02]
 [ 3.40e-07  2.24e-02 -2.00e-07 -4.61e-02  7.54e-06  2.60e-06 -6.10e-02  1.69e-06  2.51e-06  1.12e-01 -4.54e-06
  -3.34e-06]
 [-1.94e-02 -1.37e-06  3.16e-02 -1.00e-06 -1.29e-01 -1.69e-02 -6.05e-07 -6.67e-02 -1.40e-02 -4.54e-06  2.23e-01
   9.28e-02]
 [ 3.62e-02 -5.00e-07  2.01e-02  9.35e-07 -2.28e-02 -7.38e-02 -6.15e-07  9.07e-03 -2.93e-02 -3.34e-06  9.28e-02
   2.82e-01]]
Initial Frequencies:
/home/vulcan/nlk36701/github/concordantmodes/concordantmodes/gf_method.py:51: ComplexWarning: Casting complex values to real discards the imaginary part
  self.freq = self.freq.astype(float)
frequency #  1:     343.42
frequency #  2:    1084.58
frequency #  3:    1106.56
frequency #  4:    1193.06
frequency #  5:    1411.00
frequency #  6:    1506.15
frequency #  7:    1520.30
frequency #  8:    1533.48
frequency #  9:    3142.60
frequency # 10:    3212.32
frequency # 11:    3280.13
frequency # 12:    3934.89
////////////////////////////////////////////
//    Total Energy Distribution (TED)     //
////////////////////////////////////////////
The eigenvectors (check these for phase):
[[ 2.85e-07 -1.15e-02 -6.35e-03 -4.52e-07 -1.44e-02 -3.00e-02  2.36e-05 -9.70e-03  1.46e-03  3.88e-06  1.07e-02
  -2.35e-03]
 [ 5.20e-03 -1.74e-06 -1.40e-06 -2.32e-02 -1.14e-06 -4.19e-05 -2.43e-02  7.80e-05  1.10e-05  1.28e-02 -4.20e-06
  -5.43e-08]
 [ 4.27e-07  4.12e-03  9.97e-03 -1.40e-06  1.39e-02 -2.38e-02  1.11e-04  2.18e-02  6.86e-03 -7.38e-06 -6.68e-03
   1.46e-03]
 [ 2.51e-02  4.10e-07  3.55e-07 -1.83e-03 -2.66e-07  1.49e-05  8.23e-03 -2.62e-05 -4.50e-06 -5.49e-03  2.07e-06
  -2.74e-08]
 [-1.69e-07 -1.03e-03  7.17e-05  3.93e-07 -2.64e-03  3.82e-03  1.15e-05  5.68e-03  1.60e-03 -3.50e-06 -5.03e-03
  -2.18e-02]
 [-7.18e-08  7.39e-03 -2.11e-03  1.28e-07 -5.25e-03 -7.37e-03  4.25e-05  9.28e-03 -2.44e-03  8.35e-07 -2.32e-03
   8.57e-04]
 [-1.38e-03 -8.22e-07 -5.67e-07 -4.77e-03 -2.15e-07 -2.77e-05 -1.54e-02  4.89e-05 -1.41e-05 -1.98e-02  8.35e-06
   1.68e-09]
 [-1.64e-07  2.49e-03  2.69e-03  4.98e-07  5.12e-03  4.82e-03  3.46e-05  1.36e-02 -4.79e-03  1.11e-05  1.93e-02
  -1.62e-03]
 [-1.88e-07  1.27e-03 -3.45e-04  6.10e-07 -2.15e-03  6.38e-03 -1.08e-05 -1.86e-04  2.20e-02 -1.47e-05  4.87e-03
   1.57e-03]
 [ 8.85e-03  9.93e-09  1.79e-07  1.16e-02  3.91e-07 -2.21e-05 -1.22e-02  3.83e-05  5.21e-06  6.23e-03 -2.29e-06
  -9.83e-10]
 [ 1.88e-07 -7.72e-03 -4.26e-03  1.18e-06 -5.11e-03  5.13e-03  2.57e-05  1.09e-02 -4.69e-04 -2.16e-06 -5.95e-03
   8.82e-03]
 [-1.58e-07  5.22e-03  8.32e-03 -8.42e-08 -6.15e-03  3.69e-03 -1.23e-05 -1.61e-03 -2.16e-03  1.44e-06 -3.36e-04
   3.41e-03]]
             frequency #:        1       2       3       4       5       6       7       8       9      10      11      12
--------------------------------------------------------------------------------------------------------------------------
               frequency:    343.4  1084.6  1106.6  1193.1  1411.0  1506.1  1520.3  1533.5  3142.6  3212.3  3280.1  3934.9
--------------------------------------------------------------------------------------------------------------------------
               Mode #  1       0.0    20.3    -4.4    -0.0    24.1    44.8     0.0     2.2     0.2     0.0    12.0     0.7
               Mode #  2       2.6     0.0     0.0    52.9     0.0     0.0    27.0     0.0     0.0    17.5     0.0     0.0
               Mode #  3       0.0    -3.9    23.9     0.0    17.5    30.9     0.0    21.5     5.1     0.0     4.8     0.2
               Mode #  4      84.3     0.0     0.0     1.7     0.0     0.0     9.2     0.0     0.0     4.8     0.0     0.0
               Mode #  5       0.0     1.4     0.1     0.0     3.9     2.2     0.0     6.6     0.4     0.0     4.2    81.3
               Mode #  6      -0.0    51.0    11.7     0.0    12.7     7.6     0.0    15.0     0.8     0.0     1.0     0.2
               Mode #  7       0.2     0.0     0.0    -0.1     0.0     0.0    29.4     0.0     0.0    70.5     0.0     0.0
               Mode #  8       0.0    -1.2     1.4     0.0     1.0     3.0     0.0    23.9     4.1     0.0    67.2     0.5
               Mode #  9       0.0     1.3     0.2     0.0     1.9     3.6     0.0    -0.0    88.2     0.0     4.3     0.5
               Mode # 10      12.9     0.0    -0.0    45.5     0.0     0.0    34.4     0.0     0.0     7.1     0.0     0.0
               Mode # 11       0.0    33.5    -1.9     0.0    10.8     5.9     0.0    30.7     0.1     0.0     6.5    14.4
               Mode # 12       0.0    -2.5    68.9     0.0    28.1     2.1     0.0     0.1     1.1     0.0     0.0     2.2

TED Frequencies:
frequency #  1:     343.42
frequency #  2:    1084.58
frequency #  3:    1106.56
frequency #  4:    1193.06
frequency #  5:    1411.00
frequency #  6:    1506.15
frequency #  7:    1520.30
frequency #  8:    1533.48
frequency #  9:    3142.60
frequency # 10:    3212.32
frequency # 11:    3280.13
frequency # 12:    3934.89
////////////////////////////////////////////
//    Total Energy Distribution (TED)     //
////////////////////////////////////////////
The eigenvectors (check these for phase):
[[1. 0. 0. 0. 0. 0. 0. 0. 0. 0. 0. 0.]
 [0. 1. 0. 0. 0. 0. 0. 0. 0. 0. 0. 0.]
 [0. 0. 1. 0. 0. 0. 0. 0. 0. 0. 0. 0.]
 [0. 0. 0. 1. 0. 0. 0. 0. 0. 0. 0. 0.]
 [0. 0. 0. 0. 1. 0. 0. 0. 0. 0. 0. 0.]
 [0. 0. 0. 0. 0. 1. 0. 0. 0. 0. 0. 0.]
 [0. 0. 0. 0. 0. 0. 1. 0. 0. 0. 0. 0.]
 [0. 0. 0. 0. 0. 0. 0. 1. 0. 0. 0. 0.]
 [0. 0. 0. 0. 0. 0. 0. 0. 1. 0. 0. 0.]
 [0. 0. 0. 0. 0. 0. 0. 0. 0. 1. 0. 0.]
 [0. 0. 0. 0. 0. 0. 0. 0. 0. 0. 1. 0.]
 [0. 0. 0. 0. 0. 0. 0. 0. 0. 0. 0. 1.]]
             frequency #:        1       2       3       4       5       6       7       8       9      10      11      12
--------------------------------------------------------------------------------------------------------------------------
               frequency:    343.4  1084.6  1106.6  1193.1  1411.0  1506.1  1520.3  1533.5  3142.6  3212.3  3280.1  3934.9
--------------------------------------------------------------------------------------------------------------------------
               Mode #  1     100.0     0.0     0.0     0.0     0.0     0.0     0.0     0.0     0.0     0.0     0.0     0.0
               Mode #  2       0.0   100.0     0.0     0.0     0.0     0.0     0.0     0.0     0.0     0.0     0.0     0.0
               Mode #  3       0.0     0.0   100.0     0.0     0.0     0.0     0.0     0.0     0.0     0.0     0.0     0.0
               Mode #  4       0.0     0.0     0.0   100.0     0.0     0.0     0.0     0.0     0.0     0.0     0.0     0.0
               Mode #  5       0.0     0.0     0.0     0.0   100.0     0.0     0.0     0.0     0.0     0.0     0.0     0.0
               Mode #  6       0.0     0.0     0.0     0.0     0.0   100.0     0.0     0.0     0.0     0.0     0.0     0.0
               Mode #  7       0.0     0.0     0.0     0.0     0.0     0.0   100.0     0.0     0.0     0.0     0.0     0.0
               Mode #  8       0.0     0.0     0.0     0.0     0.0     0.0     0.0   100.0     0.0     0.0     0.0     0.0
               Mode #  9       0.0     0.0     0.0     0.0     0.0     0.0     0.0     0.0   100.0     0.0     0.0     0.0
               Mode # 10       0.0     0.0     0.0     0.0     0.0     0.0     0.0     0.0     0.0   100.0     0.0     0.0
               Mode # 11       0.0     0.0     0.0     0.0     0.0     0.0     0.0     0.0     0.0     0.0   100.0     0.0
               Mode # 12       0.0     0.0     0.0     0.0     0.0     0.0     0.0     0.0     0.0     0.0     0.0   100.0

[[0, 0], [1, 1], [2, 2], [3, 3], [4, 4], [5, 5], [6, 6], [7, 7], [8, 8], [9, 9], [10, 10], [11, 11]]
proj singular values:
[3.28e+00 3.19e+00 3.17e+00 1.65e+00 1.50e+00 1.24e+00 1.11e+00 1.10e+00 1.03e+00 8.69e-01 8.35e-01 5.74e-01 3.10e-16
 2.22e-16 2.06e-16 1.17e-16 8.55e-17 7.93e-17]
Normal Coordinate Values:
Normal Coordinate #1   :  1.82986
Normal Coordinate #2   :  1.68487
Normal Coordinate #3   : -3.22071
Normal Coordinate #4   :  0.08724
Normal Coordinate #5   :  2.25945
Normal Coordinate #6   : -0.85830
Normal Coordinate #7   :  0.68744
Normal Coordinate #8   : -0.85982
Normal Coordinate #9   :  3.53572
Normal Coordinate #10  :  0.01573
Normal Coordinate #11  :  0.98418
Normal Coordinate #12  : -1.75923
If something looks wrong with the final frequencies, check these energies!
(Job number 1 == Reference energy) :D
/home/vulcan/nlk36701/github/concordantmodes/examples/2_Methanol/molpro/CMA1/standard/Disps
Success regex re.compile('Variable memory released')
If something looks wrong with the final frequencies, check these energies!
(Job number 1 == Reference energy) :D
/home/vulcan/nlk36701/github/concordantmodes/examples/2_Methanol/molpro/CMA1/standard/Disps
Reference energy: -115.550786584142
p_en
-115.550786451414
m_en
-115.550786455075
p_en
-115.550777936388
m_en
-115.550777852172
p_en
-115.55077304224
m_en
-115.550773175663
p_en
-115.550783492876
m_en
-115.5507834938
p_en
-115.550778800746
m_en
-115.550778776539
p_en
-115.550784830649
m_en
-115.550784829169
p_en
-115.55078325314
m_en
-115.550783255519
p_en
-115.550782709064
m_en
-115.550782727543
p_en
-115.550769919851
m_en
-115.550769704293
p_en
-115.550770415926
m_en
-115.550770415449
p_en
-115.550769773298
m_en
-115.550769505981
p_en
-115.55075941794
m_en
-115.550760061317
Relative energies plus-displacements on the diagonal and plus/plus-displacements on the off-diagonal elements
[[0. 0. 0. 0. 0. 0. 0. 0. 0. 0. 0. 0.]
 [0. 0. 0. 0. 0. 0. 0. 0. 0. 0. 0. 0.]
 [0. 0. 0. 0. 0. 0. 0. 0. 0. 0. 0. 0.]
 [0. 0. 0. 0. 0. 0. 0. 0. 0. 0. 0. 0.]
 [0. 0. 0. 0. 0. 0. 0. 0. 0. 0. 0. 0.]
 [0. 0. 0. 0. 0. 0. 0. 0. 0. 0. 0. 0.]
 [0. 0. 0. 0. 0. 0. 0. 0. 0. 0. 0. 0.]
 [0. 0. 0. 0. 0. 0. 0. 0. 0. 0. 0. 0.]
 [0. 0. 0. 0. 0. 0. 0. 0. 0. 0. 0. 0.]
 [0. 0. 0. 0. 0. 0. 0. 0. 0. 0. 0. 0.]
 [0. 0. 0. 0. 0. 0. 0. 0. 0. 0. 0. 0.]
 [0. 0. 0. 0. 0. 0. 0. 0. 0. 0. 0. 0.]]
Relative energies minus-displacements on the diagonal and minus/minus-displacements on the off-diagonal elements
[[0. 0. 0. 0. 0. 0. 0. 0. 0. 0. 0. 0.]
 [0. 0. 0. 0. 0. 0. 0. 0. 0. 0. 0. 0.]
 [0. 0. 0. 0. 0. 0. 0. 0. 0. 0. 0. 0.]
 [0. 0. 0. 0. 0. 0. 0. 0. 0. 0. 0. 0.]
 [0. 0. 0. 0. 0. 0. 0. 0. 0. 0. 0. 0.]
 [0. 0. 0. 0. 0. 0. 0. 0. 0. 0. 0. 0.]
 [0. 0. 0. 0. 0. 0. 0. 0. 0. 0. 0. 0.]
 [0. 0. 0. 0. 0. 0. 0. 0. 0. 0. 0. 0.]
 [0. 0. 0. 0. 0. 0. 0. 0. 0. 0. 0. 0.]
 [0. 0. 0. 0. 0. 0. 0. 0. 0. 0. 0. 0.]
 [0. 0. 0. 0. 0. 0. 0. 0. 0. 0. 0. 0.]
 [0. 0. 0. 0. 0. 0. 0. 0. 0. 0. 0. 0.]]
Computed Force Constants:
[[0.   0.   0.   0.   0.   0.   0.   0.   0.   0.   0.   0.  ]
 [0.   0.17 0.   0.   0.   0.   0.   0.   0.   0.   0.   0.  ]
 [0.   0.   0.27 0.   0.   0.   0.   0.   0.   0.   0.   0.  ]
 [0.   0.   0.   0.06 0.   0.   0.   0.   0.   0.   0.   0.  ]
 [0.   0.   0.   0.   0.16 0.   0.   0.   0.   0.   0.   0.  ]
 [0.   0.   0.   0.   0.   0.04 0.   0.   0.   0.   0.   0.  ]
 [0.   0.   0.   0.   0.   0.   0.07 0.   0.   0.   0.   0.  ]
 [0.   0.   0.   0.   0.   0.   0.   0.08 0.   0.   0.   0.  ]
 [0.   0.   0.   0.   0.   0.   0.   0.   0.34 0.   0.   0.  ]
 [0.   0.   0.   0.   0.   0.   0.   0.   0.   0.32 0.   0.  ]
 [0.   0.   0.   0.   0.   0.   0.   0.   0.   0.   0.34 0.  ]
 [0.   0.   0.   0.   0.   0.   0.   0.   0.   0.   0.   0.54]]
Final Harmonic Frequencies:
/home/vulcan/nlk36701/github/concordantmodes/concordantmodes/gf_method.py:51: ComplexWarning: Casting complex values to real discards the imaginary part
  self.freq = self.freq.astype(float)
frequency #  1:     304.06
frequency #  2:    1065.36
frequency #  3:    1095.62
frequency #  4:    1179.65
frequency #  5:    1393.77
frequency #  6:    1487.76
frequency #  7:    1507.78
frequency #  8:    1523.20
frequency #  9:    3009.43
frequency # 10:    3064.51
frequency # 11:    3128.12
frequency # 12:    3865.16
////////////////////////////////////////////
//    Total Energy Distribution (TED)     //
////////////////////////////////////////////
The eigenvectors (check these for phase):
[[ 2.71e-02 -4.11e-07  3.05e-07  5.40e-12  2.58e-08 -3.11e-07 -5.60e-09  1.19e-07 -3.28e-08 -3.73e-11  1.30e-07
  -1.83e-07]
 [ 1.44e-08  1.16e-02 -2.85e-08  9.14e-07 -1.66e-08  1.70e-07 -7.66e-06 -8.91e-09 -5.57e-11  1.26e-07  5.56e-11
  -4.93e-10]
 [-8.34e-09  2.10e-08  9.62e-03 -4.05e-07 -8.45e-09  8.63e-08 -3.80e-06 -8.00e-09 -1.75e-11 -1.18e-07  2.12e-11
  -2.41e-10]
 [-1.53e-12 -1.38e-06  7.85e-07  2.16e-02 -6.51e-08  3.01e-06  5.90e-08  1.72e-06  6.35e-09 -7.17e-11  1.33e-08
  -1.29e-07]
 [-7.29e-10  3.93e-09  2.72e-09  3.47e-08  1.61e-02  7.40e-07 -2.89e-05 -3.24e-08 -6.10e-11 -8.81e-08  8.76e-11
  -5.84e-10]
 [-1.74e-08  1.46e-08  1.43e-08  3.17e-06  2.69e-07 -3.62e-02 -7.77e-04 -4.92e-07  2.58e-09 -1.09e-06 -2.28e-09
  -2.06e-09]
 [ 4.36e-11 -8.75e-06 -5.55e-06 -3.48e-09 -4.09e-05  5.57e-04 -2.66e-02 -2.99e-05 -1.72e-06  2.41e-10  2.07e-06
  -2.11e-05]
 [ 4.35e-09 -4.06e-10 -4.98e-09  1.19e-06  1.98e-11 -2.50e-07  2.74e-05 -2.50e-02 -4.97e-09 -1.09e-07  2.84e-09
  -1.13e-09]
 [ 2.93e-10 -1.11e-10 -7.58e-11 -1.07e-09 -5.71e-10  8.45e-09 -3.84e-07 -1.64e-09  2.37e-02 -9.05e-07 -9.49e-08
   3.18e-10]
 [-1.48e-13  3.22e-08 -3.84e-08 -2.45e-11 -2.78e-08  1.74e-07  3.73e-09  2.64e-08 -9.05e-07 -2.46e-02 -1.32e-06
  -4.12e-07]
 [ 1.11e-09 -1.33e-10 -8.34e-11  2.15e-09 -6.50e-10  9.57e-09 -4.41e-07 -1.16e-09 -9.08e-08  1.27e-06 -2.45e-02
   5.25e-10]
 [-1.01e-09  8.75e-10  5.55e-10 -1.34e-08  4.33e-09 -6.03e-08  2.89e-06  3.41e-09  3.92e-10  2.54e-07 -5.49e-10
  -2.40e-02]]
             frequency #:        1       2       3       4       5       6       7       8       9      10      11      12
--------------------------------------------------------------------------------------------------------------------------
               frequency:    304.1  1065.4  1095.6  1179.7  1393.8  1487.8  1507.8  1523.2  3009.4  3064.5  3128.1  3865.2
--------------------------------------------------------------------------------------------------------------------------
               Mode #  1     100.0     0.0     0.0     0.0     0.0     0.0     0.0     0.0     0.0     0.0     0.0     0.0
               Mode #  2       0.0   100.0     0.0     0.0     0.0     0.0     0.0     0.0     0.0     0.0     0.0     0.0
               Mode #  3       0.0     0.0   100.0     0.0     0.0     0.0     0.0     0.0     0.0     0.0     0.0     0.0
               Mode #  4       0.0     0.0     0.0   100.0     0.0     0.0     0.0     0.0     0.0     0.0     0.0     0.0
               Mode #  5       0.0     0.0     0.0     0.0   100.0     0.0     0.0     0.0     0.0     0.0     0.0     0.0
               Mode #  6       0.0     0.0     0.0     0.0     0.0   100.0     0.0     0.0     0.0     0.0     0.0     0.0
               Mode #  7       0.0     0.0     0.0     0.0     0.0     0.0   100.0     0.0     0.0     0.0     0.0     0.0
               Mode #  8       0.0     0.0     0.0     0.0     0.0     0.0     0.0   100.0     0.0     0.0     0.0     0.0
               Mode #  9       0.0     0.0     0.0     0.0     0.0     0.0     0.0     0.0   100.0     0.0     0.0     0.0
               Mode # 10       0.0     0.0     0.0     0.0     0.0     0.0     0.0     0.0     0.0   100.0     0.0     0.0
               Mode # 11       0.0     0.0     0.0     0.0     0.0     0.0     0.0     0.0     0.0     0.0   100.0     0.0
               Mode # 12       0.0     0.0     0.0     0.0     0.0     0.0     0.0     0.0     0.0     0.0     0.0   100.0

////////////////////////////////////////////
//                Final TED               //
////////////////////////////////////////////
The eigenvectors (check these for phase):
[[-4.00e-09  6.81e-05 -6.05e-05  1.83e-08 -4.88e-06 -7.61e-05 -1.52e-06  1.56e-05 -2.38e-05 -1.22e-08  5.30e-06
  -1.24e-05]
 [-4.92e-09 -8.09e-07 -8.36e-08  4.66e-09  1.07e-06  1.22e-05  2.29e-07  1.02e-05  1.80e-04 -6.51e-08 -5.65e-04
  -8.72e-06]
 [ 1.43e-06 -1.41e-06  1.34e-06  1.73e-06 -1.23e-07  1.12e-05  1.56e-05 -1.22e-05  3.77e-04 -4.26e-04  1.43e-04
   8.37e-07]
 [-1.43e-06 -1.43e-06  1.33e-06 -1.72e-06 -1.72e-07  1.18e-05 -1.52e-05 -1.22e-05  3.76e-04  4.27e-04  1.43e-04
   8.32e-07]
 [-5.43e-09  2.71e-06 -1.36e-06 -8.56e-10 -5.83e-06  1.10e-07 -7.13e-08 -2.24e-06  1.85e-06 -3.52e-09 -8.71e-06
   5.78e-04]
 [ 1.54e-09  5.85e-05  5.16e-05 -4.72e-08  9.30e-05  2.82e-04  5.61e-06  5.75e-05  1.59e-05  2.40e-08  2.66e-05
  -9.98e-06]
 [-1.14e-06 -3.39e-05 -1.89e-05  1.79e-04 -3.57e-05  2.30e-04  7.95e-05 -1.07e-04  3.31e-06  2.89e-05 -1.71e-05
   4.80e-06]
 [ 1.14e-06 -3.39e-05 -1.90e-05 -1.79e-04 -3.59e-05  2.32e-04 -7.05e-05 -1.07e-04  3.34e-06 -2.89e-05 -1.71e-05
   4.69e-06]
 [ 6.37e-09 -7.77e-05 -3.49e-05 -1.09e-08  1.84e-04 -9.84e-06 -3.77e-07  3.85e-05  4.72e-06  6.62e-09  2.09e-05
  -6.58e-06]
 [ 3.29e-06  1.08e-05  1.15e-06  4.70e-05  2.41e-05 -3.23e-04 -3.50e-04 -1.27e-04 -5.82e-06  1.84e-05  1.49e-05
  -1.09e-07]
 [-3.30e-06  1.10e-05  1.29e-06 -4.69e-05  2.52e-05 -3.36e-04  3.36e-04 -1.28e-04 -5.71e-06 -1.84e-05  1.49e-05
   4.29e-07]
 [-3.03e-09 -8.18e-06 -1.36e-05 -1.22e-08 -6.29e-05 -1.23e-04 -1.46e-06  3.97e-04 -1.12e-05 -1.76e-08 -1.88e-05
  -2.54e-07]
 [ 4.27e-04 -8.42e-08 -3.81e-08  7.82e-05 -3.70e-07  4.48e-06 -2.42e-04  4.61e-07 -4.17e-08  2.06e-05  1.94e-08
  -1.94e-07]
 [ 4.24e-04 -3.09e-05 -2.33e-05 -8.10e-05 -6.82e-05  9.03e-05  1.37e-04  1.80e-04 -4.83e-06 -1.82e-05 -2.53e-05
   3.51e-06]
 [ 4.24e-04  3.10e-05  2.33e-05 -8.10e-05  6.86e-05 -9.53e-05  1.32e-04 -1.81e-04  4.89e-06 -1.82e-05  2.53e-05
  -3.31e-06]
 [-1.91e-06 -4.01e-06 -6.78e-06 -2.23e-04 -3.11e-05 -6.62e-05  2.42e-04  1.98e-04 -5.53e-06 -4.60e-05 -9.42e-06
   6.63e-08]
 [-1.91e-06  4.18e-06  6.85e-06 -2.23e-04  3.18e-05  5.71e-05  2.43e-04 -1.99e-04  5.65e-06 -4.60e-05  9.40e-06
   3.20e-07]
 [ 2.85e-06  5.36e-05  4.39e-05  1.34e-04  1.01e-04  6.04e-05 -3.17e-04 -1.25e-04  1.15e-05  3.28e-05  3.39e-05
  -7.83e-06]
 [-5.80e-07  6.66e-05  4.68e-05  9.06e-05  1.27e-04 -2.66e-04  3.17e-05 -2.34e-04  6.08e-06  1.46e-05  4.90e-05
  -7.82e-06]
 [ 2.85e-06 -5.38e-05 -4.40e-05  1.34e-04 -1.02e-04 -4.86e-05 -3.18e-04  1.26e-04 -1.16e-05  3.27e-05 -3.39e-05
   7.33e-06]
 [-5.72e-07 -6.66e-05 -4.68e-05  9.05e-05 -1.27e-04  2.64e-04  4.40e-05  2.34e-04 -6.09e-06  1.46e-05 -4.90e-05
   7.87e-06]
 [-4.05e-07 -2.44e-05 -2.87e-05 -2.06e-04 -6.07e-05 -3.42e-04  8.03e-05  1.18e-04 -1.53e-05 -3.84e-05 -1.41e-05
   4.34e-06]
 [-1.69e-06  7.38e-06 -1.14e-05 -2.40e-05 -2.61e-05 -5.84e-04  1.64e-04  2.05e-04 -1.89e-05 -9.42e-06  2.64e-06
   1.15e-07]
 [-4.01e-07  2.44e-05  2.87e-05 -2.06e-04  6.10e-05  3.38e-04  9.32e-05 -1.18e-04  1.53e-05 -3.84e-05  1.41e-05
  -4.20e-06]
 [-1.68e-06 -7.27e-06  1.15e-05 -2.40e-05  2.67e-05  5.77e-04  1.87e-04 -2.05e-04  1.89e-05 -9.36e-06 -2.67e-06
   1.60e-07]
 [-4.50e-09  7.59e-05  4.79e-05  3.76e-08  1.13e-04 -4.10e-04 -8.55e-06 -1.29e-05 -2.65e-07  8.90e-09  4.70e-05
  -9.79e-06]
 [-6.04e-09  1.74e-05 -3.70e-06  8.48e-08  1.97e-05 -6.92e-04 -1.42e-05 -7.04e-05 -1.61e-05 -1.51e-08  2.04e-05
   1.96e-07]]
             frequency #:        1       2       3       4       5       6       7       8       9      10      11      12
--------------------------------------------------------------------------------------------------------------------------
               frequency:    304.1  1065.4  1095.6  1179.7  1393.8  1487.8  1507.8  1523.2  3009.4  3064.5  3128.1  3865.2
--------------------------------------------------------------------------------------------------------------------------
               B1   STRE:     -0.0    42.7    59.5     0.0    -0.4    -1.8    -0.0    -0.0    -0.1    -0.0     0.0     0.1
               B2   STRE:     -0.0    -0.0     0.0     0.0     0.0    -0.1    -0.0    -0.0    10.8     0.0    89.2     0.0
               B3   STRE:     -0.0    -0.0    -0.0     0.0     0.0    -0.0    -0.1    -0.0    44.8    49.9     5.4    -0.0
               B4   STRE:     -0.0    -0.0    -0.0     0.0     0.0    -0.0    -0.1    -0.0    44.6    50.1     5.4    -0.0
               B5   STRE:     -0.0     0.1     0.0    -0.0    -0.1     0.0     0.0    -0.0     0.0     0.0     0.0   100.0
               A1   BEND:      0.0     8.2     7.1     0.0     6.9     6.8     0.0     3.5     0.0     0.0     0.0    -0.0
               A2   BEND:     -0.0     2.0     1.5    16.8     1.1     1.0     3.6     4.0    -0.0     0.1     0.0    -0.0
               A3   BEND:     -0.0     2.0     1.5    16.8     1.1     1.5     3.2     4.0    -0.0     0.1     0.0    -0.0
               A4   BEND:      0.0    22.5    12.1     0.0    64.0    -0.0     0.0     1.5     0.0     0.0     0.0    -0.0
               A5   BEND:     -0.0    -0.4    -0.0    -1.7    -0.3     5.8    21.2     4.4     0.0    -0.0    -0.0     0.0
               A6   BEND:     -0.0    -0.4    -0.0    -1.7    -0.3     6.9    20.1     4.4     0.0    -0.0    -0.0    -0.0
               A7   BEND:      0.0    -0.4    -1.0     0.0    -1.1    -0.2    -0.0    31.9    -0.0    -0.0    -0.0    -0.0
               D1   TORS:     33.9     0.0     0.0     0.5     0.0     0.0     7.5     0.0     0.0    -0.0     0.0     0.0
               D2   TORS:     33.0     0.4     0.3     0.2     0.8     0.4     2.3     4.5    -0.0    -0.0    -0.0     0.0
               D3   TORS:     33.0     0.4     0.3     0.2     0.8     0.5     2.2     4.5    -0.0    -0.0    -0.0     0.0
               O1    OOP:      0.0    -0.1    -0.2    13.4    -0.3    -0.0     2.5     7.9    -0.0    -0.0    -0.0     0.0
               O2    OOP:      0.0    -0.1    -0.2    13.4    -0.3    -0.1     2.5     8.0    -0.0    -0.0    -0.0    -0.0
               O3    OOP:      0.0     4.1     3.3     1.0     4.6     0.5    12.8    -0.9    -0.0    -0.0     0.0    -0.0
               O4    OOP:     -0.0     3.2     2.8     4.3     4.5     3.1     0.7     4.9    -0.0     0.0    -0.0    -0.0
               O5    OOP:      0.0     4.1     3.3     1.0     4.6     0.3    12.8    -0.9    -0.0    -0.0     0.0    -0.0
               O6    OOP:     -0.0     3.2     2.8     4.3     4.5     2.8     1.0     4.9    -0.0     0.0    -0.0    -0.0
               O7    OOP:      0.0     1.3     1.0    16.2     1.8     6.2    -1.4    -0.2    -0.0     0.0     0.0    -0.0
               O8    OOP:     -0.0    -0.0    -0.4    -0.4     0.1    15.2     5.0     6.0    -0.0    -0.0     0.0     0.0
               O9    OOP:      0.0     1.3     1.0    16.2     1.8     6.4    -1.6    -0.2    -0.0     0.0     0.0    -0.0
               O10   OOP:     -0.0    -0.0    -0.4    -0.4     0.1    14.3     5.8     6.1    -0.0    -0.0     0.0    -0.0
               O11   OOP:      0.0     7.0     5.9    -0.0     6.2     5.1     0.0    -0.4    -0.0     0.0     0.0    -0.0
               O12   OOP:      0.0    -0.8     0.1     0.0    -0.4    25.3     0.0     2.2    -0.0    -0.0    -0.0    -0.0

Final Harmonic ZPVE in: 11312.21 (cm^-1)  32.34 (kcal mol^-1)   0.05 (hartrees) 
print_const has run
Frequency Shift (cm^-1): 
[ -39.36  -19.22  -10.94  -13.4   -17.23  -18.39  -12.52  -10.29 -133.17 -147.8  -152.01  -69.73]
This program took 402.4537343978882 seconds to run.
