Initial Geometric Internal Coordinate Values:
['2', '1'] R1 = 1.8130525861320914
['3', '2'] R2 = 1.8130525861320914
['3', '2', '1'] A2 = 103.58217001794341
Final Geometric Internal Coordinate Values:
['2', '1'] R1 = 1.8130525861320914
['3', '2'] R2 = 1.8130525861320914
['3', '2', '1'] A2 = 103.58217001794341
Final - Initial Geometric Internal Coordinate Values:
R1 = 0.0
R2 = 0.0
A2 = 0.0
Normal Coordinate Values:
Normal Coordinate #1   :  1.81305
Normal Coordinate #2   :  1.81305
Normal Coordinate #3   :  1.80785
(3, 3, 9)
[[[0 -7.419263615012217e-06 -9.425120125680086e-06 0 7.419263615012217e-06 9.425120125680086e-06 0 0 0]
  [0.0 3.709600628260257e-06 4.712584603216441e-06 0.0 2.7740329022578336e-19 -9.425169206432882e-06 0.0 -3.7096006282605344e-06 4.712584603216441e-06]
  [0.0 -3.455278999356519e-06 -9.73777292305092e-06 0.0 8.560247698652377e-07 7.691720504440225e-06 0.0 2.5992542294912826e-06 2.0460524186106944e-06]]

 [[0.0 3.709600628260257e-06 4.712584603216441e-06 0.0 2.7740329022578336e-19 -9.425169206432882e-06 0.0 -3.7096006282605344e-06 4.712584603216441e-06]
  [0 0 0 0 -7.419263615011107e-06 9.425120125679532e-06 0 7.419263615011107e-06 -9.425120125679532e-06]
  [0.0 -2.599254229490866e-06 2.0460524186111107e-06 0.0 -8.560247698662084e-07 7.691720504439671e-06 0.0 3.4552789993570747e-06 -9.737772923050782e-06]]

 [[0.0 -3.455278999356519e-06 -9.73777292305092e-06 0.0 8.560247698652377e-07 7.691720504440225e-06 0.0 2.5992542294912826e-06 2.0460524186106944e-06]
  [0.0 -2.599254229490866e-06 2.0460524186111107e-06 0.0 -8.560247698662084e-07 7.691720504439671e-06 0.0 3.4552789993570747e-06 -9.737772923050782e-06]
  [0 2.166945941032894e-05 -1.7057643337449746e-05 0 0 3.411528667489949e-05 0 -2.166945941032894e-05 -1.7057643337449746e-05]]]
Traceback (most recent call last):
  File "/home/vulcan/mel64643/packages/concordantmodes/Example/1_H2O/molpro/CMA0/ZMAT/main.py", line 17, in <module>
    CMA_obj.run()
  File "/home/vulcan/mel64643/packages/concordantmodes/cma.py", line 66, in run
    s_vec.run(self.zmat_obj.cartesians_init, True, second_order=self.options.second_order)
  File "/home/vulcan/mel64643/packages/concordantmodes/s_vectors.py", line 478, in run
    raise RuntimeError
RuntimeError
