Initial Geometric Internal Coordinate Values:
['1' '2'] R1 = 1.8130525861320914
['2' '3'] R2 = 1.8130525861320914
['1' '2' '3'] A1 = 103.58217001794341
Final Geometric Internal Coordinate Values:
['1' '2'] R1 = 1.8130525861320914
['2' '3'] R2 = 1.8130525861320914
['1' '2' '3'] A1 = 103.58217001794341
Final - Initial Geometric Internal Coordinate Values:
R1 = 0.0
R2 = 0.0
A1 = 0.0
proj singular values:
[1.53208488 1.494938   0.88182498]
The eigenvectors (check these for phase):
[[-0.56086644  0.70710678 -0.43061449]
 [-0.56086644 -0.70710678 -0.43061449]
 [ 0.60898085  0.         -0.79318492]]
             frequency #:        1       2       3
--------------------------------------------------
               frequency:      0.0     0.0     0.0
--------------------------------------------------
               B1   STRE:     31.5    50.0    18.5
               B2   STRE:     31.5    50.0    18.5
               A1   BEND:     37.1    -0.0    62.9

Normal Coordinate Values:
Normal Coordinate #1   : -0.93281
Normal Coordinate #2   :  0.00000
Normal Coordinate #3   : -2.99541
If something looks wrong with the final frequencies, check these energies!
(Job number 1 == Reference energy) :D
/home/vulcan/nlk36701/github/concordantmodes/examples/1_H2O/molpro/CMA1/DispsInit
Success regex re.compile('Variable memory released')
If something looks wrong with the final frequencies, check these energies!
(Job number 1 == Reference energy) :D
/home/vulcan/nlk36701/github/concordantmodes/examples/1_H2O/molpro/CMA1/DispsInit
Reference energy: -76.24116665001
p_en
-76.241054748691
Relative plus     2   0    0:  0.000111901
m_en
-76.241241715453
Relative minus    3   0    0: -0.000075065
p_en
-76.241025455993
Relative plus     4   0    1:  0.000141194
m_en
-76.241213603831
Relative minus    5   0    1: -0.000046954
p_en
-76.240996614695
Relative plus     6   0    2:  0.000170035
m_en
-76.241224114495
Relative minus    7   0    2: -0.000057464
p_en
-76.241137952795
Relative plus     8   1    1:  0.000028697
m_en
-76.241137952795
Relative minus    9   1    1:  0.000028697
p_en
-76.241099834538
Relative plus    10   1    2:  0.000066815
m_en
-76.24114026158
Relative minus   11   1    2:  0.000026388
p_en
-76.241128968499
Relative plus    12   2    2:  0.000037682
m_en
-76.241168526809
Relative minus   13   2    2: -0.000001877
Relative energies plus-displacements on the diagonal and plus/plus-displacements on the off-diagonal elements
[[1.12e-04 1.41e-04 1.70e-04]
 [0.00e+00 2.87e-05 6.68e-05]
 [0.00e+00 0.00e+00 3.77e-05]]
Relative energies minus-displacements on the diagonal and minus/minus-displacements on the off-diagonal elements
[[-7.51e-05 -4.70e-05 -5.75e-05]
 [ 0.00e+00  2.87e-05  2.64e-05]
 [ 0.00e+00  0.00e+00 -1.88e-06]]
Computed Force Constants:
[[3.68e-01 4.95e-05 2.00e-01]
 [4.95e-05 5.74e-01 2.38e-05]
 [2.00e-01 2.38e-05 3.58e-01]]
Initial Frequencies:
/home/vulcan/nlk36701/github/concordantmodes/concordantmodes/gf_method.py:61: ComplexWarning: Casting complex values to real discards the imaginary part
  self.freq = self.freq.astype(float)
frequency #  1:    1684.78
frequency #  2:    3907.70
frequency #  3:    4027.33
////////////////////////////////////////////
//    Total Energy Distribution (TED)     //
////////////////////////////////////////////
The eigenvectors (check these for phase):
[[-1.28e-02  1.88e-02 -2.98e-05]
 [ 6.33e-07 -3.80e-05 -2.42e-02]
 [ 1.40e-02  1.47e-02 -2.27e-05]]
             frequency #:        1       2       3
--------------------------------------------------
               frequency:   1684.8  3907.7  4027.3
--------------------------------------------------
               Mode #  1      41.7    58.3     0.0
               Mode #  2       0.0     0.0   100.0
               Mode #  3      58.3    41.7     0.0

TED Frequencies:
frequency #  1:    1684.78
frequency #  2:    3907.70
frequency #  3:    4027.33
////////////////////////////////////////////
//    Total Energy Distribution (TED)     //
////////////////////////////////////////////
The eigenvectors (check these for phase):
[[1. 0. 0.]
 [0. 1. 0.]
 [0. 0. 1.]]
             frequency #:        1       2       3
--------------------------------------------------
               frequency:   1684.8  3907.7  4027.3
--------------------------------------------------
               Mode #  1     100.0     0.0     0.0
               Mode #  2       0.0   100.0     0.0
               Mode #  3       0.0     0.0   100.0

proj singular values:
[1.53 1.49 0.88]
Normal Coordinate Values:
Normal Coordinate #1   : -1.78658
Normal Coordinate #2   : -2.70955
Normal Coordinate #3   :  0.00428
If something looks wrong with the final frequencies, check these energies!
(Job number 1 == Reference energy) :D
/home/vulcan/nlk36701/github/concordantmodes/examples/1_H2O/molpro/CMA1/Disps
Success regex re.compile('Variable memory released')
If something looks wrong with the final frequencies, check these energies!
(Job number 1 == Reference energy) :D
/home/vulcan/nlk36701/github/concordantmodes/examples/1_H2O/molpro/CMA1/Disps
Reference energy: -76.332216518906
p_en
-76.332208405408
m_en
-76.332208453318
p_en
-76.332189154598
m_en
-76.332189631202
p_en
-76.332188975059
m_en
-76.332188972879
Relative energies plus-displacements on the diagonal and plus/plus-displacements on the off-diagonal elements
[[0. 0. 0.]
 [0. 0. 0.]
 [0. 0. 0.]]
Relative energies minus-displacements on the diagonal and minus/minus-displacements on the off-diagonal elements
[[0. 0. 0.]
 [0. 0. 0.]
 [0. 0. 0.]]
Computed Force Constants:
[[0.16 0.   0.  ]
 [0.   0.54 0.  ]
 [0.   0.   0.55]]
Final Harmonic Frequencies:
/home/vulcan/nlk36701/github/concordantmodes/concordantmodes/gf_method.py:61: ComplexWarning: Casting complex values to real discards the imaginary part
  self.freq = self.freq.astype(float)
frequency #  1:    1668.91
frequency #  2:    3841.00
frequency #  3:    3945.64
////////////////////////////////////////////
//    Total Energy Distribution (TED)     //
////////////////////////////////////////////
The eigenvectors (check these for phase):
[[ 1.89e-02  9.56e-10  6.01e-07]
 [-2.27e-10  2.38e-02  1.06e-13]
 [-1.38e-07 -1.10e-13  2.42e-02]]
             frequency #:        1       2       3
--------------------------------------------------
               frequency:   1668.9  3841.0  3945.6
--------------------------------------------------
               Mode #  1     100.0     0.0     0.0
               Mode #  2       0.0   100.0     0.0
               Mode #  3       0.0     0.0   100.0

////////////////////////////////////////////
//                Final TED               //
////////////////////////////////////////////
The eigenvectors (check these for phase):
[[ 2.17e-05 -4.01e-04 -4.14e-04]
 [ 2.17e-05 -4.00e-04  4.15e-04]
 [-3.57e-04 -4.68e-06 -1.58e-08]]
             frequency #:        1       2       3
--------------------------------------------------
               frequency:   1668.9  3841.0  3945.6
--------------------------------------------------
               B1   STRE:      0.0    50.1    49.8
               B2   STRE:      0.0    49.8    50.2
               A1   BEND:     99.9     0.1    -0.0

Final Harmonic ZPVE in: 4727.78 (cm^-1)  13.52 (kcal mol^-1)   0.02 (hartrees) 
print_const has run
Frequency Shift (cm^-1): 
[-15.86 -66.7  -81.68]
This program took 61.01685166358948 seconds to run.
