Initial Geometric Internal Coordinate Values:
R1 = 1.8130525861320914
R2 = 1.8130525861320914
A1 = 103.58217001794341
Final Geometric Internal Coordinate Values:
R1 = 1.8130525861320914
R2 = 1.8130525861320914
A1 = 103.58217001794341
Final - Initial Geometric Internal Coordinate Values:
R1 = 0.0
R2 = 0.0
A1 = 0.0
Proj singular values:
[1.53208488 1.494938   0.88182498]
Normal Coordinate Values:
Normal Coordinate #1   : -0.933
Normal Coordinate #2   :  0.000
Normal Coordinate #3   : -2.995
/home/vulcan/mel64643/bin/ConcordantModes/Example/1_H2O/Python3.9
If something looks wrong with the final frequencies, check                 these energies!
(Job number 1 == Reference energy) :D
Reference energy: -76.241166650012
-76.241054749495
-76.24124171523
-76.241025456489
-76.241213603329
-76.240996615072
-76.241224114216
-76.241137952961
-76.241137952961
-76.24109983454
-76.241140261582
-76.241128969641
-76.241168526441
Relative energies plus-displacements on the diagonal and plus/plus-displacements on the off-diagonal elements
[[-1.12e-04 -1.41e-04 -1.70e-04]
 [ 0.00e+00 -2.87e-05 -6.68e-05]
 [ 0.00e+00  0.00e+00 -3.77e-05]]
Relative energies minus-displacements on the diagonal and minus/minus-displacements on the off-diagonal elements
[[ 7.51e-05  4.70e-05  5.75e-05]
 [ 0.00e+00 -2.87e-05 -2.64e-05]
 [ 0.00e+00  0.00e+00  1.88e-06]]
GiraffeDirectory:
/home/vulcan/mel64643/bin/ConcordantModes/Example/1_H2O/Python3.9
Computed Force Constants:
[[3.68e-01 5.40e-05 2.00e-01]
 [5.40e-05 5.74e-01 2.93e-05]
 [2.00e-01 2.93e-05 3.58e-01]]
Initial Frequencies:
/home/vulcan/mel64643/bin/ConcordantModes/GF_Method.py:46: ComplexWarning: Casting complex values to real discards the imaginary part
  self.Freq = self.Freq.astype(float)
Frequency #  1:    1684.71
Frequency #  2:    3907.70
Frequency #  3:    4027.32
////////////////////////////////////////////
//    Total Energy Distribution (TED)     //
////////////////////////////////////////////
             Frequency #:        1       2       3
--------------------------------------------------
               Frequency:   1684.7  3907.7  4027.3
--------------------------------------------------
               Mode #  1      41.7    58.3     0.0
               Mode #  2       0.0     0.0   100.0
               Mode #  3      58.3    41.7     0.0

TED Frequencies:
Frequency #  1:    1684.71
Frequency #  2:    3907.70
Frequency #  3:    4027.32
////////////////////////////////////////////
//    Total Energy Distribution (TED)     //
////////////////////////////////////////////
             Frequency #:        1       2       3
--------------------------------------------------
               Frequency:   1684.7  3907.7  4027.3
--------------------------------------------------
               Mode #  1     100.0     0.0     0.0
               Mode #  2       0.0   100.0     0.0
               Mode #  3       0.0     0.0   100.0

[[0, 0], [1, 1], [2, 2]]
Proj singular values:
[1.53 1.49 0.88]
Normal Coordinate Values:
Normal Coordinate #1   : -1.787
Normal Coordinate #2   : -2.710
Normal Coordinate #3   :  0.005
/home/vulcan/mel64643/bin/ConcordantModes/Example/1_H2O/Python3.9
printing disp list
['7', '1', '5', '3', '4', '6', '2']
If something looks wrong with the final frequencies, check                 these energies!
(Job number 1 == Reference energy) :D
Reference energy: -76.332216518896
-76.332208405394
-76.332208453305
-76.332189154578
-76.332189631179
-76.332188975348
-76.332188972884
Relative energies plus-displacements on the diagonal and plus/plus-displacements on the off-diagonal elements
[[-8.11e-06  0.00e+00  0.00e+00]
 [ 0.00e+00 -2.74e-05  0.00e+00]
 [ 0.00e+00  0.00e+00 -2.75e-05]]
Relative energies minus-displacements on the diagonal and minus/minus-displacements on the off-diagonal elements
[[-8.07e-06  0.00e+00  0.00e+00]
 [ 0.00e+00 -2.69e-05  0.00e+00]
 [ 0.00e+00  0.00e+00 -2.75e-05]]
Computed Force Constants:
[[0.16 0.   0.  ]
 [0.   0.54 0.  ]
 [0.   0.   0.55]]
Final Frequencies:
/home/vulcan/mel64643/bin/ConcordantModes/GF_Method.py:46: ComplexWarning: Casting complex values to real discards the imaginary part
  self.Freq = self.Freq.astype(float)
Frequency #  1:    1668.91
Frequency #  2:    3841.00
Frequency #  3:    3945.63
////////////////////////////////////////////
//    Total Energy Distribution (TED)     //
////////////////////////////////////////////
             Frequency #:        1       2       3
--------------------------------------------------
               Frequency:   1668.9  3841.0  3945.6
--------------------------------------------------
               Mode #  1     100.0     0.0     0.0
               Mode #  2       0.0   100.0     0.0
               Mode #  3       0.0     0.0   100.0

////////////////////////////////////////////
//                Final TED               //
////////////////////////////////////////////
             Frequency #:        1       2       3
--------------------------------------------------
               Frequency:   1668.9  3841.0  3945.6
--------------------------------------------------
          H1   O2   STRE:      0.0    50.1    49.8
          O2   H3   STRE:      0.0    49.8    50.2
     H1   O2   H3   BEND:     99.9     0.1    -0.0

Final ZPVE in: 4727.78 (cm^-1)  13.52 (kcal mol^-1)   0.02 (hartrees) 
Giraffe Print: 
    3    9
        0.0000000000        0.0000000000        0.0000000000
        0.0000000000        0.0000000000        0.0000000000
        0.0000000000        0.0000000000        0.0000000000
        0.0000000000        0.3726424272       -0.2360876332
        0.0000000000       -0.3401064466        0.2044521841
        0.0000000000       -0.0325359807        0.0316354490
        0.0000000000       -0.2360876332        0.2224543700
        0.0000000000        0.2677130686       -0.2341718704
        0.0000000000       -0.0316254355        0.0117175004
        0.0000000000        0.0000000000        0.0000000000
        0.0000000000        0.0000000000        0.0000000000
        0.0000000000        0.0000000000        0.0000000000
        0.0000000000       -0.3401064466        0.2677130686
        0.0000000000        0.6802675310        0.0000630366
        0.0000000000       -0.3401610844       -0.2677761052
        0.0000000000        0.2044521841       -0.2341718704
        0.0000000000        0.0000630366        0.4683933617
        0.0000000000       -0.2045152208       -0.2342214912
        0.0000000000        0.0000000000        0.0000000000
        0.0000000000        0.0000000000        0.0000000000
        0.0000000000        0.0000000000        0.0000000000
        0.0000000000       -0.0325359807       -0.0316254355
        0.0000000000       -0.3401610844       -0.2045152208
        0.0000000000        0.3726970651        0.2361406562
        0.0000000000        0.0316354490        0.0117175004
        0.0000000000       -0.2677761052       -0.2342214912
        0.0000000000        0.2361406562        0.2225039908

[[ 0.00e+00  0.00e+00  0.00e+00  0.00e+00  0.00e+00  0.00e+00  0.00e+00  0.00e+00  0.00e+00]
 [ 0.00e+00  3.73e-01 -2.36e-01  0.00e+00 -3.40e-01  2.04e-01  0.00e+00 -3.25e-02  3.16e-02]
 [ 0.00e+00 -2.36e-01  2.22e-01  0.00e+00  2.68e-01 -2.34e-01  0.00e+00 -3.16e-02  1.17e-02]
 [ 0.00e+00  0.00e+00  0.00e+00  0.00e+00  0.00e+00  0.00e+00  0.00e+00  0.00e+00  0.00e+00]
 [ 0.00e+00 -3.40e-01  2.68e-01  0.00e+00  6.80e-01  6.30e-05  0.00e+00 -3.40e-01 -2.68e-01]
 [ 0.00e+00  2.04e-01 -2.34e-01  0.00e+00  6.30e-05  4.68e-01  0.00e+00 -2.05e-01 -2.34e-01]
 [ 0.00e+00  0.00e+00  0.00e+00  0.00e+00  0.00e+00  0.00e+00  0.00e+00  0.00e+00  0.00e+00]
 [ 0.00e+00 -3.25e-02 -3.16e-02  0.00e+00 -3.40e-01 -2.05e-01  0.00e+00  3.73e-01  2.36e-01]
 [ 0.00e+00  3.16e-02  1.17e-02  0.00e+00 -2.68e-01 -2.34e-01  0.00e+00  2.36e-01  2.23e-01]]
This program took 110.43668031692505 seconds to run.
