
 INTDER2005

 A GENERAL PROGRAM DEVELOPED BY WESLEY D. ALLEN AND CO-WORKERS
 WHICH PERFORMS VARIOUS VIBRATIONAL ANALYSES AND HIGHER-ORDER
 NONLINEAR TRANSFORMATIONS AMONG FORCE FIELD REPRESENTATIONS

   PROGRAM OPTIONS

   NA      NSYM       NEQ      NINV     NTEST     NFREQ      NVEC     NDISP
        NS      NDER      NPRT      NDUM     NGEOM     IRINT     NSTOP     NMODE
    3    3    3    2    0 2000    0    0    0    1    3    0    0    0    0    0


 NUCLEAR CARTESIAN COORDINATES (BOHR)

         0.0000000000       -1.4177057800        1.0206217600
         0.0000000000        0.0000000000       -0.1286169000
         0.0000000000        1.4177057800        1.0206217600


 DEFINITION OF INTERNAL COORDINATES

 SIMPLE INTERNAL COORDINATES

L( 1)=   STRE    2    1    0    0     
L( 2)=   STRE    2    3    0    0     
L( 3)=   BEND    1    2    3    0     

 SYMMETRY INTERNAL COORDINATES

S( 1)=  -0.0155101248 L( 1)   -0.0155101248 L( 2)    0.9997594071 L( 3)
S( 2)=   0.7062572367 L( 1)    0.7062572367 L( 2)    0.0490044010 L( 3)
S( 3)=  -0.7071067812 L( 1)    0.7071067812 L( 2)    0.0000000000 L( 3)



 VALUES OF SIMPLE INTERNAL COORDINATES (ANG. OR DEG.)

   1    0.9657505347   2    0.9657505347   3  101.9412898431



 VALUES OF SYMMETRY INTERNAL COORDINATES (ANG. OR RAD.)

   1    1.7488252634   2    1.4513257846   3    0.0000000000

 DETERMINANT OF B*BT MATRIX=  14.187    


 FINAL INTERNAL (SYMMETRY) COORDINATE FORCE CONSTANTS

 QUADRATIC FORCE CONSTANTS

    0.715031    0.032863    0.000000
    0.032863    8.681765    0.000000
    0.000000    0.000000    9.016244


 NORMAL MODE ANALYSIS IN INTERNAL COORDINATES


 NUCLEAR CARTESIAN COORDINATES (ANG.) AND MASSES

  ATOM    MASS             X             Y             Z

    1    1.007825     0.0000000000 -0.7502176446  0.5400898152
    2   15.994915     0.0000000000  0.0000000000 -0.0680611373
    3    1.007825     0.0000000000  0.7502176446  0.5400898152


 QUADRATIC FORCE CONSTANTS IN MDYN/A, MDYN/RAD, OR MDYN*A/RAD**2

    1  1  0.715031    1  2  0.032863    1  3  0.000000
    2  1  0.032863    2  2  8.681765    2  3  0.000000
    3  1  0.000000    3  2  0.000000    3  3  9.016244



 LOWEST EIGENVALUES OF THE G MATRIX

    1.036048    1.067692    2.292856



 VIBRATIONAL FREQUENCIES (CM-1) AND EIGENVECTORS


 ----------------------------------------
                1         2         3
 COORDINATE    1667.936    3907.303    4042.132
 ----------------------------------------
      1      1.5141819878  0.0104267422  0.0000000000
      2     -0.0070089049  1.0178401916  0.0000000000
      3      0.0000000000  0.0000000000  1.0332916174
 ----------------------------------------





 TOTAL ENERGY DISTRIBUTIONS (%)


 ----------------------------------------
                1         2         3
 COORDINATE  1667.936  3907.303  4042.132
 ----------------------------------------
      1      99.99526   0.00474   0.00000
      2       0.00474  99.99526   0.00000
      3       0.00000   0.00000 100.00000
 ----------------------------------------





 VIBRATIONAL ASSIGNMENTS


   MODE    CM-1                 DOMINANT COMPONENTS OF TED

     1    1667.9      1 (100.0)
     2    3907.3      2 (100.0)
     3    4042.1      3 (100.0)


 NORMAL MODE ANALYSIS IN CARTESIAN COORDINATES


 NUCLEAR CARTESIAN COORDINATES (ANG.) AND MASSES

  ATOM    MASS             X             Y             Z

    1    1.007825     0.0000000000 -0.7502176446  0.5400898152
    2   15.994915     0.0000000000  0.0000000000 -0.0680611373
    3    1.007825     0.0000000000  0.7502176446  0.5400898152


 QUADRATIC FORCE CONSTANTS IN HARTREE/BOHR**2

    1  1 -0.002893    1  2  0.000000    1  3  0.000000    1  4  0.004079    1  5  0.000000    1  6  0.000000
    1  7 -0.001186    1  8  0.000000    1  9  0.000000
    2  1  0.000000    2  2  0.384335    2  3 -0.246903    2  4  0.000000    2  5 -0.351988    2  6  0.213716
    2  7  0.000000    2  8 -0.032347    2  9  0.033187
    3  1  0.000000    3  2 -0.246903    3  3  0.230090    3  4  0.000000    3  5  0.280090    3  6 -0.241294
    3  7  0.000000    3  8 -0.033187    3  9  0.011204
    4  1  0.004079    4  2  0.000000    4  3  0.000000    4  4 -0.008157    4  5  0.000000    4  6  0.000000
    4  7  0.004079    4  8  0.000000    4  9  0.000000
    5  1  0.000000    5  2 -0.351988    5  3  0.280090    5  4  0.000000    5  5  0.703975    5  6  0.000000
    5  7  0.000000    5  8 -0.351988    5  9 -0.280090
    6  1  0.000000    6  2  0.213716    6  3 -0.241294    6  4  0.000000    6  5  0.000000    6  6  0.482588
    6  7  0.000000    6  8 -0.213716    6  9 -0.241294
    7  1 -0.001186    7  2  0.000000    7  3  0.000000    7  4  0.004079    7  5  0.000000    7  6  0.000000
    7  7 -0.002893    7  8  0.000000    7  9  0.000000
    8  1  0.000000    8  2 -0.032347    8  3 -0.033187    8  4  0.000000    8  5 -0.351988    8  6 -0.213716
    8  7  0.000000    8  8  0.384335    8  9  0.246903
    9  1  0.000000    9  2  0.033187    9  3  0.011204    9  4  0.000000    9  5 -0.280090    9  6 -0.241294
    9  7  0.000000    9  8  0.246903    9  9  0.230090



 ZERO FREQUENCIES (CM-1)

     -0.0210      0.0000      0.0210



 VIBRATIONAL FREQUENCIES (CM-1) AND EIGENVECTORS


 ----------------------------------------------------------------------
                1         2         3         4         5         6
 COORDINATE    -347.014    -259.132    -211.587    1667.936    3907.303    4024.693
 ----------------------------------------------------------------------
      1      0.6637732376  0.0000000000 -0.7043563570  0.0000000000 -0.0000000000  0.0000000000
      2     -0.0000000000  0.3965842720  0.0000000000 -0.4153703069  0.5688456607 -0.5322742033
      3     -0.0000000000  0.5648174670  0.0000000000 -0.5360703033 -0.3914377867  0.4208314467
      4     -0.0836474921 -0.0000000000 -0.0000000000 -0.0000000000  0.0000000000 -0.0000000000
      5      0.0000000000 -0.0499768244 -0.0000000000  0.0000000000  0.0000000000  0.0670762238
      6     -0.0000000000 -0.0000000000 -0.0000000000  0.0675546014  0.0493282755 -0.0000000000
      7      0.6637732376 -0.0000000000  0.7043563570  0.0000000000  0.0000000000 -0.0000000000
      8     -0.0000000000  0.3965842720  0.0000000000  0.4153703069 -0.5688456607 -0.5322742033
      9      0.0000000000 -0.5648174670 -0.0000000000 -0.5360703033 -0.3914377867 -0.4208314467
 ----------------------------------------------------------------------





   MODE    CM-1

     1    -347.0
     2    -259.1
     3    -211.6
     4    1667.9
     5    3907.3
     6    4024.7
